IQ-TREE multicore version 2.0.6 for Linux 64-bit built Jul 10 2020
Developed by Bui Quang Minh, Nguyen Lam Tung, Olga Chernomor,
Heiko Schmidt, Dominik Schrempf, Michael Woodhams.

Host:    cn046 (AVX2, FMA3, 125 GB RAM)
Command: iqtree2 -s mafft/OG0001823_nodup.aln -T 24 -B 1000 -m Q.plant+FO
Seed:    398828 (Using SPRNG - Scalable Parallel Random Number Generator)
Time:    Wed May 18 17:39:37 2022
Kernel:  AVX+FMA - 24 threads (24 CPU cores detected)

Reading alignment file mafft/OG0001823_nodup.aln ... Fasta format detected
Alignment most likely contains protein sequences
Alignment has 127 sequences with 766 columns, 593 distinct patterns
342 parsimony-informative, 104 singleton sites, 320 constant sites
                                       Gap/Ambiguity  Composition  p-value
   1  Arabidopsis_lyrata_XP_002866689.1       38.64%    passed    100.00%
   2  Arabidopsis_thaliana_NP_201381.1        38.64%    passed     99.99%
   3  Brassica_oleracea_XP_013619419.1        38.64%    passed    100.00%
   4  Brassica_rapa_XP_009130528.1            38.64%    passed    100.00%
   5  Eutrema_salsugineum_XP_006393985.1      38.64%    passed    100.00%
   6  Brassica_oleracea_XP_013627134.1        38.64%    passed    100.00%
   7  Brassica_rapa_XP_009150670.2            38.64%    passed    100.00%
   8  Capsella_rubella_XP_006280412.1         38.64%    passed    100.00%
   9  Brassica_oleracea_XP_013610113.1        38.64%    passed     99.99%
  10  Brassica_rapa_XP_009112200.2            38.64%    passed     99.99%
  11  Arabidopsis_lyrata_XP_020881551.1       34.86%    passed     99.98%
  12  Arabidopsis_thaliana_NP_190539.1        38.64%    passed     99.88%
  13  Brassica_oleracea_XP_013593400.1        39.16%    passed     99.95%
  14  Brassica_rapa_XP_009136516.1            38.64%    passed     99.92%
  15  Eutrema_salsugineum_XP_006404112.1      38.64%    passed     99.85%
  16  Brassica_oleracea_XP_013603583.1        38.64%    passed     99.89%
  17  Brassica_rapa_XP_009149709.1            38.64%    passed     99.99%
  18  Capsella_rubella_XP_006293030.1         38.64%    passed     99.80%
  19  Arabidopsis_lyrata_XP_020875639.1       38.77%    passed     99.99%
  20  Arabidopsis_thaliana_NP_195491.1        38.77%    passed     99.94%
  21  Capsella_rubella_XP_006282592.1         38.77%    passed     99.97%
  22  Brassica_oleracea_XP_013583494.1        38.77%    passed    100.00%
  23  Brassica_rapa_XP_009133375.1            38.77%    passed    100.00%
  24  Brassica_oleracea_XP_013626320.1        38.77%    passed    100.00%
  25  Brassica_rapa_XP_009109390.1            38.77%    passed     99.99%
  26  Eutrema_salsugineum_XP_006411853.1      38.77%    passed    100.00%
  27  Arabidopsis_lyrata_XP_020883029.1       33.94%    passed     89.76%
  28  Arabidopsis_thaliana_NP_179866.1        38.12%    passed     99.62%
  29  Capsella_rubella_XP_006294127.1         37.99%    passed     96.96%
  30  Brassica_oleracea_XP_013634609.1        38.12%    passed     99.97%
  31  Brassica_rapa_XP_009140397.1            38.12%    passed     99.95%
  32  Eutrema_salsugineum_XP_006404746.1      38.12%    passed     99.93%
  33  Carica_papaya_XP_021890496.1            39.16%    passed    100.00%
  34  Jatropha_curcas_XP_012079466.1          39.30%    passed    100.00%
  35  Manihot_esculenta_XP_021631337.1        26.11%    passed     56.78%
  36  Manihot_esculenta_XP_021633683.1        39.43%    passed    100.00%
  37  Populus_euphratica_XP_010999918.1       38.90%    passed     99.97%
  38  Populus_trichocarpa_XP_002320015.1      38.90%    passed     99.97%
  39  Populus_euphratica_XP_011031331.1       39.03%    passed     99.90%
  40  Populus_trichocarpa_XP_002310878.1      39.03%    passed     99.99%
  41  Citrus_sinensis_XP_006466414.1          38.77%    passed    100.00%
  42  Vitis_vinifera_XP_002269780.1           38.77%    passed     99.99%
  43  Vitis_vinifera_XP_003635576.1           38.77%    passed     99.99%
  44  Fragaria_vesca_XP_004288284.1           37.86%    passed     99.92%
  45  Malus_domestica_XP_008342238.2          38.25%    passed     99.70%
  46  Malus_domestica_XP_028950774.1          39.82%    passed     98.99%
  47  Pyrus_x_bretschneideri_NP_001289205.1   38.25%    passed     97.90%
  48  Pyrus_x_bretschneideri_XP_018499100.1   37.47%    passed     94.93%
  49  Malus_domestica_XP_028948422.1          38.25%    passed     99.97%
  50  Pyrus_x_bretschneideri_XP_009362620.1   38.25%    passed     99.96%
  51  Prunus_mume_XP_008236043.1              38.64%    passed    100.00%
  52  Prunus_persica_XP_020422189.1           38.64%    passed    100.00%
  53  Capsicum_annuum_XP_016562192.1          38.38%    passed     99.99%
  54  Solanum_lycopersicum_NP_001234026.2     38.77%    passed    100.00%
  55  Solanum_pennellii_XP_015065323.1        38.77%    passed    100.00%
  56  Solanum_tuberosum_XP_006363796.1        38.77%    passed     99.99%
  57  Nicotiana_attenuata_XP_019238781.1      38.25%    passed    100.00%
  58  Nicotiana_attenuata_XP_019250927.1      38.77%    passed     99.99%
  59  Solanum_lycopersicum_NP_001234160.2     38.51%    passed     99.99%
  60  Solanum_pennellii_XP_015069386.1        38.51%    passed     99.99%
  61  Solanum_tuberosum_XP_006362080.1        38.51%    passed     99.91%
  62  Nicotiana_attenuata_XP_019261586.1      39.03%    passed    100.00%
  63  Solanum_lycopersicum_NP_001234346.1     39.03%    passed    100.00%
  64  Solanum_pennellii_XP_015065486.1        39.16%    passed    100.00%
  65  Solanum_pennellii_XP_015065509.1        39.16%    passed    100.00%
  66  Solanum_tuberosum_XP_006364400.1        39.82%    passed    100.00%
  67  Solanum_tuberosum_XP_006364401.1        39.30%    passed    100.00%
  68  Solanum_pennellii_XP_015064764.1        73.37%    passed     83.67%
  69  Cucumis_melo_NP_001284463.1             37.21%    passed     99.95%
  70  Cucumis_sativus_NP_001295859.1          37.21%    passed     99.98%
  71  Cicer_arietinum_XP_004509049.1          37.73%    passed     99.83%
  72  Medicago_truncatula_XP_013457509.1      38.25%    passed     99.99%
  73  Glycine_max_XP_003525876.2              37.34%    passed     99.96%
  74  Glycine_max_XP_006600907.1              37.99%    passed    100.00%
  75  Phaseolus_vulgaris_XP_007155795.1       39.03%    passed    100.00%
  76  Cicer_arietinum_XP_004511804.1          37.08%    passed     99.38%
  77  Medicago_truncatula_XP_003611535.1      37.21%    passed     99.93%
  78  Glycine_max_XP_003517362.1              38.64%    passed    100.00%
  79  Glycine_max_XP_006590616.1              38.51%    passed    100.00%
  80  Phaseolus_vulgaris_XP_007156688.1       38.25%    passed    100.00%
  81  Helianthus_annuus_XP_021998499.1        38.38%    passed     99.74%
  82  Helianthus_annuus_XP_022010118.1        38.38%    passed     94.14%
  83  Helianthus_annuus_XP_022011397.1        38.38%    passed     93.59%
  84  Helianthus_annuus_XP_022011396.1        38.38%    passed     96.62%
  85  Helianthus_annuus_XP_022022501.1        38.90%    passed     99.94%
  86  Helianthus_annuus_XP_022034984.1        38.38%    passed     84.12%
  87  Cucumis_sativus_XP_004137286.1          42.30%    passed     99.63%
  88  Papaver_somniferum_XP_026382761.1       39.03%    passed     99.86%
  89  Papaver_somniferum_XP_026460434.1       39.03%    passed     99.88%
  90  Papaver_somniferum_XP_026431735.1       38.25%    passed     99.87%
  91  Arabidopsis_lyrata_XP_002872369.1       39.95%    passed     98.59%
  92  Arabidopsis_thaliana_NP_567330.1        39.95%    passed     97.12%
  93  Capsella_rubella_XP_006287707.1         39.95%    passed     99.01%
  94  Brassica_oleracea_XP_013626561.1        39.43%    passed     97.96%
  95  Brassica_rapa_XP_009134080.1            39.43%    passed     95.97%
  96  Eutrema_salsugineum_XP_006397339.1      39.43%    passed     98.49%
  97  Carica_papaya_XP_021892493.1            38.38%    passed     99.97%
  98  Citrus_sinensis_XP_006472343.1          39.43%    passed     97.38%
  99  Fragaria_vesca_XP_004292781.2           34.99%    passed     97.35%
 100  Fragaria_vesca_XP_011460284.1           39.82%    passed     90.69%
 101  Fragaria_vesca_XP_011461980.1           38.51%    passed     97.31%
 102  Malus_domestica_XP_008351961.2          39.95%    passed     99.58%
 103  Malus_domestica_XP_028951012.1          45.17%    passed     99.64%
 104  Pyrus_x_bretschneideri_XP_009361327.1   39.95%    passed     99.39%
 105  Malus_domestica_XP_008380117.2          40.08%    passed     99.29%
 106  Pyrus_x_bretschneideri_XP_009337159.1   39.95%    passed     98.19%
 107  Prunus_mume_XP_008220416.1              40.08%    passed     97.48%
 108  Prunus_persica_XP_007224106.1           40.08%    passed     99.09%
 109  Vitis_vinifera_XP_002283512.1           39.03%    passed     91.63%
 110  Jatropha_curcas_XP_012068151.1          39.43%    passed     92.88%
 111  Jatropha_curcas_XP_012068388.1          40.08%    passed     99.44%
 112  Manihot_esculenta_XP_021600095.1        39.03%    passed     98.99%
 113  Populus_euphratica_XP_011017063.1       40.21%    passed     88.33%
 114  Populus_trichocarpa_XP_024450900.1      40.21%    passed     99.12%
 115  Gossypium_hirsutum_XP_016684675.1       38.90%    passed     99.84%
 116  Gossypium_hirsutum_XP_016702453.1       43.99%    passed     99.54%
 117  Glycine_max_XP_003527744.1              40.86%    passed     92.30%
 118  Glycine_max_XP_014630524.1              50.91%    passed     97.86%
 119  Phaseolus_vulgaris_XP_007136793.1       40.47%    passed     81.25%
 120  Medicago_truncatula_XP_013461825.1      37.21%    passed     55.17%
 121  Capsicum_annuum_XP_016571494.1          38.64%    passed     71.89%
 122  Solanum_lycopersicum_NP_001234156.2     38.51%    passed     83.13%
 123  Solanum_pennellii_XP_015073120.1        38.51%    passed     85.63%
 124  Solanum_tuberosum_XP_006356827.1        38.12%    passed     70.21%
 125  Nicotiana_attenuata_XP_019229428.1      37.60%    passed     91.58%
 126  Helianthus_annuus_XP_021972027.2        40.21%    passed     58.61%
 127  Cucumis_melo_XP_016900038.1             50.13%    passed     83.27%
WARNING: 3 sequences contain more than 50% gaps/ambiguity
****  TOTAL                                   39.17%  0 sequences failed composition chi2 test (p-value<5%; df=19)

Create initial parsimony tree by phylogenetic likelihood library (PLL)... 0.073 seconds
Generating 1000 samples for ultrafast bootstrap (seed: 398828)...

NOTE: 14 MB RAM (0 GB) is required!
Estimate model parameters (epsilon = 0.100)
1. Initial log-likelihood: -27138.786
2. Current log-likelihood: -26315.287
3. Current log-likelihood: -26311.983
Optimal log-likelihood: -26311.948
Parameters optimization took 3 rounds (1.945 sec)
Computing ML distances based on estimated model parameters... 0.556 sec
Computing BIONJ tree...
0.008 seconds
Log-likelihood of BIONJ tree: -26346.754
--------------------------------------------------------------------
|             INITIALIZING CANDIDATE TREE SET                      |
--------------------------------------------------------------------
Generating 98 parsimony trees... 4.765 second
Computing log-likelihood of 98 initial trees ... 3.767 seconds
Current best score: -26309.717

Do NNI search on 20 best initial trees
Estimate model parameters (epsilon = 0.100)
BETTER TREE FOUND at iteration 1: -26284.543
Estimate model parameters (epsilon = 0.100)
BETTER TREE FOUND at iteration 6: -26282.728
Estimate model parameters (epsilon = 0.100)
BETTER TREE FOUND at iteration 8: -26277.824
Iteration 10 / LogL: -26286.677 / Time: 0h:0m:17s
Estimate model parameters (epsilon = 0.100)
BETTER TREE FOUND at iteration 14: -26274.966
Estimate model parameters (epsilon = 0.100)
BETTER TREE FOUND at iteration 16: -26271.453
Iteration 20 / LogL: -26299.474 / Time: 0h:0m:23s
Finish initializing candidate tree set (17)
Current best tree score: -26271.453 / CPU time: 21.357
Number of iterations: 20
--------------------------------------------------------------------
|               OPTIMIZING CANDIDATE TREE SET                      |
--------------------------------------------------------------------
Iteration 30 / LogL: -26298.314 / Time: 0h:0m:30s (0h:1m:31s left)
Iteration 40 / LogL: -26272.454 / Time: 0h:0m:37s (0h:1m:13s left)
Iteration 50 / LogL: -26273.400 / Time: 0h:0m:44s (0h:1m:0s left)
Log-likelihood cutoff on original alignment: -26348.425
Iteration 60 / LogL: -26271.488 / Time: 0h:0m:52s (0h:0m:49s left)
Iteration 70 / LogL: -26272.907 / Time: 0h:0m:59s (0h:0m:39s left)
Iteration 80 / LogL: -26410.458 / Time: 0h:1m:6s (0h:0m:30s left)
Iteration 90 / LogL: -26273.362 / Time: 0h:1m:13s (0h:0m:21s left)
Iteration 100 / LogL: -26272.608 / Time: 0h:1m:20s (0h:0m:13s left)
Log-likelihood cutoff on original alignment: -26337.842
NOTE: Bootstrap correlation coefficient of split occurrence frequencies: 1.000
Iteration 110 / LogL: -26271.463 / Time: 0h:1m:28s (0h:1m:12s left)
TREE SEARCH COMPLETED AFTER 117 ITERATIONS / Time: 0h:1m:32s

--------------------------------------------------------------------
|                    FINALIZING TREE SEARCH                        |
--------------------------------------------------------------------
Performs final model parameters optimization
Estimate model parameters (epsilon = 0.010)
1. Initial log-likelihood: -26271.453
Optimal log-likelihood: -26271.453
Parameters optimization took 1 rounds (0.078 sec)
BEST SCORE FOUND : -26271.453
Creating bootstrap support values...
Split supports printed to NEXUS file mafft/OG0001823_nodup.aln.splits.nex
Total tree length: 10.505

Total number of iterations: 117
CPU time used for tree search: 2025.284 sec (0h:33m:45s)
Wall-clock time used for tree search: 90.668 sec (0h:1m:30s)
Total CPU time used: 2077.172 sec (0h:34m:37s)
Total wall-clock time used: 93.268 sec (0h:1m:33s)

Computing bootstrap consensus tree...
Reading input file mafft/OG0001823_nodup.aln.splits.nex...
127 taxa and 495 splits.
Consensus tree written to mafft/OG0001823_nodup.aln.contree
Reading input trees file mafft/OG0001823_nodup.aln.contree
Log-likelihood of consensus tree: -26274.938

Analysis results written to: 
  IQ-TREE report:                mafft/OG0001823_nodup.aln.iqtree
  Maximum-likelihood tree:       mafft/OG0001823_nodup.aln.treefile
  Likelihood distances:          mafft/OG0001823_nodup.aln.mldist

Ultrafast bootstrap approximation results written to:
  Split support values:          mafft/OG0001823_nodup.aln.splits.nex
  Consensus tree:                mafft/OG0001823_nodup.aln.contree
  Screen log file:               mafft/OG0001823_nodup.aln.log

Date and Time: Wed May 18 17:41:10 2022
