IQ-TREE multicore version 2.0.6 for Linux 64-bit built Jul 10 2020
Developed by Bui Quang Minh, Nguyen Lam Tung, Olga Chernomor,
Heiko Schmidt, Dominik Schrempf, Michael Woodhams.

Host:    cn-mem (AVX2, FMA3, 3023 GB RAM)
Command: iqtree2 -s mafft/OG0001516_clean_align.out -T 24 -B 10000 -m MFP
Seed:    875541 (Using SPRNG - Scalable Parallel Random Number Generator)
Time:    Tue May  3 12:06:55 2022
Kernel:  AVX+FMA - 24 threads (144 CPU cores detected)

Reading alignment file mafft/OG0001516_clean_align.out ... Fasta format detected
Alignment most likely contains protein sequences
Alignment has 108 sequences with 1067 columns, 1017 distinct patterns
742 parsimony-informative, 131 singleton sites, 194 constant sites
                                       Gap/Ambiguity  Composition  p-value
   1  Arabidopsis_lyrata_XP_020879120.1       23.15%    passed     83.40%
   2  Arabidopsis_thaliana_NP_195993.1        23.06%    passed     78.46%
   3  Capsella_rubella_XP_023636205.1         23.24%    passed     86.96%
   4  Eutrema_salsugineum_XP_006398831.1      23.62%    passed     96.04%
   5  Brassica_oleracea_XP_013611348.1        24.27%    passed     95.61%
   6  Brassica_rapa_XP_033138477.1            25.30%    passed     97.05%
   7  Brassica_oleracea_XP_013629528.1        25.59%    passed     92.50%
   8  Brassica_rapa_XP_009130777.1            25.30%    passed     78.14%
   9  Capsicum_annuum_XP_016542893.1          20.99%    passed     58.86%
  10  Nicotiana_attenuata_XP_019250819.1      22.49%    passed     98.81%
  11  Solanum_lycopersicum_NP_001234454.1     21.56%    passed     95.29%
  12  Solanum_pennellii_XP_015088607.1        21.56%    passed     94.94%
  13  Solanum_pennellii_XP_015088608.1        33.18%    passed     79.02%
  14  Solanum_lycopersicum_XP_025888482.1     31.02%    passed     91.37%
  15  Solanum_tuberosum_XP_006341169.1        21.74%    passed     98.24%
  16  Capsicum_annuum_XP_016543193.1          28.77%    passed    100.00%
  17  Solanum_lycopersicum_NP_001234457.1     25.68%    passed     99.96%
  18  Solanum_lycopersicum_XP_010327683.1     25.96%    passed     99.93%
  19  Solanum_pennellii_XP_015088826.1        25.68%    passed    100.00%
  20  Solanum_pennellii_XP_027768306.1        25.96%    passed    100.00%
  21  Solanum_tuberosum_XP_006338940.1        25.77%    passed    100.00%
  22  Solanum_tuberosum_XP_015164653.1        26.05%    passed    100.00%
  23  Solanum_tuberosum_XP_006338943.1        31.12%    passed     99.96%
  24  Capsicum_annuum_XP_016543467.1          22.12%    passed     99.94%
  25  Capsicum_annuum_XP_016543468.1          22.49%    passed     99.96%
  26  Capsicum_annuum_XP_016543470.1          22.77%    passed     99.97%
  27  Solanum_lycopersicum_NP_001234330.1     22.31%    passed    100.00%
  28  Solanum_lycopersicum_XP_010327687.1     22.31%    passed    100.00%
  29  Solanum_lycopersicum_XP_010327688.1     22.59%    passed    100.00%
  30  Solanum_pennellii_XP_015055777.1        22.31%    passed     99.99%
  31  Solanum_pennellii_XP_015055781.1        22.59%    passed     99.99%
  32  Solanum_tuberosum_XP_006339115.1        22.31%    passed     99.95%
  33  Nicotiana_attenuata_XP_019229094.1      25.02%    passed     99.49%
  34  Nicotiana_attenuata_XP_019229095.1      25.21%    passed     99.62%
  35  Carica_papaya_XP_021908636.1            32.71%    passed     98.68%
  36  Jatropha_curcas_XP_012072957.1          18.93%    passed     99.48%
  37  Citrus_sinensis_XP_006481892.1          18.65%    passed     98.72%
  38  Populus_euphratica_XP_011018885.1       18.46%    passed     99.38%
  39  Populus_euphratica_XP_011018886.1       23.34%    passed     99.98%
  40  Populus_euphratica_XP_011018888.1       25.40%    passed     99.98%
  41  Populus_euphratica_XP_011018887.1       23.99%    passed     99.93%
  42  Populus_trichocarpa_XP_006381314.2      23.06%    passed     99.96%
  43  Populus_trichocarpa_XP_006373932.2      19.68%    passed     99.67%
  44  Populus_trichocarpa_XP_024443648.1      20.90%    passed     99.70%
  45  Populus_trichocarpa_XP_024443653.1      24.93%    passed     97.99%
  46  Gossypium_hirsutum_XP_016707439.1       20.24%    passed     99.56%
  47  Fragaria_vesca_XP_004303028.1           20.81%    passed     99.79%
  48  Malus_domestica_NP_001280804.1          20.99%    passed     98.69%
  49  Pyrus_x_bretschneideri_XP_009365324.1   20.99%    passed     99.52%
  50  Pyrus_x_bretschneideri_XP_009365325.1   24.18%    passed     97.59%
  51  Prunus_mume_XP_008241294.1              20.99%    passed     99.77%
  52  Prunus_persica_XP_020424046.1           20.99%    passed     99.46%
  53  Malus_domestica_XP_028948301.1          23.71%    passed     99.61%
  54  Malus_domestica_XP_028948303.1          26.90%    passed     98.63%
  55  Malus_domestica_XP_028948302.1          26.90%    passed     99.68%
  56  Pyrus_x_bretschneideri_XP_009353002.1   23.52%    passed     99.89%
  57  Pyrus_x_bretschneideri_XP_009353003.1   26.71%    passed     99.73%
  58  Pyrus_x_bretschneideri_XP_009353004.1   33.93%    passed     98.45%
  59  Vitis_vinifera_XP_010654038.1           19.59%    passed     89.77%
  60  Vitis_vinifera_XP_019077222.1           34.96%    passed     48.86%
  61  Cicer_arietinum_XP_004497601.1          20.62%    passed    100.00%
  62  Cicer_arietinum_XP_012570367.1          26.90%    passed    100.00%
  63  Medicago_truncatula_XP_013468066.1      22.31%    passed     99.17%
  64  Glycine_max_XP_003542535.1              21.65%    passed     98.55%
  65  Glycine_max_XP_006588824.1              21.65%    passed     99.61%
  66  Phaseolus_vulgaris_XP_007145256.1       21.65%    passed     99.90%
  67  Glycine_max_XP_006577055.1              24.09%    passed     98.77%
  68  Glycine_max_XP_006604618.1              24.27%    passed     99.80%
  69  Phaseolus_vulgaris_XP_007162854.1       23.43%    passed     98.66%
  70  Cicer_arietinum_XP_027189454.1          47.42%    passed     45.75%
  71  Glycine_max_XP_014623204.1              38.14%    passed     85.35%
  72  Glycine_max_XP_014623210.1              41.52%    passed     71.53%
  73  Phaseolus_vulgaris_XP_007145521.1       77.41%    passed     92.00%
  74  Medicago_truncatula_XP_003590258.2      36.27%    passed     68.03%
  75  Medicago_truncatula_XP_024631703.1      36.55%    passed     66.32%
  76  Medicago_truncatula_XP_024631706.1      40.30%    passed     57.66%
  77  Phaseolus_vulgaris_XP_007145522.1       60.92%    passed     94.64%
  78  Vitis_vinifera_XP_010658698.1           28.96%    passed     73.11%
  79  Helianthus_annuus_XP_021970846.1        19.87%    passed     99.36%
  80  Cucumis_melo_NP_001284436.1             18.46%    passed     99.92%
  81  Cucumis_sativus_XP_004137870.1          18.46%    passed     98.87%
  82  Cucumis_melo_XP_016902897.1             20.15%    passed     99.29%
  83  Cucumis_sativus_NP_001292710.1          20.15%    passed     99.31%
  84  Cucumis_sativus_XP_004143303.1          20.15%    passed     98.52%
  85  Papaver_somniferum_XP_026414049.1       22.59%    passed     98.82%
  86  Papaver_somniferum_XP_026425732.1       23.90%    passed     99.95%
  87  Jatropha_curcas_XP_012089932.1          31.40%    passed     68.52%
  88  Manihot_esculenta_XP_021625576.1        33.08%    passed     42.87%
  89  Manihot_esculenta_XP_021625577.1        39.36%    passed     33.26%
  90  Populus_euphratica_XP_011024257.1       32.43%    passed     64.70%
  91  Populus_euphratica_XP_011024258.1       40.86%    passed     36.44%
  92  Populus_euphratica_XP_011024259.1       45.83%    passed     64.80%
  93  Populus_trichocarpa_XP_002316514.3      32.05%    passed     68.26%
  94  Populus_trichocarpa_XP_024466235.1      29.99%    passed     57.50%
  95  Populus_trichocarpa_XP_024466237.1      40.49%    passed     29.31%
  96  Populus_trichocarpa_XP_024466236.1      32.61%    passed     81.75%
  97  Populus_trichocarpa_XP_024466238.1      45.45%    passed     54.45%
  98  Populus_euphratica_XP_011032806.1       36.36%    passed     82.66%
  99  Populus_euphratica_XP_011032808.1       48.45%    passed     67.72%
 100  Populus_trichocarpa_XP_024462917.1      36.36%    passed     86.63%
 101  Populus_trichocarpa_XP_024462919.1      48.45%    passed     67.57%
 102  Gossypium_hirsutum_XP_016685965.1       30.08%    passed     13.87%
 103  Citrus_sinensis_XP_006492182.1          30.93%    passed     68.68%
 104  Citrus_sinensis_XP_006492184.1          44.70%    passed     26.58%
 105  Carica_papaya_XP_021890586.1            37.21%    passed     88.08%
 106  Carica_papaya_XP_021890587.1            40.77%    passed     47.83%
 107  Capsicum_annuum_XP_016546467.1          56.79%    failed      4.38%
 108  Capsicum_annuum_XP_016558451.1          84.63%    failed      0.00%
WARNING: 4 sequences contain more than 50% gaps/ambiguity
****  TOTAL                                   28.93%  2 sequences failed composition chi2 test (p-value<5%; df=19)


Create initial parsimony tree by phylogenetic likelihood library (PLL)... 0.072 seconds
Perform fast likelihood tree search using LG+I+G model...
Estimate model parameters (epsilon = 5.000)
Perform nearest neighbor interchange...
Estimate model parameters (epsilon = 1.000)
1. Initial log-likelihood: -34815.322
Optimal log-likelihood: -34815.257
Proportion of invariable sites: 0.045
Gamma shape alpha: 1.016
Parameters optimization took 1 rounds (0.146 sec)
Time for fast ML tree search: 2.060 seconds

NOTE: ModelFinder requires 213 MB RAM!
ModelFinder will test up to 546 protein models (sample size: 1067) ...
 No. Model         -LnL         df  AIC          AICc         BIC
  1  LG            36449.457    213 73324.914    73431.789    74384.079
  2  LG+I          36040.032    214 72508.063    72616.068    73572.201
  3  LG+G4         34822.874    214 70073.748    70181.752    71137.885
  4  LG+I+G4       34815.303    215 70060.606    70169.748    71129.716
  5  LG+R2         35014.016    215 70458.032    70567.174    71527.142
  6  LG+R3         34832.945    217 70099.890    70211.329    71178.945
  7  LG+R4         34796.748    219 70031.495    70145.261    71120.496
  8  LG+R5         34794.265    221 70030.529    70146.652    71129.475
 17  LG+F+I+G4     34679.527    234 69827.053    69959.241    70990.643
 20  LG+F+R4       34661.546    238 69799.093    69936.489    70982.573
 21  LG+F+R5       34659.992    240 69799.984    69940.032    70993.409
 30  WAG+I+G4      34611.104    215 69652.209    69761.351    70721.319
 33  WAG+R4        34596.665    219 69631.331    69745.097    70720.331
 34  WAG+R5        34591.274    221 69624.549    69740.672    70723.495
 43  WAG+F+I+G4    34535.561    234 69539.122    69671.310    70702.712
 46  WAG+F+R4      34523.946    238 69523.892    69661.288    70707.372
 47  WAG+F+R5      34518.140    240 69516.279    69656.327    70709.705
 56  JTT+I+G4      34012.724    215 68455.449    68564.591    69524.559
 59  JTT+R4        33989.899    219 68417.798    68531.565    69506.799
 60  JTT+R5        33988.252    221 68418.504    68534.627    69517.450
 69  JTT+F+I+G4    34012.630    234 68493.259    68625.447    69656.849
 72  JTT+F+R4      33991.644    238 68459.288    68596.684    69642.768
 73  JTT+F+R5      33988.357    240 68456.714    68596.762    69650.139
 82  JTTDCMut+I+G4 34036.651    215 68503.301    68612.444    69572.412
 85  JTTDCMut+R4   34014.104    219 68466.208    68579.975    69555.209
 86  JTTDCMut+R5   34012.543    221 68467.086    68583.209    69566.032
 95  JTTDCMut+F+I+G4 34033.844    234 68535.689    68667.876    69699.279
 98  JTTDCMut+F+R4 34013.383    238 68502.767    68640.163    69686.247
 99  JTTDCMut+F+R5 34009.982    240 68499.964    68640.012    69693.389
108  DCMut+I+G4    34839.411    215 70108.822    70217.964    71177.932
111  DCMut+R4      34825.684    219 70089.369    70203.135    71178.369
112  DCMut+R5      34820.298    221 70082.595    70198.718    71181.541
121  DCMut+F+I+G4  34741.690    234 69951.379    70083.567    71114.969
124  DCMut+F+R4    34731.787    238 69939.574    70076.971    71123.055
125  DCMut+F+R5    34725.444    240 69930.889    70070.937    71124.314
134  VT+I+G4       34583.797    215 69597.593    69706.735    70666.704
137  VT+R4         34564.613    219 69567.225    69680.992    70656.226
138  VT+R5         34563.694    221 69569.388    69685.511    70668.334
147  VT+F+I+G4     34531.983    234 69531.966    69664.154    70695.556
150  VT+F+R4       34515.423    238 69506.846    69644.242    70690.326
151  VT+F+R5       34514.925    240 69509.850    69649.898    70703.275
160  PMB+I+G4      35075.576    215 70581.151    70690.293    71650.262
163  PMB+R4        35060.603    219 70559.206    70672.973    71648.207
164  PMB+R5        35055.735    221 70553.470    70669.593    71652.416
173  PMB+F+I+G4    35067.795    234 70603.591    70735.778    71767.181
176  PMB+F+R4      35054.381    238 70584.761    70722.157    71768.242
177  PMB+F+R5      35054.239    240 70588.479    70728.527    71781.904
186  Blosum62+I+G4 35253.443    215 70936.886    71046.028    72005.996
189  Blosum62+R4   35235.978    219 70909.956    71023.722    71998.957
190  Blosum62+R5   35235.111    221 70912.221    71028.344    72011.167
199  Blosum62+F+I+G4 35184.707    234 70837.415    70969.602    72001.005
202  Blosum62+F+R4 35169.769    238 70815.538    70952.934    71999.019
203  Blosum62+F+R5 35169.523    240 70819.046    70959.095    72012.472
212  Dayhoff+I+G4  34837.662    215 70105.325    70214.467    71174.435
215  Dayhoff+R4    34823.873    219 70085.746    70199.512    71174.747
216  Dayhoff+R5    34818.528    221 70079.057    70195.180    71178.003
225  Dayhoff+F+I+G4 34740.514    234 69949.027    70081.215    71112.617
228  Dayhoff+F+R4  34730.544    238 69937.089    70074.485    71120.569
229  Dayhoff+F+R5  34724.203    240 69928.406    70068.454    71121.831
238  mtREV+I+G4    35677.983    215 71785.967    71895.109    72855.077
241  mtREV+R4      35666.399    219 71770.798    71884.564    72859.799
242  mtREV+R5      35654.281    221 71750.562    71866.685    72849.508
251  mtREV+F+I+G4  34736.896    234 69941.791    70073.979    71105.381
254  mtREV+F+R4    34719.977    238 69915.953    70053.349    71099.433
255  mtREV+F+R5    34711.428    240 69902.856    70042.904    71096.281
264  mtART+I+G4    36583.819    215 73597.638    73706.780    74666.748
267  mtART+R4      36596.244    219 73630.488    73744.254    74719.489
268  mtART+R5      36590.724    221 73623.448    73739.571    74722.394
277  mtART+F+I+G4  35790.746    234 72049.492    72181.680    73213.082
280  mtART+F+R4    35790.206    238 72056.411    72193.807    73239.891
281  mtART+F+R5    35785.736    240 72051.473    72191.521    73244.898
290  mtZOA+I+G4    35563.426    215 71556.851    71665.993    72625.962
293  mtZOA+R4      35557.329    219 71552.657    71666.423    72641.658
294  mtZOA+R5      35547.020    221 71536.041    71652.164    72634.987
303  mtZOA+F+I+G4  35084.104    234 70636.208    70768.396    71799.798
306  mtZOA+F+R4    35074.225    238 70624.449    70761.845    71807.930
307  mtZOA+F+R5    35069.432    240 70618.863    70758.912    71812.289
316  mtMet+I+G4    35249.640    215 70929.281    71038.423    71998.391
319  mtMet+R4      35233.244    219 70904.488    71018.254    71993.489
320  mtMet+R5      35226.961    221 70895.921    71012.044    71994.867
329  mtMet+F+I+G4  34374.364    234 69216.728    69348.916    70380.318
332  mtMet+F+R4    34359.167    238 69194.333    69331.729    70377.813
333  mtMet+F+R5    34355.477    240 69190.954    69331.002    70384.379
342  mtVer+I+G4    35464.255    215 71358.510    71467.652    72427.620
345  mtVer+R4      35450.882    219 71339.763    71453.530    72428.764
346  mtVer+R5      35440.981    221 71323.962    71440.085    72422.908
355  mtVer+F+I+G4  34624.350    234 69716.700    69848.888    70880.290
358  mtVer+F+R4    34612.673    238 69701.347    69838.743    70884.827
359  mtVer+F+R5    34605.908    240 69691.816    69831.865    70885.242
368  mtInv+I+G4    35585.974    215 71601.947    71711.090    72671.058
371  mtInv+R4      35569.172    219 71576.344    71690.110    72665.344
372  mtInv+R5      35563.157    221 71568.313    71684.436    72667.259
381  mtInv+F+I+G4  34475.185    234 69418.369    69550.557    70581.959
384  mtInv+F+R4    34459.644    238 69395.289    69532.685    70578.769
385  mtInv+F+R5    34458.770    240 69397.541    69537.589    70590.966
394  mtMAM+I+G4    36154.161    215 72738.322    72847.464    73807.432
397  mtMAM+R4      36159.956    219 72757.913    72871.679    73846.913
398  mtMAM+R5      36144.217    221 72730.434    72846.557    73829.380
407  mtMAM+F+I+G4  35140.031    234 70748.061    70880.249    71911.651
410  mtMAM+F+R4    35127.310    238 70730.620    70868.016    71914.100
411  mtMAM+F+R5    35121.714    240 70723.428    70863.477    71916.854
420  HIVb+I+G4     34483.126    215 69396.252    69505.394    70465.363
423  HIVb+R4       34462.780    219 69363.560    69477.326    70452.560
424  HIVb+R5       34454.900    221 69351.800    69467.923    70450.746
433  HIVb+F+I+G4   34256.371    234 68980.741    69112.929    70144.331
436  HIVb+F+R4     34239.750    238 68955.500    69092.896    70138.980
437  HIVb+F+R5     34228.854    240 68937.707    69077.756    70131.133
446  HIVw+I+G4     35455.144    215 71340.287    71449.429    72409.397
449  HIVw+R4       35441.286    219 71320.572    71434.339    72409.573
450  HIVw+R5       35436.558    221 71315.116    71431.239    72414.062
459  HIVw+F+I+G4   35076.506    234 70621.012    70753.200    71784.602
462  HIVw+F+R4     35054.822    238 70585.644    70723.040    71769.124
463  HIVw+F+R5     35049.825    240 70579.651    70719.699    71773.076
472  FLU+I+G4      34659.093    215 69748.186    69857.328    70817.296
475  FLU+R4        34645.186    219 69728.373    69842.139    70817.374
476  FLU+R5        34639.603    221 69721.206    69837.329    70820.152
485  FLU+F+I+G4    34524.333    234 69516.666    69648.854    70680.256
488  FLU+F+R4      34513.049    238 69502.098    69639.494    70685.578
489  FLU+F+R5      34506.423    240 69492.846    69632.895    70686.272
498  rtREV+I+G4    35377.443    215 71184.887    71294.029    72253.997
501  rtREV+R4      35355.789    219 71149.579    71263.345    72238.580
502  rtREV+R5      35354.889    221 71151.777    71267.900    72250.723
511  rtREV+F+I+G4  35034.870    234 70537.740    70669.928    71701.330
514  rtREV+F+R4    35015.612    238 70507.224    70644.620    71690.704
515  rtREV+F+R5    35013.518    240 70507.036    70647.084    71700.461
524  cpREV+I+G4    34656.620    215 69743.240    69852.382    70812.350
527  cpREV+R4      34649.534    219 69737.068    69850.834    70826.069
528  cpREV+R5      34645.814    221 69733.629    69849.752    70832.575
537  cpREV+F+I+G4  34698.757    234 69865.515    69997.702    71029.105
540  cpREV+F+R4    34693.477    238 69862.954    70000.350    71046.434
541  cpREV+F+R5    34687.312    240 69854.625    69994.673    71048.050
Akaike Information Criterion:           JTT+R4
Corrected Akaike Information Criterion: JTT+R4
Bayesian Information Criterion:         JTT+R4
Best-fit model: JTT+R4 chosen according to BIC

All model information printed to mafft/OG0001516_clean_align.out.model.gz
CPU time for ModelFinder: 14103.444 seconds (3h:55m:3s)
Wall-clock time for ModelFinder: 596.769 seconds (0h:9m:56s)
Generating 10000 samples for ultrafast bootstrap (seed: 875541)...

NOTE: 109 MB RAM (0 GB) is required!
Estimate model parameters (epsilon = 0.100)
1. Initial log-likelihood: -33989.899
Optimal log-likelihood: -33989.843
Site proportion and rates:  (0.281,0.111) (0.299,0.610) (0.319,1.508) (0.101,3.020)
Parameters optimization took 1 rounds (0.383 sec)
Computing ML distances based on estimated model parameters... 1.739 sec
Computing BIONJ tree...
0.009 seconds
Log-likelihood of BIONJ tree: -34102.494
--------------------------------------------------------------------
|             INITIALIZING CANDIDATE TREE SET                      |
--------------------------------------------------------------------
Generating 98 parsimony trees... 7.395 second
Computing log-likelihood of 98 initial trees ... 6.107 seconds
Current best score: -33989.843

Do NNI search on 20 best initial trees
Estimate model parameters (epsilon = 0.100)
BETTER TREE FOUND at iteration 1: -33988.093
Estimate model parameters (epsilon = 0.100)
UPDATE BEST LOG-LIKELIHOOD: -33988.012
Iteration 10 / LogL: -33988.383 / Time: 0h:0m:36s
Estimate model parameters (epsilon = 0.100)
UPDATE BEST LOG-LIKELIHOOD: -33987.926
BETTER TREE FOUND at iteration 17: -33987.918
UPDATE BEST LOG-LIKELIHOOD: -33987.914
Iteration 20 / LogL: -33987.914 / Time: 0h:1m:1s
Finish initializing candidate tree set (3)
Current best tree score: -33987.914 / CPU time: 60.779
Number of iterations: 20
--------------------------------------------------------------------
|               OPTIMIZING CANDIDATE TREE SET                      |
--------------------------------------------------------------------
Estimate model parameters (epsilon = 0.100)
BETTER TREE FOUND at iteration 22: -33987.507
Estimate model parameters (epsilon = 0.100)
UPDATE BEST LOG-LIKELIHOOD: -33987.394
Iteration 30 / LogL: -33991.396 / Time: 0h:1m:28s (0h:4m:39s left)
Iteration 40 / LogL: -33988.388 / Time: 0h:1m:52s (0h:3m:57s left)
Estimate model parameters (epsilon = 0.100)
BETTER TREE FOUND at iteration 48: -33987.336
Iteration 50 / LogL: -33988.385 / Time: 0h:2m:16s (0h:4m:33s left)
Log-likelihood cutoff on original alignment: -34032.026
Estimate model parameters (epsilon = 0.100)
BETTER TREE FOUND at iteration 58: -33987.274
Iteration 60 / LogL: -34016.183 / Time: 0h:2m:46s (0h:4m:36s left)
BETTER TREE FOUND at iteration 61: -33987.265
Estimate model parameters (epsilon = 0.100)
UPDATE BEST LOG-LIKELIHOOD: -33987.155
Iteration 70 / LogL: -33987.274 / Time: 0h:3m:11s (0h:4m:12s left)
Estimate model parameters (epsilon = 0.100)
UPDATE BEST LOG-LIKELIHOOD: -33987.095
Iteration 80 / LogL: -33987.432 / Time: 0h:3m:35s (0h:3m:41s left)
Iteration 90 / LogL: -33988.404 / Time: 0h:3m:59s (0h:3m:10s left)
Estimate model parameters (epsilon = 0.100)
UPDATE BEST LOG-LIKELIHOOD: -33987.052
Estimate model parameters (epsilon = 0.100)
UPDATE BEST LOG-LIKELIHOOD: -33987.013
Iteration 100 / LogL: -33987.310 / Time: 0h:4m:23s (0h:2m:42s left)
Log-likelihood cutoff on original alignment: -34032.828
NOTE: Bootstrap correlation coefficient of split occurrence frequencies: 0.994
Estimate model parameters (epsilon = 0.100)
UPDATE BEST LOG-LIKELIHOOD: -33986.992
Iteration 110 / LogL: -33996.248 / Time: 0h:4m:49s (0h:3m:59s left)
Iteration 120 / LogL: -34030.580 / Time: 0h:5m:11s (0h:3m:29s left)
Iteration 130 / LogL: -33987.365 / Time: 0h:5m:34s (0h:3m:1s left)
Iteration 140 / LogL: -33987.167 / Time: 0h:5m:55s (0h:2m:33s left)
Iteration 150 / LogL: -33987.030 / Time: 0h:6m:18s (0h:2m:7s left)
Log-likelihood cutoff on original alignment: -34032.828
Iteration 160 / LogL: -33987.373 / Time: 0h:6m:43s (0h:1m:41s left)
TREE SEARCH COMPLETED AFTER 162 ITERATIONS / Time: 0h:6m:48s

--------------------------------------------------------------------
|                    FINALIZING TREE SEARCH                        |
--------------------------------------------------------------------
Performs final model parameters optimization
Estimate model parameters (epsilon = 0.010)
1. Initial log-likelihood: -33986.992
Optimal log-likelihood: -33986.990
Site proportion and rates:  (0.285,0.114) (0.305,0.624) (0.326,1.559) (0.084,3.196)
Parameters optimization took 1 rounds (0.184 sec)
BEST SCORE FOUND : -33986.990
Creating bootstrap support values...
Split supports printed to NEXUS file mafft/OG0001516_clean_align.out.splits.nex
Total tree length: 15.628

Total number of iterations: 162
CPU time used for tree search: 8997.349 sec (2h:29m:57s)
Wall-clock time used for tree search: 407.119 sec (0h:6m:47s)
Total CPU time used: 9029.476 sec (2h:30m:29s)
Total wall-clock time used: 413.130 sec (0h:6m:53s)

Computing bootstrap consensus tree...
Reading input file mafft/OG0001516_clean_align.out.splits.nex...
108 taxa and 520 splits.
Consensus tree written to mafft/OG0001516_clean_align.out.contree
Reading input trees file mafft/OG0001516_clean_align.out.contree
Log-likelihood of consensus tree: -33987.459

Analysis results written to: 
  IQ-TREE report:                mafft/OG0001516_clean_align.out.iqtree
  Maximum-likelihood tree:       mafft/OG0001516_clean_align.out.treefile
  Likelihood distances:          mafft/OG0001516_clean_align.out.mldist

Ultrafast bootstrap approximation results written to:
  Split support values:          mafft/OG0001516_clean_align.out.splits.nex
  Consensus tree:                mafft/OG0001516_clean_align.out.contree
  Screen log file:               mafft/OG0001516_clean_align.out.log

Date and Time: Tue May  3 12:23:46 2022
