IQ-TREE multicore version 2.0.6 for Linux 64-bit built Jul 10 2020
Developed by Bui Quang Minh, Nguyen Lam Tung, Olga Chernomor,
Heiko Schmidt, Dominik Schrempf, Michael Woodhams.

Host:    cn046 (AVX2, FMA3, 125 GB RAM)
Command: iqtree2 -s mafft/OG0018870_nodup.aln -T 24 -B 1000 -m Q.plant+FO
Seed:    75249 (Using SPRNG - Scalable Parallel Random Number Generator)
Time:    Wed May 18 17:49:28 2022
Kernel:  AVX+FMA - 24 threads (24 CPU cores detected)

Reading alignment file mafft/OG0018870_nodup.aln ... Fasta format detected
Alignment most likely contains protein sequences
Alignment has 6 sequences with 666 columns, 212 distinct patterns
79 parsimony-informative, 97 singleton sites, 490 constant sites
                                     Gap/Ambiguity  Composition  p-value
   1  Arabidopsis_lyrata_XP_002892208.1      2.10%    passed    100.00%
   2  Arabidopsis_thaliana_NP_001323287.1    3.15%    passed    100.00%
   3  Capsella_rubella_XP_006306986.1        4.65%    passed    100.00%
   4  Eutrema_salsugineum_XP_006418141.1     1.05%    passed     99.99%
   5  Brassica_oleracea_XP_013638399.1       7.21%    passed    100.00%
   6  Brassica_rapa_XP_009119315.1           7.51%    passed    100.00%
****  TOTAL                                  4.28%  0 sequences failed composition chi2 test (p-value<5%; df=19)

Create initial parsimony tree by phylogenetic likelihood library (PLL)... 0.000 seconds
Generating 1000 samples for ultrafast bootstrap (seed: 75249)...

NOTE: 1 MB RAM (0 GB) is required!
WARNING: Number of threads seems too high for short alignments. Use -T AUTO to determine best number of threads.
Estimate model parameters (epsilon = 0.100)
1. Initial log-likelihood: -3327.448
2. Current log-likelihood: -3313.619
Optimal log-likelihood: -3313.552
Parameters optimization took 2 rounds (0.091 sec)
Computing ML distances based on estimated model parameters... 0.044 sec
Computing BIONJ tree...
0.000 seconds
Log-likelihood of BIONJ tree: -3313.552
--------------------------------------------------------------------
|             INITIALIZING CANDIDATE TREE SET                      |
--------------------------------------------------------------------
Generating 99 parsimony trees... 0.025 second
Computing log-likelihood of 6 initial trees ... 0.009 seconds
Current best score: -3313.552

Do NNI search on 7 best initial trees
Finish initializing candidate tree set (7)
Current best tree score: -3313.552 / CPU time: 0.099
Number of iterations: 7
--------------------------------------------------------------------
|               OPTIMIZING CANDIDATE TREE SET                      |
--------------------------------------------------------------------
UPDATE BEST LOG-LIKELIHOOD: -3313.552
Iteration 10 / LogL: -3313.552 / Time: 0h:0m:0s
Iteration 20 / LogL: -3313.554 / Time: 0h:0m:0s
Iteration 30 / LogL: -3313.857 / Time: 0h:0m:0s (0h:0m:1s left)
Iteration 40 / LogL: -3313.845 / Time: 0h:0m:0s (0h:0m:1s left)
Iteration 50 / LogL: -3313.559 / Time: 0h:0m:0s (0h:0m:0s left)
Log-likelihood cutoff on original alignment: -3357.343
UPDATE BEST LOG-LIKELIHOOD: -3313.552
Iteration 60 / LogL: -3313.899 / Time: 0h:0m:0s (0h:0m:0s left)
Iteration 70 / LogL: -3313.591 / Time: 0h:0m:1s (0h:0m:0s left)
Iteration 80 / LogL: -3313.554 / Time: 0h:0m:1s (0h:0m:0s left)
Iteration 90 / LogL: -3339.462 / Time: 0h:0m:1s (0h:0m:0s left)
Iteration 100 / LogL: -3313.557 / Time: 0h:0m:1s (0h:0m:0s left)
Log-likelihood cutoff on original alignment: -3357.331
NOTE: Bootstrap correlation coefficient of split occurrence frequencies: 1.000
TREE SEARCH COMPLETED AFTER 101 ITERATIONS / Time: 0h:0m:1s

--------------------------------------------------------------------
|                    FINALIZING TREE SEARCH                        |
--------------------------------------------------------------------
Performs final model parameters optimization
Estimate model parameters (epsilon = 0.010)
1. Initial log-likelihood: -3313.552
Optimal log-likelihood: -3313.552
Parameters optimization took 1 rounds (0.008 sec)
BEST SCORE FOUND : -3313.552
Creating bootstrap support values...
Split supports printed to NEXUS file mafft/OG0018870_nodup.aln.splits.nex
Total tree length: 0.382

Total number of iterations: 101
CPU time used for tree search: 28.724 sec (0h:0m:28s)
Wall-clock time used for tree search: 1.430 sec (0h:0m:1s)
Total CPU time used: 31.280 sec (0h:0m:31s)
Total wall-clock time used: 1.568 sec (0h:0m:1s)

Computing bootstrap consensus tree...
Reading input file mafft/OG0018870_nodup.aln.splits.nex...
6 taxa and 10 splits.
Consensus tree written to mafft/OG0018870_nodup.aln.contree
Reading input trees file mafft/OG0018870_nodup.aln.contree
Log-likelihood of consensus tree: -3313.552

Analysis results written to: 
  IQ-TREE report:                mafft/OG0018870_nodup.aln.iqtree
  Maximum-likelihood tree:       mafft/OG0018870_nodup.aln.treefile
  Likelihood distances:          mafft/OG0018870_nodup.aln.mldist

Ultrafast bootstrap approximation results written to:
  Split support values:          mafft/OG0018870_nodup.aln.splits.nex
  Consensus tree:                mafft/OG0018870_nodup.aln.contree
  Screen log file:               mafft/OG0018870_nodup.aln.log

Date and Time: Wed May 18 17:49:31 2022
