IQ-TREE multicore version 2.0.6 for Linux 64-bit built Jul 10 2020
Developed by Bui Quang Minh, Nguyen Lam Tung, Olga Chernomor,
Heiko Schmidt, Dominik Schrempf, Michael Woodhams.

Host:    cn-mem (AVX2, FMA3, 3023 GB RAM)
Command: iqtree2 -s mafft/OG0003596_clean_align.out -T 24 -B 10000 -m MFP
Seed:    676974 (Using SPRNG - Scalable Parallel Random Number Generator)
Time:    Tue May  3 13:01:24 2022
Kernel:  AVX+FMA - 24 threads (144 CPU cores detected)

Reading alignment file mafft/OG0003596_clean_align.out ... Fasta format detected
Alignment most likely contains protein sequences
Alignment has 90 sequences with 706 columns, 609 distinct patterns
480 parsimony-informative, 46 singleton sites, 180 constant sites
                                       Gap/Ambiguity  Composition  p-value
   1  Arabidopsis_lyrata_XP_002865872.1       29.89%    passed     91.64%
   2  Arabidopsis_lyrata_XP_020884717.1       33.85%    passed     83.39%
   3  Arabidopsis_thaliana_NP_001330155.1     47.31%    passed     64.06%
   4  Arabidopsis_thaliana_NP_199982.2        29.89%    passed     91.21%
   5  Capsella_rubella_XP_023636072.1         29.89%    passed     96.36%
   6  Eutrema_salsugineum_XP_024011619.1      28.90%    passed     85.95%
   7  Brassica_oleracea_XP_013621567.1        28.90%    passed     96.19%
   8  Brassica_oleracea_XP_013621568.1        29.32%    passed     96.01%
   9  Brassica_rapa_XP_009127276.1            29.18%    passed     91.37%
  10  Brassica_rapa_XP_009127280.1            29.60%    passed     91.78%
  11  Capsicum_annuum_XP_016564777.1          24.79%    passed     99.81%
  12  Solanum_lycopersicum_XP_004234155.1     24.22%    passed     98.07%
  13  Solanum_pennellii_XP_015070880.1        24.22%    passed     99.52%
  14  Solanum_tuberosum_XP_006348054.1        28.61%    passed     99.86%
  15  Nicotiana_attenuata_XP_019236061.1      23.94%    passed     99.40%
  16  Nicotiana_attenuata_XP_019236062.1      48.73%    passed     97.50%
  17  Vitis_vinifera_XP_002268932.2           23.80%    passed     96.90%
  18  Vitis_vinifera_XP_010662365.1           30.17%    passed     96.91%
  19  Carica_papaya_XP_021909254.1            28.90%    passed     97.21%
  20  Carica_papaya_XP_021909255.1            35.27%    passed     98.30%
  21  Citrus_sinensis_XP_006490258.1          29.04%    passed     98.32%
  22  Jatropha_curcas_XP_012090384.1          24.93%    passed     96.60%
  23  Jatropha_curcas_XP_037492284.1          25.07%    passed     95.52%
  24  Manihot_esculenta_XP_021592085.1        23.94%    passed     99.72%
  25  Manihot_esculenta_XP_021616259.1        24.36%    passed     99.73%
  26  Fragaria_vesca_XP_011470445.1           49.29%    passed     81.17%
  27  Malus_domestica_XP_008343708.1          28.33%    passed     94.15%
  28  Pyrus_x_bretschneideri_XP_009374544.1   28.33%    passed     97.51%
  29  Pyrus_x_bretschneideri_XP_018506959.1   38.53%    passed     98.64%
  30  Prunus_mume_XP_008234348.1              28.05%    passed     99.63%
  31  Prunus_mume_XP_016650302.1              25.07%    passed     99.33%
  32  Prunus_persica_XP_007219026.1           28.05%    passed     99.68%
  33  Cucumis_melo_XP_008439119.1             27.76%    passed     99.75%
  34  Cucumis_sativus_XP_004148155.1          27.76%    passed     99.76%
  35  Populus_euphratica_XP_011041679.1       23.80%    passed     99.24%
  36  Populus_trichocarpa_XP_024442625.1      23.80%    passed     99.44%
  37  Populus_trichocarpa_XP_024442627.1      46.18%    passed     78.51%
  38  Gossypium_hirsutum_XP_016720767.1       28.90%    passed     99.46%
  39  Gossypium_hirsutum_XP_016744516.1       28.90%    passed     98.58%
  40  Helianthus_annuus_XP_022029671.1        24.93%    passed     90.93%
  41  Cicer_arietinum_XP_004506280.1          23.94%    passed     92.85%
  42  Medicago_truncatula_XP_013452470.1      24.65%    passed     94.66%
  43  Glycine_max_XP_003533255.1              25.07%    passed     99.99%
  44  Glycine_max_XP_003549142.1              25.21%    passed    100.00%
  45  Phaseolus_vulgaris_XP_007152395.1       16.86%    passed     78.60%
  46  Capsicum_annuum_XP_016568455.1          22.38%    passed     97.75%
  47  Nicotiana_attenuata_XP_019242319.1      50.57%    passed     99.90%
  48  Nicotiana_attenuata_XP_019242320.1      50.99%    passed     99.77%
  49  Nicotiana_attenuata_XP_019252279.1      22.52%    passed     98.79%
  50  Nicotiana_attenuata_XP_019252280.1      22.95%    passed     98.61%
  51  Solanum_lycopersicum_XP_004245687.1     22.38%    passed     99.14%
  52  Solanum_lycopersicum_XP_010325446.1     19.12%    passed     99.79%
  53  Solanum_pennellii_XP_015084962.1        18.70%    passed     99.30%
  54  Solanum_pennellii_XP_015084964.1        21.95%    passed     97.60%
  55  Solanum_tuberosum_XP_006363709.1        22.10%    passed     97.87%
  56  Carica_papaya_XP_021901739.1            21.81%    passed     97.59%
  57  Gossypium_hirsutum_XP_016724623.1       23.09%    passed     99.44%
  58  Gossypium_hirsutum_XP_016733578.1       23.51%    passed     99.23%
  59  Fragaria_vesca_XP_004298716.1           24.22%    passed     97.01%
  60  Malus_domestica_XP_008373865.2          23.51%    passed     99.76%
  61  Pyrus_x_bretschneideri_XP_009373340.1   23.80%    passed     99.78%
  62  Prunus_mume_XP_008238682.1              23.51%    passed     98.65%
  63  Prunus_persica_XP_007209879.1           23.51%    passed     97.77%
  64  Vitis_vinifera_XP_002281504.4           24.50%    passed    100.00%
  65  Vitis_vinifera_XP_002281516.3           24.50%    passed    100.00%
  66  Jatropha_curcas_XP_012087062.2          22.10%    passed     99.79%
  67  Populus_euphratica_XP_011015431.1       21.95%    passed     97.13%
  68  Populus_euphratica_XP_011033857.1       21.95%    passed     96.96%
  69  Populus_trichocarpa_XP_002304448.1      21.95%    passed     94.92%
  70  Papaver_somniferum_XP_026380299.1       22.38%    passed     98.44%
  71  Papaver_somniferum_XP_026409612.1       21.95%    passed     97.30%
  72  Citrus_sinensis_XP_006477323.1          22.52%    passed     94.64%
  73  Helianthus_annuus_XP_022021405.1        25.21%    passed     63.51%
  74  Helianthus_annuus_XP_022021411.1        48.44%    passed     85.83%
  75  Cucumis_melo_XP_008437168.1             22.38%    passed     95.81%
  76  Cucumis_sativus_XP_004147561.1          22.38%    passed     97.20%
  77  Cicer_arietinum_XP_004511632.1          29.60%    passed     71.39%
  78  Medicago_truncatula_XP_003611203.1      29.75%    passed     65.39%
  79  Glycine_max_XP_003517444.1              28.90%    passed     20.91%
  80  Glycine_max_XP_003538521.1              29.04%    failed      4.11%
  81  Phaseolus_vulgaris_XP_007158426.1       29.89%    passed     37.23%
  82  Arabidopsis_lyrata_XP_002886443.1       21.10%    passed     85.02%
  83  Arabidopsis_thaliana_NP_564804.1        21.10%    passed     86.20%
  84  Capsella_rubella_XP_006302086.1         20.40%    passed     53.63%
  85  Eutrema_salsugineum_XP_006391802.1      21.39%    passed     96.74%
  86  Eutrema_salsugineum_XP_024015949.1      21.81%    passed     96.17%
  87  Brassica_oleracea_XP_013606155.1        23.37%    passed     89.57%
  88  Brassica_rapa_XP_009113033.2            23.09%    passed     95.33%
  89  Arabidopsis_lyrata_XP_002892690.2       23.80%    passed     98.14%
  90  Capsella_rubella_XP_023645062.1         27.76%    passed     99.45%
WARNING: 2 sequences contain more than 50% gaps/ambiguity
****  TOTAL                                   27.15%  1 sequences failed composition chi2 test (p-value<5%; df=19)


Create initial parsimony tree by phylogenetic likelihood library (PLL)... 0.048 seconds
Perform fast likelihood tree search using LG+I+G model...
Estimate model parameters (epsilon = 5.000)
Perform nearest neighbor interchange...
Estimate model parameters (epsilon = 1.000)
1. Initial log-likelihood: -22717.110
Optimal log-likelihood: -22717.018
Proportion of invariable sites: 0.063
Gamma shape alpha: 1.122
Parameters optimization took 1 rounds (0.094 sec)
Time for fast ML tree search: 1.178 seconds

NOTE: ModelFinder requires 111 MB RAM!
ModelFinder will test up to 546 protein models (sample size: 706) ...
 No. Model         -LnL         df  AIC          AICc         BIC
  1  LG            23740.606    177 47835.213    47954.553    48642.264
  2  LG+I          23476.967    178 47309.934    47430.852    48121.545
  3  LG+G4         22722.835    178 45801.670    45922.588    46613.281
  4  LG+I+G4       22717.002    179 45792.003    45914.513    46608.174
  5  LG+R2         22868.937    179 46095.875    46218.384    46912.046
  6  LG+R3         22739.033    181 45840.066    45965.799    46665.357
  7  LG+R4         22710.066    183 45786.132    45915.144    46620.542
  8  LG+R5         22703.575    185 45777.151    45909.497    46620.680
 16  LG+F+G4       22594.710    197 45583.419    45736.986    46481.664
 17  LG+F+I+G4     22590.152    198 45576.303    45731.735    46479.107
 29  WAG+G4        22707.161    178 45770.323    45891.241    46581.934
 30  WAG+I+G4      22698.778    179 45755.556    45878.065    46571.727
 42  WAG+F+G4      22587.587    197 45569.175    45722.742    46467.419
 43  WAG+F+I+G4    22580.811    198 45557.622    45713.054    46460.426
 55  JTT+G4        22354.396    178 45064.792    45185.711    45876.404
 56  JTT+I+G4      22346.033    179 45050.065    45172.575    45866.236
 68  JTT+F+G4      22302.822    197 44999.644    45153.211    45897.888
 69  JTT+F+I+G4    22295.802    198 44987.604    45143.036    45890.408
 81  JTTDCMut+G4   22368.429    178 45092.858    45213.777    45904.470
 82  JTTDCMut+I+G4 22359.907    179 45077.815    45200.324    45893.986
 94  JTTDCMut+F+G4 22313.131    197 45020.263    45173.830    45918.507
 95  JTTDCMut+F+I+G4 22306.139    198 45008.278    45163.710    45911.081
107  DCMut+G4      22917.509    178 46191.018    46311.936    47002.630
108  DCMut+I+G4    22907.746    179 46173.493    46296.002    46989.664
120  DCMut+F+G4    22776.718    197 45947.435    46101.002    46845.679
121  DCMut+F+I+G4  22768.291    198 45932.582    46088.014    46835.386
133  VT+G4         22760.361    178 45876.722    45997.640    46688.333
134  VT+I+G4       22752.690    179 45863.380    45985.889    46679.551
146  VT+F+G4       22674.115    197 45742.230    45895.797    46640.474
147  VT+F+I+G4     22667.497    198 45730.994    45886.426    46633.798
159  PMB+G4        23116.900    178 46589.801    46710.719    47401.412
160  PMB+I+G4      23112.028    179 46582.056    46704.565    47398.227
172  PMB+F+G4      23057.760    197 46509.521    46663.088    47407.765
173  PMB+F+I+G4    23052.951    198 46501.901    46657.333    47404.705
185  Blosum62+G4   23202.477    178 46760.953    46881.872    47572.565
186  Blosum62+I+G4 23197.682    179 46753.364    46875.873    47569.535
198  Blosum62+F+G4 23099.556    197 46593.111    46746.678    47491.355
199  Blosum62+F+I+G4 23095.073    198 46586.146    46741.578    47488.950
211  Dayhoff+G4    22914.852    178 46185.703    46306.622    46997.315
212  Dayhoff+I+G4  22905.099    179 46168.199    46290.708    46984.370
224  Dayhoff+F+G4  22774.372    197 45942.743    46096.310    46840.988
225  Dayhoff+F+I+G4 22765.939    198 45927.878    46083.310    46830.682
237  mtREV+G4      23491.949    178 47339.899    47460.817    48151.510
238  mtREV+I+G4    23490.880    179 47339.761    47462.270    48155.932
250  mtREV+F+G4    22730.327    197 45854.654    46008.221    46752.898
251  mtREV+F+I+G4  22727.757    198 45851.513    46006.945    46754.317
263  mtART+G4      24064.356    178 48484.712    48605.631    49296.324
264  mtART+I+G4    24062.254    179 48482.508    48605.017    49298.679
276  mtART+F+G4    23507.207    197 47408.414    47561.981    48306.658
277  mtART+F+I+G4  23505.509    198 47407.018    47562.450    48309.822
289  mtZOA+G4      23353.529    178 47063.059    47183.977    47874.670
290  mtZOA+I+G4    23351.351    179 47060.702    47183.211    47876.873
302  mtZOA+F+G4    22953.380    197 46300.760    46454.327    47199.004
303  mtZOA+F+I+G4  22951.049    198 46298.098    46453.530    47200.901
315  mtMet+G4      23169.013    178 46694.026    46814.945    47505.638
316  mtMet+I+G4    23166.486    179 46690.972    46813.481    47507.143
328  mtMet+F+G4    22538.271    197 45470.541    45624.108    46368.785
329  mtMet+F+I+G4  22534.586    198 45465.172    45620.604    46367.976
341  mtVer+G4      23216.195    178 46788.390    46909.308    47600.001
342  mtVer+I+G4    23213.405    179 46784.809    46907.319    47600.980
354  mtVer+F+G4    22579.328    197 45552.657    45706.224    46450.901
355  mtVer+F+I+G4  22571.849    198 45539.698    45695.130    46442.502
367  mtInv+G4      23413.014    178 47182.029    47302.947    47993.640
368  mtInv+I+G4    23410.304    179 47178.609    47301.119    47994.780
380  mtInv+F+G4    22618.360    197 45630.720    45784.287    46528.964
381  mtInv+F+I+G4  22614.404    198 45624.807    45780.239    46527.611
393  mtMAM+G4      23643.589    178 47643.178    47764.096    48454.789
394  mtMAM+I+G4    23642.734    179 47643.468    47765.977    48459.639
406  mtMAM+F+G4    22904.392    197 46202.784    46356.351    47101.028
407  mtMAM+F+I+G4  22901.998    198 46199.995    46355.427    47102.799
419  HIVb+G4       22573.804    178 45503.607    45624.526    46315.219
420  HIVb+I+G4     22566.355    179 45490.710    45613.219    46306.881
432  HIVb+F+G4     22419.154    197 45232.307    45385.874    46130.551
433  HIVb+F+I+G4   22413.045    198 45222.090    45377.522    46124.894
445  HIVw+G4       23151.198    178 46658.396    46779.315    47470.008
446  HIVw+I+G4     23137.455    179 46632.910    46755.419    47449.081
458  HIVw+F+G4     22895.457    197 46184.914    46338.481    47083.158
459  HIVw+F+I+G4   22882.917    198 46161.834    46317.266    47064.638
471  FLU+G4        22593.690    178 45543.379    45664.298    46354.991
472  FLU+I+G4      22585.004    179 45528.009    45650.519    46344.180
484  FLU+F+G4      22523.197    197 45440.394    45593.961    46338.638
485  FLU+F+I+G4    22517.268    198 45430.535    45585.967    46333.339
497  rtREV+G4      23139.348    178 46634.695    46755.614    47446.307
498  rtREV+I+G4    23133.104    179 46624.209    46746.718    47440.380
510  rtREV+F+G4    22861.219    197 46116.438    46270.005    47014.682
511  rtREV+F+I+G4  22856.704    198 46109.407    46264.839    47012.211
523  cpREV+G4      22717.631    178 45791.261    45912.180    46602.873
524  cpREV+I+G4    22711.090    179 45780.181    45902.690    46596.352
536  cpREV+F+G4    22666.560    197 45727.119    45880.686    46625.364
537  cpREV+F+I+G4  22659.854    198 45715.708    45871.140    46618.512
Akaike Information Criterion:           JTT+F+I+G4
Corrected Akaike Information Criterion: JTT+F+I+G4
Bayesian Information Criterion:         JTT+I+G4
Best-fit model: JTT+I+G4 chosen according to BIC

All model information printed to mafft/OG0003596_clean_align.out.model.gz
CPU time for ModelFinder: 917.367 seconds (0h:15m:17s)
Wall-clock time for ModelFinder: 39.567 seconds (0h:0m:39s)
Generating 10000 samples for ultrafast bootstrap (seed: 676974)...

NOTE: 59 MB RAM (0 GB) is required!
Estimate model parameters (epsilon = 0.100)
Thoroughly optimizing +I+G parameters from 10 start values...
Init pinv, alpha: 0.000, 1.223 / Estimate: 0.000, 0.968 / LogL: -22354.370
Init pinv, alpha: 0.028, 1.223 / Estimate: 0.063, 1.224 / LogL: -22346.018
Init pinv, alpha: 0.057, 1.223 / Estimate: 0.062, 1.221 / LogL: -22346.030
Init pinv, alpha: 0.085, 1.223 / Estimate: 0.071, 1.259 / LogL: -22345.998
Init pinv, alpha: 0.113, 1.223 / Estimate: 0.071, 1.256 / LogL: -22345.996
Init pinv, alpha: 0.142, 1.223 / Estimate: 0.071, 1.259 / LogL: -22346.014
Init pinv, alpha: 0.170, 1.223 / Estimate: 0.072, 1.262 / LogL: -22346.026
Init pinv, alpha: 0.198, 1.223 / Estimate: 0.071, 1.257 / LogL: -22346.001
Init pinv, alpha: 0.227, 1.223 / Estimate: 0.071, 1.257 / LogL: -22346.003
Init pinv, alpha: 0.255, 1.223 / Estimate: 0.071, 1.258 / LogL: -22346.010
Optimal pinv,alpha: 0.071, 1.256 / LogL: -22345.996

Parameters optimization took 5.060 sec
Computing ML distances based on estimated model parameters... 1.195 sec
Computing BIONJ tree...
0.006 seconds
Log-likelihood of BIONJ tree: -22425.048
--------------------------------------------------------------------
|             INITIALIZING CANDIDATE TREE SET                      |
--------------------------------------------------------------------
Generating 98 parsimony trees... 5.099 second
Computing log-likelihood of 98 initial trees ... 5.037 seconds
Current best score: -22345.996

Do NNI search on 20 best initial trees
Estimate model parameters (epsilon = 0.100)
BETTER TREE FOUND at iteration 1: -22345.182
Estimate model parameters (epsilon = 0.100)
BETTER TREE FOUND at iteration 2: -22344.987
Iteration 10 / LogL: -22344.996 / Time: 0h:0m:24s
Iteration 20 / LogL: -22345.193 / Time: 0h:0m:34s
Finish initializing candidate tree set (6)
Current best tree score: -22344.987 / CPU time: 28.498
Number of iterations: 20
--------------------------------------------------------------------
|               OPTIMIZING CANDIDATE TREE SET                      |
--------------------------------------------------------------------
Estimate model parameters (epsilon = 0.100)
BETTER TREE FOUND at iteration 27: -22339.838
Estimate model parameters (epsilon = 0.100)
BETTER TREE FOUND at iteration 28: -22339.207
Iteration 30 / LogL: -22339.207 / Time: 0h:0m:48s (0h:2m:44s left)
UPDATE BEST LOG-LIKELIHOOD: -22339.203
Iteration 40 / LogL: -22339.203 / Time: 0h:1m:3s (0h:2m:23s left)
UPDATE BEST LOG-LIKELIHOOD: -22339.203
Iteration 50 / LogL: -22339.369 / Time: 0h:1m:19s (0h:2m:6s left)
Log-likelihood cutoff on original alignment: -22416.801
UPDATE BEST LOG-LIKELIHOOD: -22339.195
Iteration 60 / LogL: -22362.774 / Time: 0h:1m:39s (0h:1m:54s left)
Iteration 70 / LogL: -22346.867 / Time: 0h:1m:54s (0h:1m:36s left)
Iteration 80 / LogL: -22339.207 / Time: 0h:2m:9s (0h:1m:18s left)
Iteration 90 / LogL: -22339.208 / Time: 0h:2m:24s (0h:1m:1s left)
UPDATE BEST LOG-LIKELIHOOD: -22339.193
Iteration 100 / LogL: -22351.733 / Time: 0h:2m:35s (0h:0m:43s left)
Log-likelihood cutoff on original alignment: -22402.707
NOTE: Bootstrap correlation coefficient of split occurrence frequencies: 0.999
Iteration 110 / LogL: -22339.354 / Time: 0h:2m:51s (0h:2m:21s left)
Iteration 120 / LogL: -22339.380 / Time: 0h:3m:4s (0h:2m:4s left)
TREE SEARCH COMPLETED AFTER 129 ITERATIONS / Time: 0h:3m:17s

--------------------------------------------------------------------
|                    FINALIZING TREE SEARCH                        |
--------------------------------------------------------------------
Performs final model parameters optimization
Estimate model parameters (epsilon = 0.010)
1. Initial log-likelihood: -22339.193
Optimal log-likelihood: -22339.188
Proportion of invariable sites: 0.069
Gamma shape alpha: 1.249
Parameters optimization took 1 rounds (0.097 sec)
BEST SCORE FOUND : -22339.188
Creating bootstrap support values...
Split supports printed to NEXUS file mafft/OG0003596_clean_align.out.splits.nex
Total tree length: 10.259

Total number of iterations: 129
CPU time used for tree search: 4128.790 sec (1h:8m:48s)
Wall-clock time used for tree search: 191.704 sec (0h:3m:11s)
Total CPU time used: 4267.283 sec (1h:11m:7s)
Total wall-clock time used: 202.178 sec (0h:3m:22s)

Computing bootstrap consensus tree...
Reading input file mafft/OG0003596_clean_align.out.splits.nex...
90 taxa and 425 splits.
Consensus tree written to mafft/OG0003596_clean_align.out.contree
Reading input trees file mafft/OG0003596_clean_align.out.contree
Log-likelihood of consensus tree: -22339.202

Analysis results written to: 
  IQ-TREE report:                mafft/OG0003596_clean_align.out.iqtree
  Maximum-likelihood tree:       mafft/OG0003596_clean_align.out.treefile
  Likelihood distances:          mafft/OG0003596_clean_align.out.mldist

Ultrafast bootstrap approximation results written to:
  Split support values:          mafft/OG0003596_clean_align.out.splits.nex
  Consensus tree:                mafft/OG0003596_clean_align.out.contree
  Screen log file:               mafft/OG0003596_clean_align.out.log

Date and Time: Tue May  3 13:05:27 2022
