IQ-TREE multicore version 2.0.6 for Linux 64-bit built Jul 10 2020
Developed by Bui Quang Minh, Nguyen Lam Tung, Olga Chernomor,
Heiko Schmidt, Dominik Schrempf, Michael Woodhams.

Host:    cn-mem (AVX2, FMA3, 3023 GB RAM)
Command: iqtree2 -s mafft/OG0002376_clean_align.out -T 24 -B 10000 -m MFP
Seed:    642052 (Using SPRNG - Scalable Parallel Random Number Generator)
Time:    Tue May  3 12:41:39 2022
Kernel:  AVX+FMA - 24 threads (144 CPU cores detected)

Reading alignment file mafft/OG0002376_clean_align.out ... Fasta format detected
Alignment most likely contains protein sequences
Alignment has 110 sequences with 623 columns, 532 distinct patterns
390 parsimony-informative, 69 singleton sites, 164 constant sites
                                       Gap/Ambiguity  Composition  p-value
   1  Arabidopsis_lyrata_XP_002872570.1       20.55%    passed     98.40%
   2  Arabidopsis_thaliana_NP_192867.1        20.55%    passed     97.89%
   3  Capsella_rubella_XP_006287590.1         20.55%    passed     97.72%
   4  Eutrema_salsugineum_XP_006396926.1      20.87%    passed     95.43%
   5  Brassica_oleracea_XP_013613087.1        21.19%    passed     97.91%
   6  Brassica_rapa_XP_009108182.1            21.67%    passed     96.67%
   7  Arabidopsis_lyrata_XP_002878386.1       22.15%    passed     98.42%
   8  Arabidopsis_thaliana_NP_191710.1        21.67%    passed     97.60%
   9  Capsella_rubella_XP_006292599.2         21.67%    passed     99.98%
  10  Brassica_oleracea_XP_013603603.1        24.08%    passed     97.98%
  11  Brassica_rapa_XP_009116817.2            15.41%    passed     79.28%
  12  Eutrema_salsugineum_XP_006402473.1      22.63%    passed     99.86%
  13  Capsicum_annuum_XP_016538134.1          21.99%    passed     99.72%
  14  Solanum_lycopersicum_NP_001234178.2     22.15%    passed     99.97%
  15  Solanum_pennellii_XP_015061774.1        21.99%    passed     99.97%
  16  Solanum_tuberosum_XP_006339629.1        21.99%    passed     99.98%
  17  Nicotiana_attenuata_XP_019223955.1      21.35%    passed     98.43%
  18  Capsicum_annuum_XP_016544406.1          26.97%    passed     64.01%
  19  Solanum_tuberosum_XP_006345624.1        25.36%    passed     34.66%
  20  Capsicum_annuum_XP_016544795.1          28.57%    passed     97.33%
  21  Solanum_lycopersicum_NP_001234280.1     23.60%    passed     87.90%
  22  Solanum_pennellii_XP_015074443.2        19.58%    passed     51.25%
  23  Solanum_tuberosum_XP_006345579.1        20.39%    passed     81.83%
  24  Capsicum_annuum_XP_016566390.1          22.15%    passed     99.93%
  25  Capsicum_annuum_XP_016566403.1          22.31%    passed     99.94%
  26  Solanum_lycopersicum_NP_001233922.2     22.15%    passed    100.00%
  27  Solanum_pennellii_XP_015083783.1        22.15%    passed    100.00%
  28  Solanum_tuberosum_XP_006343930.1        22.15%    passed     99.99%
  29  Solanum_tuberosum_XP_015162628.1        21.99%    passed     99.96%
  30  Solanum_lycopersicum_NP_001266271.2     22.47%    passed     99.97%
  31  Solanum_pennellii_XP_015083908.1        22.47%    passed     99.98%
  32  Solanum_tuberosum_XP_006343931.1        22.31%    passed     99.68%
  33  Nicotiana_attenuata_XP_019263338.1      22.15%    passed     99.87%
  34  Nicotiana_attenuata_XP_019263339.1      22.31%    passed    100.00%
  35  Nicotiana_attenuata_XP_019240223.1      21.99%    passed     99.96%
  36  Solanum_lycopersicum_NP_001234164.2     23.43%    passed     99.99%
  37  Solanum_pennellii_XP_015083983.1        23.43%    passed    100.00%
  38  Solanum_tuberosum_NP_001275367.1        21.99%    passed     99.99%
  39  Nicotiana_attenuata_XP_019259360.1      22.47%    passed     99.25%
  40  Solanum_lycopersicum_XP_004252649.1     24.08%    passed     21.71%
  41  Solanum_pennellii_XP_015060836.1        24.08%    passed     20.23%
  42  Solanum_tuberosum_XP_006360739.1        22.15%    passed     26.59%
  43  Carica_papaya_XP_021893532.1            21.67%    passed     97.77%
  44  Carica_papaya_XP_021903936.1            25.04%    passed     81.09%
  45  Cicer_arietinum_NP_001351723.1          21.83%    passed     99.88%
  46  Medicago_truncatula_XP_013447110.1      21.83%    passed     99.96%
  47  Glycine_max_NP_001236141.2              22.31%    passed     99.98%
  48  Glycine_max_NP_001236858.1              22.31%    passed     99.86%
  49  Phaseolus_vulgaris_XP_007160107.1       22.31%    passed     99.96%
  50  Glycine_max_XP_003538294.1              22.95%    passed     99.94%
  51  Phaseolus_vulgaris_XP_007158530.1       31.94%    passed     68.35%
  52  Citrus_sinensis_NP_001275831.1          22.47%    passed     99.97%
  53  Fragaria_vesca_XP_004298832.1           21.83%    passed     96.48%
  54  Malus_domestica_NP_001280768.1          21.83%    passed     99.03%
  55  Malus_domestica_NP_001280870.1          21.83%    passed     98.24%
  56  Pyrus_x_bretschneideri_XP_009343873.1   21.83%    passed     97.80%
  57  Pyrus_x_bretschneideri_XP_009363394.1   21.83%    passed     98.57%
  58  Prunus_mume_XP_008238953.1              22.47%    passed     99.27%
  59  Prunus_persica_XP_007210019.1           22.47%    passed     99.39%
  60  Manihot_esculenta_XP_021629594.1        22.95%    passed    100.00%
  61  Populus_euphratica_XP_011022618.1       22.95%    passed    100.00%
  62  Populus_trichocarpa_XP_002304518.3      22.95%    passed    100.00%
  63  Populus_euphratica_XP_011029354.1       22.79%    passed     99.91%
  64  Populus_trichocarpa_XP_002298013.2      22.79%    passed    100.00%
  65  Vitis_vinifera_XP_002278489.2           22.79%    passed     99.88%
  66  Citrus_sinensis_NP_001275873.2          23.43%    passed     99.97%
  67  Jatropha_curcas_XP_012083309.1          22.15%    passed    100.00%
  68  Manihot_esculenta_XP_021612461.1        22.63%    passed     99.99%
  69  Manihot_esculenta_XP_021623736.1        22.47%    passed     99.14%
  70  Vitis_vinifera_XP_002276774.2           23.92%    passed     99.98%
  71  Populus_euphratica_XP_011023276.1       21.99%    passed     99.99%
  72  Populus_trichocarpa_XP_024450467.1      21.99%    passed    100.00%
  73  Cicer_arietinum_XP_004492797.1          22.47%    passed     76.48%
  74  Medicago_truncatula_XP_003624084.2      22.31%    passed     91.16%
  75  Glycine_max_XP_003534540.1              22.15%    passed     99.68%
  76  Glycine_max_XP_003552421.1              22.95%    passed     99.94%
  77  Phaseolus_vulgaris_XP_007139782.1       22.47%    passed     91.34%
  78  Cicer_arietinum_XP_004510689.1          22.95%    passed     92.16%
  79  Medicago_truncatula_XP_013444776.1      22.95%    passed     93.19%
  80  Glycine_max_XP_006598931.1              23.92%    passed     99.38%
  81  Phaseolus_vulgaris_XP_007135134.1       23.27%    passed     98.23%
  82  Fragaria_vesca_XP_004306735.1           20.87%    passed     82.78%
  83  Malus_domestica_XP_008345341.2          20.55%    passed     99.97%
  84  Pyrus_x_bretschneideri_NP_001289261.1   20.55%    passed     99.95%
  85  Malus_domestica_XP_008364813.1          19.26%    passed     95.33%
  86  Pyrus_x_bretschneideri_XP_009366562.1   20.55%    passed     97.21%
  87  Prunus_mume_NP_001280199.1              21.03%    passed     99.62%
  88  Prunus_persica_XP_007219056.1           21.03%    passed     99.78%
  89  Gossypium_hirsutum_XP_016686357.1       23.43%    passed     99.89%
  90  Gossypium_hirsutum_XP_016737620.1       23.27%    passed     99.53%
  91  Gossypium_hirsutum_XP_016739657.1       22.95%    passed     99.61%
  92  Gossypium_hirsutum_XP_016742887.1       22.95%    passed     99.73%
  93  Cucumis_melo_XP_008452008.1             21.35%    passed     99.99%
  94  Cucumis_sativus_NP_001267589.1          21.51%    passed    100.00%
  95  Gossypium_hirsutum_XP_016694820.1       20.87%    passed     99.50%
  96  Gossypium_hirsutum_XP_016735616.1       22.31%    passed     99.85%
  97  Papaver_somniferum_XP_026403999.1       21.19%    passed     99.99%
  98  Papaver_somniferum_XP_026457718.1       21.19%    passed     99.99%
  99  Helianthus_annuus_XP_021969169.1        23.11%    passed     98.42%
 100  Helianthus_annuus_XP_035842491.1        20.87%    passed     95.77%
 101  Helianthus_annuus_XP_022000252.1        21.83%    passed     94.85%
 102  Cucumis_melo_NP_001284464.1             20.87%    passed     98.03%
 103  Cucumis_sativus_NP_001292642.1          20.87%    passed     99.86%
 104  Arabidopsis_lyrata_XP_002892062.1       20.39%    passed     99.28%
 105  Arabidopsis_thaliana_NP_171655.1        20.39%    passed     98.69%
 106  Arabidopsis_thaliana_NP_849572.1        37.40%    passed     84.70%
 107  Capsella_rubella_XP_006305031.2         20.39%    passed     95.45%
 108  Eutrema_salsugineum_XP_006418427.1      20.55%    passed     93.23%
 109  Brassica_oleracea_XP_013584351.1        20.39%    passed     98.82%
 110  Brassica_rapa_XP_009119698.1            19.90%    passed     94.90%
****  TOTAL                                   22.34%  0 sequences failed composition chi2 test (p-value<5%; df=19)


Create initial parsimony tree by phylogenetic likelihood library (PLL)... 0.062 seconds
Perform fast likelihood tree search using LG+I+G model...
Estimate model parameters (epsilon = 5.000)
Perform nearest neighbor interchange...
Estimate model parameters (epsilon = 1.000)
1. Initial log-likelihood: -26699.855
Optimal log-likelihood: -26699.685
Proportion of invariable sites: 0.122
Gamma shape alpha: 0.974
Parameters optimization took 1 rounds (0.125 sec)
Time for fast ML tree search: 1.666 seconds

NOTE: ModelFinder requires 114 MB RAM!
ModelFinder will test up to 546 protein models (sample size: 623) ...
 No. Model         -LnL         df  AIC          AICc         BIC
  1  LG            28668.093    217 57770.186    58003.796    58732.482
  2  LG+I          27983.242    218 56402.483    56638.830    57369.214
  3  LG+G4         26724.691    218 53885.383    54121.729    54852.114
  4  LG+I+G4       26699.659    219 53837.318    54076.425    54808.484
  5  LG+R2         27020.173    219 54478.346    54717.452    55449.511
  6  LG+R3         26757.686    221 53957.372    54202.071    54937.407
  7  LG+R4         26697.535    223 53841.070    54091.456    54829.974
  8  LG+R5         26682.310    225 53814.620    54070.792    54812.393
  9  LG+R6         26682.223    227 53818.446    54080.501    54825.088
 17  LG+F+I+G4     26679.250    238 53834.501    54130.761    54889.923
 21  LG+F+R5       26661.293    244 53810.587    54126.883    54892.616
 30  WAG+I+G4      26740.179    219 53918.358    54157.465    54889.524
 34  WAG+R5        26723.496    225 53896.992    54153.163    54894.765
 43  WAG+F+I+G4    26633.284    238 53742.567    54038.828    54797.989
 47  WAG+F+R5      26616.553    244 53721.105    54037.402    54803.135
 56  JTT+I+G4      26592.445    219 53622.889    53861.996    54594.055
 60  JTT+R5        26574.722    225 53599.444    53855.616    54597.217
 69  JTT+F+I+G4    26528.707    238 53533.414    53829.674    54588.836
 73  JTT+F+R5      26512.642    244 53513.285    53829.581    54595.314
 82  JTTDCMut+I+G4 26597.275    219 53632.549    53871.656    54603.715
 86  JTTDCMut+R5   26579.018    225 53608.035    53864.206    54605.808
 95  JTTDCMut+F+I+G4 26532.531    238 53541.062    53837.323    54596.485
 99  JTTDCMut+F+R5 26515.842    244 53519.685    53835.981    54601.714
108  DCMut+I+G4    27041.811    219 54521.621    54760.728    55492.787
112  DCMut+R5      27024.370    225 54498.740    54754.911    55496.513
121  DCMut+F+I+G4  26926.990    238 54329.981    54626.241    55385.403
125  DCMut+F+R5    26911.567    244 54311.134    54627.430    55393.163
134  VT+I+G4       26876.211    219 54190.422    54429.528    55161.587
138  VT+R5         26859.084    225 54168.167    54424.339    55165.940
147  VT+F+I+G4     26825.798    238 54127.595    54423.856    55183.017
151  VT+F+R5       26808.674    244 54105.349    54421.645    55187.378
160  PMB+I+G4      27281.265    219 55000.530    55239.637    55971.696
164  PMB+R5        27262.361    225 54974.723    55230.894    55972.495
173  PMB+F+I+G4    27179.700    238 54835.399    55131.660    55890.822
177  PMB+F+R5      27161.470    244 54810.940    55127.236    55892.969
186  Blosum62+I+G4 27239.641    219 54917.282    55156.389    55888.448
190  Blosum62+R5   27219.258    225 54888.517    55144.688    55886.290
199  Blosum62+F+I+G4 27187.809    238 54851.619    55147.879    55907.041
203  Blosum62+F+R5 27168.684    244 54825.368    55141.664    55907.397
212  Dayhoff+I+G4  27038.310    219 54514.620    54753.726    55485.785
216  Dayhoff+R5    27020.222    225 54490.444    54746.615    55488.217
225  Dayhoff+F+I+G4 26924.136    238 54324.273    54620.533    55379.695
229  Dayhoff+F+R5  26908.164    244 54304.329    54620.625    55386.358
238  mtREV+I+G4    28003.866    219 56445.732    56684.839    57416.898
242  mtREV+R5      27985.824    225 56421.649    56677.820    57419.422
251  mtREV+F+I+G4  27048.537    238 54573.075    54869.335    55628.497
255  mtREV+F+R5    27039.515    244 54567.031    54883.327    55649.060
264  mtART+I+G4    28504.224    219 57446.447    57685.554    58417.613
268  mtART+R5      28445.122    225 57340.245    57596.416    58338.018
277  mtART+F+I+G4  27665.823    238 55807.646    56103.906    56863.068
281  mtART+F+R5    27640.387    244 55768.774    56085.071    56850.804
290  mtZOA+I+G4    27768.253    219 55974.506    56213.613    56945.672
294  mtZOA+R5      27732.987    225 55915.975    56172.146    56913.748
303  mtZOA+F+I+G4  27107.349    238 54690.699    54986.959    55746.121
307  mtZOA+F+R5    27096.236    244 54680.472    54996.768    55762.501
316  mtMet+I+G4    27684.759    219 55807.517    56046.624    56778.683
320  mtMet+R5      27668.130    225 55786.261    56042.432    56784.034
329  mtMet+F+I+G4  26931.904    238 54339.807    54636.067    55395.229
333  mtMet+F+R5    26923.601    244 54335.203    54651.499    55417.232
342  mtVer+I+G4    28007.398    219 56452.796    56691.903    57423.962
346  mtVer+R5      27988.675    225 56427.351    56683.522    57425.124
355  mtVer+F+I+G4  27244.018    238 54964.035    55260.296    56019.457
359  mtVer+F+R5    27225.315    244 54938.629    55254.926    56020.659
368  mtInv+I+G4    27789.370    219 56016.739    56255.846    56987.905
372  mtInv+R5      27787.592    225 56025.184    56281.356    57022.957
381  mtInv+F+I+G4  26885.176    238 54246.351    54542.612    55301.773
385  mtInv+F+R5    26870.599    244 54229.198    54545.494    55311.227
394  mtMAM+I+G4    28556.248    219 57550.495    57789.602    58521.661
398  mtMAM+R5      28508.131    225 57466.263    57722.434    58464.036
407  mtMAM+F+I+G4  27609.357    238 55694.713    55990.974    56750.135
411  mtMAM+F+R5    27595.947    244 55679.894    55996.190    56761.923
420  HIVb+I+G4     26781.556    219 54001.111    54240.218    54972.277
424  HIVb+R5       26771.034    225 53992.069    54248.240    54989.842
433  HIVb+F+I+G4   26726.401    238 53928.803    54225.063    54984.225
437  HIVb+F+R5     26717.083    244 53922.166    54238.463    55004.196
446  HIVw+I+G4     27488.113    219 55414.226    55653.333    56385.392
450  HIVw+R5       27476.519    225 55403.037    55659.209    56400.810
459  HIVw+F+I+G4   27295.624    238 55067.247    55363.507    56122.669
463  HIVw+F+R5     27282.674    244 55053.349    55369.645    56135.378
472  FLU+I+G4      26811.687    219 54061.374    54300.481    55032.540
476  FLU+R5        26802.867    225 54055.735    54311.906    55053.508
485  FLU+F+I+G4    26784.171    238 54044.341    54340.602    55099.763
489  FLU+F+R5      26774.201    244 54036.403    54352.699    55118.432
498  rtREV+I+G4    27161.303    219 54760.606    54999.713    55731.772
502  rtREV+R5      27140.322    225 54730.644    54986.815    55728.417
511  rtREV+F+I+G4  26990.406    238 54456.813    54753.073    55512.235
515  rtREV+F+R5    26970.471    244 54428.943    54745.239    55510.972
524  cpREV+I+G4    26782.824    219 54003.649    54242.756    54974.815
528  cpREV+R5      26767.417    225 53984.834    54241.006    54982.607
537  cpREV+F+I+G4  26742.905    238 53961.810    54258.071    55017.232
541  cpREV+F+R5    26728.544    244 53945.088    54261.384    55027.117
Akaike Information Criterion:           JTT+F+R5
Corrected Akaike Information Criterion: JTT+F+R5
Bayesian Information Criterion:         JTT+F+I+G4
Best-fit model: JTT+F+I+G4 chosen according to BIC

All model information printed to mafft/OG0002376_clean_align.out.model.gz
CPU time for ModelFinder: 16931.743 seconds (4h:42m:11s)
Wall-clock time for ModelFinder: 710.528 seconds (0h:11m:50s)
Generating 10000 samples for ultrafast bootstrap (seed: 642052)...

NOTE: 58 MB RAM (0 GB) is required!
Estimate model parameters (epsilon = 0.100)
Thoroughly optimizing +I+G parameters from 10 start values...
Init pinv, alpha: 0.000, 1.050 / Estimate: 0.000, 0.677 / LogL: -26552.501
Init pinv, alpha: 0.029, 1.050 / Estimate: 0.131, 1.042 / LogL: -26528.757
Init pinv, alpha: 0.058, 1.050 / Estimate: 0.131, 1.044 / LogL: -26528.739
Init pinv, alpha: 0.088, 1.050 / Estimate: 0.132, 1.045 / LogL: -26528.733
Init pinv, alpha: 0.117, 1.050 / Estimate: 0.132, 1.046 / LogL: -26528.717
Init pinv, alpha: 0.146, 1.050 / Estimate: 0.136, 1.059 / LogL: -26528.697
Init pinv, alpha: 0.175, 1.050 / Estimate: 0.137, 1.063 / LogL: -26528.735
Init pinv, alpha: 0.205, 1.050 / Estimate: 0.136, 1.061 / LogL: -26528.716
Init pinv, alpha: 0.234, 1.050 / Estimate: 0.136, 1.062 / LogL: -26528.736
Init pinv, alpha: 0.263, 1.050 / Estimate: 0.136, 1.063 / LogL: -26528.732
Optimal pinv,alpha: 0.136, 1.059 / LogL: -26528.697

Parameters optimization took 6.138 sec
Computing ML distances based on estimated model parameters... 1.818 sec
Computing BIONJ tree...
0.009 seconds
Log-likelihood of BIONJ tree: -26585.175
--------------------------------------------------------------------
|             INITIALIZING CANDIDATE TREE SET                      |
--------------------------------------------------------------------
Generating 98 parsimony trees... 6.249 second
Computing log-likelihood of 98 initial trees ... 6.890 seconds
Current best score: -26528.697

Do NNI search on 20 best initial trees
Estimate model parameters (epsilon = 0.100)
BETTER TREE FOUND at iteration 1: -26527.619
Estimate model parameters (epsilon = 0.100)
BETTER TREE FOUND at iteration 2: -26526.910
Estimate model parameters (epsilon = 0.100)
BETTER TREE FOUND at iteration 3: -26518.955
Iteration 10 / LogL: -26519.282 / Time: 0h:0m:30s
Iteration 20 / LogL: -26543.795 / Time: 0h:0m:41s
Finish initializing candidate tree set (7)
Current best tree score: -26518.955 / CPU time: 35.028
Number of iterations: 20
--------------------------------------------------------------------
|               OPTIMIZING CANDIDATE TREE SET                      |
--------------------------------------------------------------------
Iteration 30 / LogL: -26519.959 / Time: 0h:0m:57s (0h:2m:24s left)
Iteration 40 / LogL: -26521.440 / Time: 0h:1m:11s (0h:1m:55s left)
Iteration 50 / LogL: -26518.983 / Time: 0h:1m:25s (0h:1m:32s left)
Log-likelihood cutoff on original alignment: -26606.422
Iteration 60 / LogL: -26520.324 / Time: 0h:1m:44s (0h:1m:16s left)
Iteration 70 / LogL: -26704.394 / Time: 0h:1m:58s (0h:0m:56s left)
Iteration 80 / LogL: -26521.896 / Time: 0h:2m:13s (0h:0m:38s left)
Iteration 90 / LogL: -26519.316 / Time: 0h:2m:29s (0h:0m:21s left)
Iteration 100 / LogL: -26518.971 / Time: 0h:2m:44s (0h:0m:4s left)
Log-likelihood cutoff on original alignment: -26606.422
NOTE: Bootstrap correlation coefficient of split occurrence frequencies: 0.999
TREE SEARCH COMPLETED AFTER 104 ITERATIONS / Time: 0h:2m:55s

--------------------------------------------------------------------
|                    FINALIZING TREE SEARCH                        |
--------------------------------------------------------------------
Performs final model parameters optimization
Estimate model parameters (epsilon = 0.010)
1. Initial log-likelihood: -26518.955
Optimal log-likelihood: -26518.943
Proportion of invariable sites: 0.134
Gamma shape alpha: 1.055
Parameters optimization took 1 rounds (0.126 sec)
BEST SCORE FOUND : -26518.943
Creating bootstrap support values...
Split supports printed to NEXUS file mafft/OG0002376_clean_align.out.splits.nex
Total tree length: 13.433

Total number of iterations: 104
CPU time used for tree search: 3526.470 sec (0h:58m:46s)
Wall-clock time used for tree search: 168.569 sec (0h:2m:48s)
Total CPU time used: 3695.033 sec (1h:1m:35s)
Total wall-clock time used: 180.515 sec (0h:3m:0s)

Computing bootstrap consensus tree...
Reading input file mafft/OG0002376_clean_align.out.splits.nex...
110 taxa and 580 splits.
Consensus tree written to mafft/OG0002376_clean_align.out.contree
Reading input trees file mafft/OG0002376_clean_align.out.contree
Log-likelihood of consensus tree: -26519.377

Analysis results written to: 
  IQ-TREE report:                mafft/OG0002376_clean_align.out.iqtree
  Maximum-likelihood tree:       mafft/OG0002376_clean_align.out.treefile
  Likelihood distances:          mafft/OG0002376_clean_align.out.mldist

Ultrafast bootstrap approximation results written to:
  Split support values:          mafft/OG0002376_clean_align.out.splits.nex
  Consensus tree:                mafft/OG0002376_clean_align.out.contree
  Screen log file:               mafft/OG0002376_clean_align.out.log

Date and Time: Tue May  3 12:56:31 2022
