IQ-TREE multicore version 2.0.6 for Linux 64-bit built Jul 10 2020
Developed by Bui Quang Minh, Nguyen Lam Tung, Olga Chernomor,
Heiko Schmidt, Dominik Schrempf, Michael Woodhams.

Host:    cn-mem (AVX2, FMA3, 3023 GB RAM)
Command: iqtree2 -s mafft/OG0018870_clean_align.out -T 24 -B 10000 -m MFP
Seed:    219710 (Using SPRNG - Scalable Parallel Random Number Generator)
Time:    Tue May  3 13:21:27 2022
Kernel:  AVX+FMA - 24 threads (144 CPU cores detected)

Reading alignment file mafft/OG0018870_clean_align.out ... Fasta format detected
Alignment most likely contains protein sequences
Alignment has 6 sequences with 666 columns, 211 distinct patterns
78 parsimony-informative, 98 singleton sites, 490 constant sites
                                     Gap/Ambiguity  Composition  p-value
   1  Arabidopsis_lyrata_XP_002892208.1      2.10%    passed    100.00%
   2  Arabidopsis_thaliana_NP_001323287.1    3.15%    passed    100.00%
   3  Capsella_rubella_XP_006306986.1        4.65%    passed    100.00%
   4  Eutrema_salsugineum_XP_006418141.1     1.05%    passed     99.99%
   5  Brassica_oleracea_XP_013638399.1       7.21%    passed    100.00%
   6  Brassica_rapa_XP_009119315.1           7.51%    passed    100.00%
****  TOTAL                                  4.28%  0 sequences failed composition chi2 test (p-value<5%; df=19)


Create initial parsimony tree by phylogenetic likelihood library (PLL)... 0.000 seconds
WARNING: Number of threads seems too high for short alignments. Use -T AUTO to determine best number of threads.
Perform fast likelihood tree search using LG+I+G model...
Estimate model parameters (epsilon = 5.000)
Perform nearest neighbor interchange...
Estimate model parameters (epsilon = 1.000)
1. Initial log-likelihood: -3352.132
Optimal log-likelihood: -3352.131
Proportion of invariable sites: 0.366
Gamma shape alpha: 0.900
Parameters optimization took 1 rounds (0.005 sec)
Time for fast ML tree search: 0.028 seconds

NOTE: ModelFinder requires 11 MB RAM!
ModelFinder will test up to 546 protein models (sample size: 666) ...
 No. Model         -LnL         df  AIC          AICc         BIC
WARNING: Number of threads seems too high for short alignments. Use -T AUTO to determine best number of threads.
  1  LG            3387.617     9   6793.233     6793.508     6833.745
WARNING: Number of threads seems too high for short alignments. Use -T AUTO to determine best number of threads.
  2  LG+I          3355.363     10  6730.725     6731.061     6775.738
WARNING: Number of threads seems too high for short alignments. Use -T AUTO to determine best number of threads.
  3  LG+G4         3352.551     10  6725.103     6725.439     6770.116
WARNING: Number of threads seems too high for short alignments. Use -T AUTO to determine best number of threads.
  4  LG+I+G4       3352.130     11  6726.261     6726.664     6775.775
WARNING: Number of threads seems too high for short alignments. Use -T AUTO to determine best number of threads.
  5  LG+R2         3350.500     11  6723.001     6723.404     6772.515
WARNING: Number of threads seems too high for short alignments. Use -T AUTO to determine best number of threads.
  6  LG+R3         3350.233     13  6726.466     6727.024     6784.983
WARNING: Number of threads seems too high for short alignments. Use -T AUTO to determine best number of threads.
 15  LG+F+I        3334.477     29  6726.953     6729.689     6857.491
WARNING: Number of threads seems too high for short alignments. Use -T AUTO to determine best number of threads.
 16  LG+F+G4       3331.637     29  6721.275     6724.010     6851.812
WARNING: Number of threads seems too high for short alignments. Use -T AUTO to determine best number of threads.
 17  LG+F+I+G4     3331.163     30  6722.327     6725.256     6857.365
WARNING: Number of threads seems too high for short alignments. Use -T AUTO to determine best number of threads.
 18  LG+F+R2       3330.067     30  6720.135     6723.064     6855.174
WARNING: Number of threads seems too high for short alignments. Use -T AUTO to determine best number of threads.
 28  WAG+I         3340.548     10  6701.095     6701.431     6746.108
WARNING: Number of threads seems too high for short alignments. Use -T AUTO to determine best number of threads.
 29  WAG+G4        3338.169     10  6696.338     6696.674     6741.351
WARNING: Number of threads seems too high for short alignments. Use -T AUTO to determine best number of threads.
 30  WAG+I+G4      3338.122     11  6698.244     6698.647     6747.758
WARNING: Number of threads seems too high for short alignments. Use -T AUTO to determine best number of threads.
 31  WAG+R2        3339.542     11  6701.084     6701.487     6750.598
WARNING: Number of threads seems too high for short alignments. Use -T AUTO to determine best number of threads.
 41  WAG+F+I       3320.367     29  6698.734     6701.470     6829.272
WARNING: Number of threads seems too high for short alignments. Use -T AUTO to determine best number of threads.
 42  WAG+F+G4      3317.967     29  6693.933     6696.669     6824.470
WARNING: Number of threads seems too high for short alignments. Use -T AUTO to determine best number of threads.
 43  WAG+F+I+G4    3317.856     30  6695.712     6698.641     6830.751
WARNING: Number of threads seems too high for short alignments. Use -T AUTO to determine best number of threads.
 44  WAG+F+R2      3319.362     30  6698.724     6701.654     6833.763
WARNING: Number of threads seems too high for short alignments. Use -T AUTO to determine best number of threads.
 54  JTT+I         3308.508     10  6637.016     6637.352     6682.029
WARNING: Number of threads seems too high for short alignments. Use -T AUTO to determine best number of threads.
 55  JTT+G4        3306.333     10  6632.665     6633.001     6677.678
WARNING: Number of threads seems too high for short alignments. Use -T AUTO to determine best number of threads.
 56  JTT+I+G4      3306.267     11  6634.533     6634.937     6684.047
WARNING: Number of threads seems too high for short alignments. Use -T AUTO to determine best number of threads.
 57  JTT+R2        3307.618     11  6637.235     6637.639     6686.749
WARNING: Number of threads seems too high for short alignments. Use -T AUTO to determine best number of threads.
 67  JTT+F+I       3293.849     29  6645.697     6648.433     6776.234
WARNING: Number of threads seems too high for short alignments. Use -T AUTO to determine best number of threads.
 68  JTT+F+G4      3291.696     29  6641.392     6644.128     6771.929
WARNING: Number of threads seems too high for short alignments. Use -T AUTO to determine best number of threads.
 69  JTT+F+I+G4    3291.591     30  6643.182     6646.111     6778.221
WARNING: Number of threads seems too high for short alignments. Use -T AUTO to determine best number of threads.
 70  JTT+F+R2      3292.965     30  6645.930     6648.859     6780.969
WARNING: Number of threads seems too high for short alignments. Use -T AUTO to determine best number of threads.
 80  JTTDCMut+I    3309.423     10  6638.845     6639.181     6683.858
WARNING: Number of threads seems too high for short alignments. Use -T AUTO to determine best number of threads.
 81  JTTDCMut+G4   3307.253     10  6634.507     6634.843     6679.520
WARNING: Number of threads seems too high for short alignments. Use -T AUTO to determine best number of threads.
 82  JTTDCMut+I+G4 3307.188     11  6636.375     6636.779     6685.889
WARNING: Number of threads seems too high for short alignments. Use -T AUTO to determine best number of threads.
 83  JTTDCMut+R2   3308.536     11  6639.071     6639.475     6688.585
WARNING: Number of threads seems too high for short alignments. Use -T AUTO to determine best number of threads.
 93  JTTDCMut+F+I  3294.660     29  6647.320     6650.056     6777.858
WARNING: Number of threads seems too high for short alignments. Use -T AUTO to determine best number of threads.
 94  JTTDCMut+F+G4 3292.504     29  6643.009     6645.745     6773.546
WARNING: Number of threads seems too high for short alignments. Use -T AUTO to determine best number of threads.
 95  JTTDCMut+F+I+G4 3292.398     30  6644.797     6647.726     6779.835
WARNING: Number of threads seems too high for short alignments. Use -T AUTO to determine best number of threads.
 96  JTTDCMut+F+R2 3293.775     30  6647.551     6650.480     6782.589
WARNING: Number of threads seems too high for short alignments. Use -T AUTO to determine best number of threads.
106  DCMut+I       3362.614     10  6745.227     6745.563     6790.240
WARNING: Number of threads seems too high for short alignments. Use -T AUTO to determine best number of threads.
107  DCMut+G4      3359.568     10  6739.135     6739.471     6784.148
WARNING: Number of threads seems too high for short alignments. Use -T AUTO to determine best number of threads.
108  DCMut+I+G4    3359.273     11  6740.545     6740.949     6790.059
WARNING: Number of threads seems too high for short alignments. Use -T AUTO to determine best number of threads.
109  DCMut+R2      3357.891     11  6737.782     6738.185     6787.296
WARNING: Number of threads seems too high for short alignments. Use -T AUTO to determine best number of threads.
119  DCMut+F+I     3322.245     29  6702.491     6705.227     6833.028
WARNING: Number of threads seems too high for short alignments. Use -T AUTO to determine best number of threads.
120  DCMut+F+G4    3319.064     29  6696.128     6698.864     6826.666
WARNING: Number of threads seems too high for short alignments. Use -T AUTO to determine best number of threads.
121  DCMut+F+I+G4  3318.659     30  6697.319     6700.248     6832.357
WARNING: Number of threads seems too high for short alignments. Use -T AUTO to determine best number of threads.
122  DCMut+F+R2    3316.805     30  6693.609     6696.539     6828.648
WARNING: Number of threads seems too high for short alignments. Use -T AUTO to determine best number of threads.
132  VT+I          3344.652     10  6709.304     6709.640     6754.317
WARNING: Number of threads seems too high for short alignments. Use -T AUTO to determine best number of threads.
133  VT+G4         3342.495     10  6704.990     6705.326     6750.003
WARNING: Number of threads seems too high for short alignments. Use -T AUTO to determine best number of threads.
134  VT+I+G4       3342.464     11  6706.929     6707.333     6756.443
WARNING: Number of threads seems too high for short alignments. Use -T AUTO to determine best number of threads.
135  VT+R2         3343.770     11  6709.540     6709.944     6759.055
WARNING: Number of threads seems too high for short alignments. Use -T AUTO to determine best number of threads.
145  VT+F+I        3327.859     29  6713.719     6716.455     6844.256
WARNING: Number of threads seems too high for short alignments. Use -T AUTO to determine best number of threads.
146  VT+F+G4       3325.764     29  6709.527     6712.263     6840.064
WARNING: Number of threads seems too high for short alignments. Use -T AUTO to determine best number of threads.
147  VT+F+I+G4     3325.701     30  6711.403     6714.332     6846.442
WARNING: Number of threads seems too high for short alignments. Use -T AUTO to determine best number of threads.
148  VT+F+R2       3327.011     30  6714.022     6716.951     6849.061
WARNING: Number of threads seems too high for short alignments. Use -T AUTO to determine best number of threads.
158  PMB+I         3368.272     10  6756.545     6756.881     6801.558
WARNING: Number of threads seems too high for short alignments. Use -T AUTO to determine best number of threads.
159  PMB+G4        3366.075     10  6752.151     6752.487     6797.164
WARNING: Number of threads seems too high for short alignments. Use -T AUTO to determine best number of threads.
160  PMB+I+G4      3366.001     11  6754.001     6754.405     6803.515
WARNING: Number of threads seems too high for short alignments. Use -T AUTO to determine best number of threads.
161  PMB+R2        3367.382     11  6756.763     6757.167     6806.278
WARNING: Number of threads seems too high for short alignments. Use -T AUTO to determine best number of threads.
171  PMB+F+I       3356.077     29  6770.154     6772.890     6900.692
WARNING: Number of threads seems too high for short alignments. Use -T AUTO to determine best number of threads.
172  PMB+F+G4      3353.834     29  6765.668     6768.403     6896.205
WARNING: Number of threads seems too high for short alignments. Use -T AUTO to determine best number of threads.
173  PMB+F+I+G4    3353.715     30  6767.430     6770.359     6902.468
WARNING: Number of threads seems too high for short alignments. Use -T AUTO to determine best number of threads.
174  PMB+F+R2      3355.167     30  6770.333     6773.262     6905.372
WARNING: Number of threads seems too high for short alignments. Use -T AUTO to determine best number of threads.
184  Blosum62+I    3375.721     10  6771.442     6771.778     6816.455
WARNING: Number of threads seems too high for short alignments. Use -T AUTO to determine best number of threads.
185  Blosum62+G4   3373.475     10  6766.950     6767.286     6811.963
WARNING: Number of threads seems too high for short alignments. Use -T AUTO to determine best number of threads.
186  Blosum62+I+G4 3373.342     11  6768.684     6769.088     6818.199
WARNING: Number of threads seems too high for short alignments. Use -T AUTO to determine best number of threads.
187  Blosum62+R2   3374.811     11  6771.622     6772.026     6821.136
WARNING: Number of threads seems too high for short alignments. Use -T AUTO to determine best number of threads.
197  Blosum62+F+I  3361.630     29  6781.260     6783.996     6911.797
WARNING: Number of threads seems too high for short alignments. Use -T AUTO to determine best number of threads.
198  Blosum62+F+G4 3359.244     29  6776.488     6779.224     6907.025
WARNING: Number of threads seems too high for short alignments. Use -T AUTO to determine best number of threads.
199  Blosum62+F+I+G4 3359.062     30  6778.124     6781.053     6913.163
WARNING: Number of threads seems too high for short alignments. Use -T AUTO to determine best number of threads.
200  Blosum62+F+R2 3360.570     30  6781.141     6784.070     6916.179
WARNING: Number of threads seems too high for short alignments. Use -T AUTO to determine best number of threads.
210  Dayhoff+I     3362.450     10  6744.900     6745.236     6789.913
WARNING: Number of threads seems too high for short alignments. Use -T AUTO to determine best number of threads.
211  Dayhoff+G4    3359.387     10  6738.775     6739.111     6783.788
WARNING: Number of threads seems too high for short alignments. Use -T AUTO to determine best number of threads.
212  Dayhoff+I+G4  3359.088     11  6740.175     6740.579     6789.690
WARNING: Number of threads seems too high for short alignments. Use -T AUTO to determine best number of threads.
213  Dayhoff+R2    3357.681     11  6737.362     6737.765     6786.876
WARNING: Number of threads seems too high for short alignments. Use -T AUTO to determine best number of threads.
223  Dayhoff+F+I   3322.080     29  6702.159     6704.895     6832.696
WARNING: Number of threads seems too high for short alignments. Use -T AUTO to determine best number of threads.
224  Dayhoff+F+G4  3318.883     29  6695.766     6698.502     6826.303
WARNING: Number of threads seems too high for short alignments. Use -T AUTO to determine best number of threads.
225  Dayhoff+F+I+G4 3318.474     30  6696.948     6699.877     6831.987
WARNING: Number of threads seems too high for short alignments. Use -T AUTO to determine best number of threads.
226  Dayhoff+F+R2  3316.595     30  6693.189     6696.118     6828.228
WARNING: Number of threads seems too high for short alignments. Use -T AUTO to determine best number of threads.
236  mtREV+I       3501.735     10  7023.471     7023.807     7068.484
WARNING: Number of threads seems too high for short alignments. Use -T AUTO to determine best number of threads.
237  mtREV+G4      3496.118     10  7012.236     7012.572     7057.249
WARNING: Number of threads seems too high for short alignments. Use -T AUTO to determine best number of threads.
238  mtREV+I+G4    3494.987     11  7011.974     7012.378     7061.488
WARNING: Number of threads seems too high for short alignments. Use -T AUTO to determine best number of threads.
239  mtREV+R2      3493.549     11  7009.099     7009.503     7058.613
WARNING: Number of threads seems too high for short alignments. Use -T AUTO to determine best number of threads.
249  mtREV+F+I     3347.897     29  6753.795     6756.531     6884.332
WARNING: Number of threads seems too high for short alignments. Use -T AUTO to determine best number of threads.
250  mtREV+F+G4    3342.987     29  6743.974     6746.710     6874.512
WARNING: Number of threads seems too high for short alignments. Use -T AUTO to determine best number of threads.
251  mtREV+F+I+G4  3342.002     30  6744.004     6746.933     6879.043
WARNING: Number of threads seems too high for short alignments. Use -T AUTO to determine best number of threads.
252  mtREV+F+R2    3340.377     30  6740.755     6743.684     6875.794
WARNING: Number of threads seems too high for short alignments. Use -T AUTO to determine best number of threads.
262  mtART+I       3546.998     10  7113.996     7114.332     7159.009
WARNING: Number of threads seems too high for short alignments. Use -T AUTO to determine best number of threads.
263  mtART+G4      3533.202     10  7086.403     7086.739     7131.416
WARNING: Number of threads seems too high for short alignments. Use -T AUTO to determine best number of threads.
264  mtART+I+G4    3530.496     11  7082.992     7083.396     7132.507
WARNING: Number of threads seems too high for short alignments. Use -T AUTO to determine best number of threads.
265  mtART+R2      3528.953     11  7079.905     7080.309     7129.420
WARNING: Number of threads seems too high for short alignments. Use -T AUTO to determine best number of threads.
275  mtART+F+I     3411.191     29  6880.382     6883.118     7010.919
WARNING: Number of threads seems too high for short alignments. Use -T AUTO to determine best number of threads.
276  mtART+F+G4    3401.229     29  6860.459     6863.194     6990.996
WARNING: Number of threads seems too high for short alignments. Use -T AUTO to determine best number of threads.
277  mtART+F+I+G4  3398.182     30  6856.365     6859.294     6991.403
WARNING: Number of threads seems too high for short alignments. Use -T AUTO to determine best number of threads.
278  mtART+F+R2    3396.681     30  6853.362     6856.291     6988.400
WARNING: Number of threads seems too high for short alignments. Use -T AUTO to determine best number of threads.
288  mtZOA+I       3472.593     10  6965.187     6965.523     7010.200
WARNING: Number of threads seems too high for short alignments. Use -T AUTO to determine best number of threads.
289  mtZOA+G4      3465.124     10  6950.248     6950.584     6995.261
WARNING: Number of threads seems too high for short alignments. Use -T AUTO to determine best number of threads.
290  mtZOA+I+G4    3463.917     11  6949.835     6950.238     6999.349
WARNING: Number of threads seems too high for short alignments. Use -T AUTO to determine best number of threads.
291  mtZOA+R2      3462.642     11  6947.284     6947.688     6996.798
WARNING: Number of threads seems too high for short alignments. Use -T AUTO to determine best number of threads.
301  mtZOA+F+I     3362.279     29  6782.557     6785.293     6913.095
WARNING: Number of threads seems too high for short alignments. Use -T AUTO to determine best number of threads.
302  mtZOA+F+G4    3356.910     29  6771.819     6774.555     6902.357
WARNING: Number of threads seems too high for short alignments. Use -T AUTO to determine best number of threads.
303  mtZOA+F+I+G4  3355.591     30  6771.183     6774.112     6906.221
WARNING: Number of threads seems too high for short alignments. Use -T AUTO to determine best number of threads.
304  mtZOA+F+R2    3354.120     30  6768.239     6771.168     6903.278
WARNING: Number of threads seems too high for short alignments. Use -T AUTO to determine best number of threads.
314  mtMet+I       3482.610     10  6985.220     6985.556     7030.233
WARNING: Number of threads seems too high for short alignments. Use -T AUTO to determine best number of threads.
315  mtMet+G4      3477.740     10  6975.480     6975.816     7020.493
WARNING: Number of threads seems too high for short alignments. Use -T AUTO to determine best number of threads.
316  mtMet+I+G4    3477.336     11  6976.672     6977.076     7026.186
WARNING: Number of threads seems too high for short alignments. Use -T AUTO to determine best number of threads.
317  mtMet+R2      3476.297     11  6974.595     6974.998     7024.109
WARNING: Number of threads seems too high for short alignments. Use -T AUTO to determine best number of threads.
327  mtMet+F+I     3321.659     29  6701.317     6704.053     6831.855
WARNING: Number of threads seems too high for short alignments. Use -T AUTO to determine best number of threads.
328  mtMet+F+G4    3318.107     29  6694.214     6696.949     6824.751
WARNING: Number of threads seems too high for short alignments. Use -T AUTO to determine best number of threads.
329  mtMet+F+I+G4  3317.681     30  6695.363     6698.292     6830.402
WARNING: Number of threads seems too high for short alignments. Use -T AUTO to determine best number of threads.
330  mtMet+F+R2    3317.051     30  6694.101     6697.030     6829.140
WARNING: Number of threads seems too high for short alignments. Use -T AUTO to determine best number of threads.
340  mtVer+I       3491.801     10  7003.603     7003.938     7048.615
WARNING: Number of threads seems too high for short alignments. Use -T AUTO to determine best number of threads.
341  mtVer+G4      3485.119     10  6990.238     6990.574     7035.251
WARNING: Number of threads seems too high for short alignments. Use -T AUTO to determine best number of threads.
342  mtVer+I+G4    3484.856     11  6991.713     6992.117     7041.227
WARNING: Number of threads seems too high for short alignments. Use -T AUTO to determine best number of threads.
343  mtVer+R2      3483.691     11  6989.383     6989.786     7038.897
WARNING: Number of threads seems too high for short alignments. Use -T AUTO to determine best number of threads.
353  mtVer+F+I     3323.127     29  6704.253     6706.989     6834.791
WARNING: Number of threads seems too high for short alignments. Use -T AUTO to determine best number of threads.
354  mtVer+F+G4    3319.295     29  6696.591     6699.327     6827.128
WARNING: Number of threads seems too high for short alignments. Use -T AUTO to determine best number of threads.
355  mtVer+F+I+G4  3318.797     30  6697.594     6700.523     6832.633
WARNING: Number of threads seems too high for short alignments. Use -T AUTO to determine best number of threads.
356  mtVer+F+R2    3318.103     30  6696.205     6699.134     6831.244
WARNING: Number of threads seems too high for short alignments. Use -T AUTO to determine best number of threads.
366  mtInv+I       3521.416     10  7062.832     7063.168     7107.845
WARNING: Number of threads seems too high for short alignments. Use -T AUTO to determine best number of threads.
367  mtInv+G4      3517.827     10  7055.655     7055.991     7100.668
WARNING: Number of threads seems too high for short alignments. Use -T AUTO to determine best number of threads.
368  mtInv+I+G4    3517.381     11  7056.762     7057.165     7106.276
WARNING: Number of threads seems too high for short alignments. Use -T AUTO to determine best number of threads.
369  mtInv+R2      3516.630     11  7055.259     7055.663     7104.773
WARNING: Number of threads seems too high for short alignments. Use -T AUTO to determine best number of threads.
379  mtInv+F+I     3325.317     29  6708.634     6711.370     6839.172
WARNING: Number of threads seems too high for short alignments. Use -T AUTO to determine best number of threads.
380  mtInv+F+G4    3322.463     29  6702.926     6705.662     6833.463
WARNING: Number of threads seems too high for short alignments. Use -T AUTO to determine best number of threads.
381  mtInv+F+I+G4  3322.063     30  6704.126     6707.055     6839.165
WARNING: Number of threads seems too high for short alignments. Use -T AUTO to determine best number of threads.
382  mtInv+F+R2    3321.567     30  6703.134     6706.064     6838.173
WARNING: Number of threads seems too high for short alignments. Use -T AUTO to determine best number of threads.
392  mtMAM+I       3530.357     10  7080.714     7081.050     7125.727
WARNING: Number of threads seems too high for short alignments. Use -T AUTO to determine best number of threads.
393  mtMAM+G4      3515.372     10  7050.744     7051.080     7095.757
WARNING: Number of threads seems too high for short alignments. Use -T AUTO to determine best number of threads.
394  mtMAM+I+G4    3514.399     11  7050.798     7051.202     7100.313
WARNING: Number of threads seems too high for short alignments. Use -T AUTO to determine best number of threads.
395  mtMAM+R2      3513.282     11  7048.565     7048.969     7098.079
WARNING: Number of threads seems too high for short alignments. Use -T AUTO to determine best number of threads.
405  mtMAM+F+I     3369.812     29  6797.623     6800.359     6928.161
WARNING: Number of threads seems too high for short alignments. Use -T AUTO to determine best number of threads.
406  mtMAM+F+G4    3361.282     29  6780.563     6783.299     6911.101
WARNING: Number of threads seems too high for short alignments. Use -T AUTO to determine best number of threads.
407  mtMAM+F+I+G4  3360.141     30  6780.283     6783.212     6915.322
WARNING: Number of threads seems too high for short alignments. Use -T AUTO to determine best number of threads.
408  mtMAM+F+R2    3359.805     30  6779.610     6782.539     6914.648
WARNING: Number of threads seems too high for short alignments. Use -T AUTO to determine best number of threads.
418  HIVb+I        3335.090     10  6690.179     6690.515     6735.192
WARNING: Number of threads seems too high for short alignments. Use -T AUTO to determine best number of threads.
419  HIVb+G4       3331.345     10  6682.689     6683.025     6727.702
WARNING: Number of threads seems too high for short alignments. Use -T AUTO to determine best number of threads.
420  HIVb+I+G4     3330.787     11  6683.575     6683.978     6733.089
WARNING: Number of threads seems too high for short alignments. Use -T AUTO to determine best number of threads.
421  HIVb+R2       3327.894     11  6677.789     6678.192     6727.303
WARNING: Number of threads seems too high for short alignments. Use -T AUTO to determine best number of threads.
431  HIVb+F+I      3303.532     29  6665.065     6667.801     6795.602
WARNING: Number of threads seems too high for short alignments. Use -T AUTO to determine best number of threads.
432  HIVb+F+G4     3299.878     29  6657.756     6660.492     6788.293
WARNING: Number of threads seems too high for short alignments. Use -T AUTO to determine best number of threads.
433  HIVb+F+I+G4   3299.349     30  6658.698     6661.627     6793.736
WARNING: Number of threads seems too high for short alignments. Use -T AUTO to determine best number of threads.
434  HIVb+F+R2     3297.206     30  6654.411     6657.341     6789.450
WARNING: Number of threads seems too high for short alignments. Use -T AUTO to determine best number of threads.
444  HIVw+I        3406.088     10  6832.177     6832.513     6877.190
WARNING: Number of threads seems too high for short alignments. Use -T AUTO to determine best number of threads.
445  HIVw+G4       3401.333     10  6822.665     6823.001     6867.678
WARNING: Number of threads seems too high for short alignments. Use -T AUTO to determine best number of threads.
446  HIVw+I+G4     3400.396     11  6822.792     6823.196     6872.306
WARNING: Number of threads seems too high for short alignments. Use -T AUTO to determine best number of threads.
447  HIVw+R2       3396.571     11  6815.143     6815.546     6864.657
WARNING: Number of threads seems too high for short alignments. Use -T AUTO to determine best number of threads.
457  HIVw+F+I      3335.579     29  6729.159     6731.895     6859.696
WARNING: Number of threads seems too high for short alignments. Use -T AUTO to determine best number of threads.
458  HIVw+F+G4     3331.254     29  6720.508     6723.244     6851.046
WARNING: Number of threads seems too high for short alignments. Use -T AUTO to determine best number of threads.
459  HIVw+F+I+G4   3330.428     30  6720.857     6723.786     6855.895
WARNING: Number of threads seems too high for short alignments. Use -T AUTO to determine best number of threads.
460  HIVw+F+R2     3326.991     30  6713.983     6716.912     6849.021
WARNING: Number of threads seems too high for short alignments. Use -T AUTO to determine best number of threads.
470  FLU+I         3356.392     10  6732.784     6733.120     6777.797
WARNING: Number of threads seems too high for short alignments. Use -T AUTO to determine best number of threads.
471  FLU+G4        3352.441     10  6724.882     6725.218     6769.895
WARNING: Number of threads seems too high for short alignments. Use -T AUTO to determine best number of threads.
472  FLU+I+G4      3351.826     11  6725.653     6726.056     6775.167
WARNING: Number of threads seems too high for short alignments. Use -T AUTO to determine best number of threads.
473  FLU+R2        3348.756     11  6719.512     6719.916     6769.027
WARNING: Number of threads seems too high for short alignments. Use -T AUTO to determine best number of threads.
483  FLU+F+I       3324.189     29  6706.378     6709.113     6836.915
WARNING: Number of threads seems too high for short alignments. Use -T AUTO to determine best number of threads.
484  FLU+F+G4      3320.107     29  6698.213     6700.949     6828.751
WARNING: Number of threads seems too high for short alignments. Use -T AUTO to determine best number of threads.
485  FLU+F+I+G4    3319.475     30  6698.950     6701.879     6833.989
WARNING: Number of threads seems too high for short alignments. Use -T AUTO to determine best number of threads.
486  FLU+F+R2      3317.892     30  6695.785     6698.714     6830.824
WARNING: Number of threads seems too high for short alignments. Use -T AUTO to determine best number of threads.
496  rtREV+I       3411.167     10  6842.335     6842.671     6887.348
WARNING: Number of threads seems too high for short alignments. Use -T AUTO to determine best number of threads.
497  rtREV+G4      3408.689     10  6837.377     6837.713     6882.390
WARNING: Number of threads seems too high for short alignments. Use -T AUTO to determine best number of threads.
498  rtREV+I+G4    3408.266     11  6838.532     6838.936     6888.046
WARNING: Number of threads seems too high for short alignments. Use -T AUTO to determine best number of threads.
499  rtREV+R2      3410.058     11  6842.117     6842.521     6891.631
WARNING: Number of threads seems too high for short alignments. Use -T AUTO to determine best number of threads.
509  rtREV+F+I     3356.245     29  6770.489     6773.225     6901.027
WARNING: Number of threads seems too high for short alignments. Use -T AUTO to determine best number of threads.
510  rtREV+F+G4    3353.553     29  6765.106     6767.841     6895.643
WARNING: Number of threads seems too high for short alignments. Use -T AUTO to determine best number of threads.
511  rtREV+F+I+G4  3353.051     30  6766.101     6769.031     6901.140
WARNING: Number of threads seems too high for short alignments. Use -T AUTO to determine best number of threads.
512  rtREV+F+R2    3352.468     30  6764.935     6767.865     6899.974
WARNING: Number of threads seems too high for short alignments. Use -T AUTO to determine best number of threads.
522  cpREV+I       3357.242     10  6734.483     6734.819     6779.496
WARNING: Number of threads seems too high for short alignments. Use -T AUTO to determine best number of threads.
523  cpREV+G4      3353.877     10  6727.754     6728.090     6772.767
WARNING: Number of threads seems too high for short alignments. Use -T AUTO to determine best number of threads.
524  cpREV+I+G4    3353.489     11  6728.978     6729.382     6778.493
WARNING: Number of threads seems too high for short alignments. Use -T AUTO to determine best number of threads.
525  cpREV+R2      3350.639     11  6723.277     6723.681     6772.791
WARNING: Number of threads seems too high for short alignments. Use -T AUTO to determine best number of threads.
535  cpREV+F+I     3335.692     29  6729.383     6732.119     6859.921
WARNING: Number of threads seems too high for short alignments. Use -T AUTO to determine best number of threads.
536  cpREV+F+G4    3332.317     29  6722.635     6725.371     6853.172
WARNING: Number of threads seems too high for short alignments. Use -T AUTO to determine best number of threads.
537  cpREV+F+I+G4  3331.966     30  6723.932     6726.861     6858.971
WARNING: Number of threads seems too high for short alignments. Use -T AUTO to determine best number of threads.
538  cpREV+F+R2    3329.254     30  6718.509     6721.438     6853.548
Akaike Information Criterion:           JTT+G4
Corrected Akaike Information Criterion: JTT+G4
Bayesian Information Criterion:         JTT+G4
Best-fit model: JTT+G4 chosen according to BIC

All model information printed to mafft/OG0018870_clean_align.out.model.gz
CPU time for ModelFinder: 157.276 seconds (0h:2m:37s)
Wall-clock time for ModelFinder: 6.617 seconds (0h:0m:6s)
Generating 10000 samples for ultrafast bootstrap (seed: 219710)...

NOTE: 9 MB RAM (0 GB) is required!
WARNING: Number of threads seems too high for short alignments. Use -T AUTO to determine best number of threads.
Estimate model parameters (epsilon = 0.100)
1. Initial log-likelihood: -3306.333
Optimal log-likelihood: -3306.333
Gamma shape alpha: 0.411
Parameters optimization took 1 rounds (0.004 sec)
Computing ML distances based on estimated model parameters... 0.029 sec
Computing BIONJ tree...
0.001 seconds
Log-likelihood of BIONJ tree: -3306.333
--------------------------------------------------------------------
|             INITIALIZING CANDIDATE TREE SET                      |
--------------------------------------------------------------------
Generating 99 parsimony trees... 0.035 second
Computing log-likelihood of 6 initial trees ... 0.018 seconds
Current best score: -3306.333

Do NNI search on 7 best initial trees
UPDATE BEST LOG-LIKELIHOOD: -3306.333
Finish initializing candidate tree set (7)
Current best tree score: -3306.333 / CPU time: 0.234
Number of iterations: 7
--------------------------------------------------------------------
|               OPTIMIZING CANDIDATE TREE SET                      |
--------------------------------------------------------------------
Iteration 10 / LogL: -3306.359 / Time: 0h:0m:0s
Iteration 20 / LogL: -3306.499 / Time: 0h:0m:1s
Iteration 30 / LogL: -3306.499 / Time: 0h:0m:2s (0h:0m:4s left)
Iteration 40 / LogL: -3306.475 / Time: 0h:0m:2s (0h:0m:4s left)
Iteration 50 / LogL: -3306.352 / Time: 0h:0m:3s (0h:0m:3s left)
Log-likelihood cutoff on original alignment: -3336.189
Iteration 60 / LogL: -3306.993 / Time: 0h:0m:4s (0h:0m:2s left)
Iteration 70 / LogL: -3306.475 / Time: 0h:0m:5s (0h:0m:2s left)
Iteration 80 / LogL: -3306.497 / Time: 0h:0m:5s (0h:0m:1s left)
Iteration 90 / LogL: -3306.499 / Time: 0h:0m:6s (0h:0m:0s left)
Iteration 100 / LogL: -3306.347 / Time: 0h:0m:7s (0h:0m:0s left)
Log-likelihood cutoff on original alignment: -3335.881
NOTE: Bootstrap correlation coefficient of split occurrence frequencies: 1.000
TREE SEARCH COMPLETED AFTER 101 ITERATIONS / Time: 0h:0m:7s

--------------------------------------------------------------------
|                    FINALIZING TREE SEARCH                        |
--------------------------------------------------------------------
Performs final model parameters optimization
Estimate model parameters (epsilon = 0.010)
1. Initial log-likelihood: -3306.333
Optimal log-likelihood: -3306.333
Gamma shape alpha: 0.411
Parameters optimization took 1 rounds (0.005 sec)
BEST SCORE FOUND : -3306.333
Creating bootstrap support values...
Split supports printed to NEXUS file mafft/OG0018870_clean_align.out.splits.nex
Total tree length: 0.435

Total number of iterations: 101
CPU time used for tree search: 69.228 sec (0h:1m:9s)
Wall-clock time used for tree search: 7.282 sec (0h:0m:7s)
Total CPU time used: 70.135 sec (0h:1m:10s)
Total wall-clock time used: 7.699 sec (0h:0m:7s)

Computing bootstrap consensus tree...
Reading input file mafft/OG0018870_clean_align.out.splits.nex...
6 taxa and 13 splits.
Consensus tree written to mafft/OG0018870_clean_align.out.contree
Reading input trees file mafft/OG0018870_clean_align.out.contree
Log-likelihood of consensus tree: -3306.333

Analysis results written to: 
  IQ-TREE report:                mafft/OG0018870_clean_align.out.iqtree
  Maximum-likelihood tree:       mafft/OG0018870_clean_align.out.treefile
  Likelihood distances:          mafft/OG0018870_clean_align.out.mldist

Ultrafast bootstrap approximation results written to:
  Split support values:          mafft/OG0018870_clean_align.out.splits.nex
  Consensus tree:                mafft/OG0018870_clean_align.out.contree
  Screen log file:               mafft/OG0018870_clean_align.out.log

Date and Time: Tue May  3 13:21:41 2022
