IQ-TREE multicore version 2.0.6 for Linux 64-bit built Jul 10 2020
Developed by Bui Quang Minh, Nguyen Lam Tung, Olga Chernomor,
Heiko Schmidt, Dominik Schrempf, Michael Woodhams.

Host:    cn046 (AVX2, FMA3, 125 GB RAM)
Command: iqtree2 -s mafft/OG0006977_nodup.aln -T 24 -B 1000 -m Q.plant+FO
Seed:    136 (Using SPRNG - Scalable Parallel Random Number Generator)
Time:    Wed May 18 17:48:08 2022
Kernel:  AVX+FMA - 24 threads (24 CPU cores detected)

Reading alignment file mafft/OG0006977_nodup.aln ... Fasta format detected
Alignment most likely contains protein sequences
Alignment has 64 sequences with 526 columns, 370 distinct patterns
232 parsimony-informative, 81 singleton sites, 213 constant sites
                                       Gap/Ambiguity  Composition  p-value
   1  Arabidopsis_lyrata_XP_020873473.1       14.26%    passed     99.94%
   2  Arabidopsis_thaliana_NP_194350.1        15.02%    passed     99.91%
   3  Capsella_rubella_XP_006285008.1         14.45%    passed     99.92%
   4  Eutrema_salsugineum_XP_006413217.1      14.45%    passed     99.71%
   5  Brassica_oleracea_XP_013590606.1        14.83%    passed     99.95%
   6  Brassica_rapa_XP_009142057.1            14.83%    passed     99.99%
   7  Brassica_oleracea_XP_013596334.1        14.26%    passed     97.73%
   8  Brassica_rapa_XP_009137583.2            14.26%    passed     99.36%
   9  Capsicum_annuum_XP_016541171.1          15.59%    passed     99.98%
  10  Solanum_lycopersicum_XP_010313742.1     17.49%    passed     99.53%
  11  Solanum_pennellii_XP_015061264.1        17.49%    passed     98.94%
  12  Solanum_tuberosum_XP_006353581.1        11.98%    passed     99.61%
  13  Nicotiana_attenuata_XP_019242964.1      15.97%    passed     99.83%
  14  Nicotiana_attenuata_XP_019240538.1      17.49%    passed     99.92%
  15  Solanum_lycopersicum_XP_004242974.1     16.16%    passed     99.97%
  16  Solanum_pennellii_XP_015081856.1        16.16%    passed     99.97%
  17  Cicer_arietinum_XP_004502555.1          15.59%    passed     99.23%
  18  Cicer_arietinum_XP_004513132.1          15.59%    passed     99.93%
  19  Medicago_truncatula_XP_003620879.1      15.59%    passed     98.78%
  20  Citrus_sinensis_XP_006475545.1          15.97%    passed     99.66%
  21  Jatropha_curcas_XP_020536516.2          15.02%    passed    100.00%
  22  Manihot_esculenta_XP_021598040.1        16.16%    passed    100.00%
  23  Manihot_esculenta_XP_021605867.1        16.35%    passed    100.00%
  24  Populus_euphratica_XP_011004709.1       16.35%    passed     99.99%
  25  Populus_trichocarpa_XP_002308289.1      16.35%    passed     99.98%
  26  Populus_euphratica_XP_011013607.1       15.21%    passed     99.99%
  27  Populus_trichocarpa_XP_006371987.1      15.21%    passed     99.83%
  28  Fragaria_vesca_XP_004288918.1           16.54%    passed     99.87%
  29  Fragaria_vesca_XP_011459692.1           13.50%    passed     99.98%
  30  Malus_domestica_NP_001315842.1          15.21%    passed    100.00%
  31  Pyrus_x_bretschneideri_XP_009352610.1   15.21%    passed    100.00%
  32  Malus_domestica_XP_008344120.2          15.40%    passed    100.00%
  33  Prunus_mume_XP_008242429.1              15.97%    passed    100.00%
  34  Prunus_persica_XP_020424364.1           16.35%    passed    100.00%
  35  Prunus_mume_XP_008242430.1              15.21%    passed    100.00%
  36  Prunus_persica_XP_020424381.1           15.21%    passed    100.00%
  37  Malus_domestica_XP_008387640.2          15.40%    passed    100.00%
  38  Glycine_max_XP_003530192.1              15.21%    passed    100.00%
  39  Glycine_max_XP_006573922.1              15.21%    passed     99.96%
  40  Phaseolus_vulgaris_XP_007152930.1       16.35%    passed     99.96%
  41  Glycine_max_XP_003530532.1              16.35%    passed    100.00%
  42  Glycine_max_XP_006580895.1              16.35%    passed     99.95%
  43  Phaseolus_vulgaris_XP_007160245.1       16.73%    passed     99.98%
  44  Vitis_vinifera_XP_002279881.1           15.40%    passed     99.98%
  45  Helianthus_annuus_XP_021970430.1        16.73%    passed    100.00%
  46  Helianthus_annuus_XP_022034811.1        16.16%    passed     99.99%
  47  Helianthus_annuus_XP_021987014.1        15.40%    passed    100.00%
  48  Papaver_somniferum_XP_026447443.1       15.97%    passed     99.99%
  49  Papaver_somniferum_XP_026453318.1       15.97%    passed     99.95%
  50  Cicer_arietinum_XP_004503531.1          15.78%    passed     99.14%
  51  Medicago_truncatula_XP_013447291.1      17.30%    passed     99.86%
  52  Carica_papaya_XP_021898719.1            15.97%    passed     98.77%
  53  Cucumis_melo_XP_008450824.1             15.40%    passed     99.69%
  54  Cucumis_sativus_NP_001292629.1          15.40%    passed     99.66%
  55  Cucumis_sativus_XP_031738416.1          15.59%    passed     99.64%
  56  Papaver_somniferum_XP_026398209.1       14.83%    passed     99.88%
  57  Papaver_somniferum_XP_026423437.1       14.64%    passed     99.72%
  58  Papaver_somniferum_XP_026405511.1       14.64%    passed     99.81%
  59  Papaver_somniferum_XP_026423234.1       14.64%    passed     99.99%
  60  Papaver_somniferum_XP_026420304.1        3.99%    passed     98.70%
  61  Papaver_somniferum_XP_026405473.1       15.02%    passed     99.95%
  62  Papaver_somniferum_XP_026423269.1       15.02%    passed     99.96%
  63  Papaver_somniferum_XP_026420305.1       25.10%    passed     99.24%
  64  Papaver_somniferum_XP_026451044.1       15.02%    passed     99.50%
****  TOTAL                                   15.50%  0 sequences failed composition chi2 test (p-value<5%; df=19)

Create initial parsimony tree by phylogenetic likelihood library (PLL)... 0.022 seconds
Generating 1000 samples for ultrafast bootstrap (seed: 136)...

NOTE: 5 MB RAM (0 GB) is required!
WARNING: Number of threads seems too high for short alignments. Use -T AUTO to determine best number of threads.
Estimate model parameters (epsilon = 0.100)
1. Initial log-likelihood: -12019.627
2. Current log-likelihood: -11813.786
3. Current log-likelihood: -11811.568
Optimal log-likelihood: -11811.537
Parameters optimization took 3 rounds (0.885 sec)
Computing ML distances based on estimated model parameters... 0.172 sec
Computing BIONJ tree...
0.003 seconds
Log-likelihood of BIONJ tree: -11812.413
--------------------------------------------------------------------
|             INITIALIZING CANDIDATE TREE SET                      |
--------------------------------------------------------------------
Generating 98 parsimony trees... 1.506 second
Computing log-likelihood of 98 initial trees ... 1.650 seconds
Current best score: -11801.548

Do NNI search on 20 best initial trees
Estimate model parameters (epsilon = 0.100)
BETTER TREE FOUND at iteration 1: -11789.594
Estimate model parameters (epsilon = 0.100)
BETTER TREE FOUND at iteration 9: -11785.532
Iteration 10 / LogL: -11807.287 / Time: 0h:0m:6s
Iteration 20 / LogL: -11797.593 / Time: 0h:0m:8s
Finish initializing candidate tree set (13)
Current best tree score: -11785.532 / CPU time: 7.177
Number of iterations: 20
--------------------------------------------------------------------
|               OPTIMIZING CANDIDATE TREE SET                      |
--------------------------------------------------------------------
Estimate model parameters (epsilon = 0.100)
BETTER TREE FOUND at iteration 24: -11784.983
Iteration 30 / LogL: -11785.606 / Time: 0h:0m:11s (0h:0m:37s left)
Iteration 40 / LogL: -11805.787 / Time: 0h:0m:14s (0h:0m:30s left)
Iteration 50 / LogL: -11788.808 / Time: 0h:0m:17s (0h:0m:26s left)
Log-likelihood cutoff on original alignment: -11836.825
Iteration 60 / LogL: -11799.283 / Time: 0h:0m:20s (0h:0m:22s left)
Iteration 70 / LogL: -11791.394 / Time: 0h:0m:23s (0h:0m:18s left)
Iteration 80 / LogL: -11787.044 / Time: 0h:0m:26s (0h:0m:14s left)
Iteration 90 / LogL: -11802.724 / Time: 0h:0m:29s (0h:0m:11s left)
Iteration 100 / LogL: -11951.045 / Time: 0h:0m:32s (0h:0m:7s left)
Log-likelihood cutoff on original alignment: -11836.825
NOTE: Bootstrap correlation coefficient of split occurrence frequencies: 1.000
UPDATE BEST LOG-LIKELIHOOD: -11784.982
Iteration 110 / LogL: -11788.796 / Time: 0h:0m:36s (0h:0m:29s left)
Iteration 120 / LogL: -11796.248 / Time: 0h:0m:39s (0h:0m:26s left)
UPDATE BEST LOG-LIKELIHOOD: -11784.982
TREE SEARCH COMPLETED AFTER 125 ITERATIONS / Time: 0h:0m:41s

--------------------------------------------------------------------
|                    FINALIZING TREE SEARCH                        |
--------------------------------------------------------------------
Performs final model parameters optimization
Estimate model parameters (epsilon = 0.010)
1. Initial log-likelihood: -11784.982
Optimal log-likelihood: -11784.981
Parameters optimization took 1 rounds (0.035 sec)
BEST SCORE FOUND : -11784.981
Creating bootstrap support values...
Split supports printed to NEXUS file mafft/OG0006977_nodup.aln.splits.nex
Total tree length: 4.388

Total number of iterations: 125
CPU time used for tree search: 908.842 sec (0h:15m:8s)
Wall-clock time used for tree search: 40.086 sec (0h:0m:40s)
Total CPU time used: 932.430 sec (0h:15m:32s)
Total wall-clock time used: 41.272 sec (0h:0m:41s)

Computing bootstrap consensus tree...
Reading input file mafft/OG0006977_nodup.aln.splits.nex...
64 taxa and 315 splits.
Consensus tree written to mafft/OG0006977_nodup.aln.contree
Reading input trees file mafft/OG0006977_nodup.aln.contree
Log-likelihood of consensus tree: -11789.172

Analysis results written to: 
  IQ-TREE report:                mafft/OG0006977_nodup.aln.iqtree
  Maximum-likelihood tree:       mafft/OG0006977_nodup.aln.treefile
  Likelihood distances:          mafft/OG0006977_nodup.aln.mldist

Ultrafast bootstrap approximation results written to:
  Split support values:          mafft/OG0006977_nodup.aln.splits.nex
  Consensus tree:                mafft/OG0006977_nodup.aln.contree
  Screen log file:               mafft/OG0006977_nodup.aln.log

Date and Time: Wed May 18 17:48:49 2022
