IQ-TREE multicore version 2.0.6 for Linux 64-bit built Jul 10 2020
Developed by Bui Quang Minh, Nguyen Lam Tung, Olga Chernomor,
Heiko Schmidt, Dominik Schrempf, Michael Woodhams.

Host:    cn-mem (AVX2, FMA3, 3023 GB RAM)
Command: iqtree2 -s mafft/OG0003776_clean_align.out -T 24 -B 10000 -m MFP
Seed:    202446 (Using SPRNG - Scalable Parallel Random Number Generator)
Time:    Tue May  3 13:05:27 2022
Kernel:  AVX+FMA - 24 threads (144 CPU cores detected)

Reading alignment file mafft/OG0003776_clean_align.out ... Fasta format detected
Alignment most likely contains protein sequences
Alignment has 61 sequences with 851 columns, 525 distinct patterns
350 parsimony-informative, 65 singleton sites, 436 constant sites
                                       Gap/Ambiguity  Composition  p-value
   1  Arabidopsis_lyrata_XP_020891032.1       13.28%    passed    100.00%
   2  Arabidopsis_thaliana_NP_176808.3        13.28%    passed    100.00%
   3  Capsella_rubella_XP_006300779.1         13.28%    passed    100.00%
   4  Brassica_oleracea_XP_013591391.1        13.51%    passed    100.00%
   5  Brassica_rapa_XP_009105200.1            13.51%    passed    100.00%
   6  Eutrema_salsugineum_XP_006391377.1      13.75%    passed    100.00%
   7  Carica_papaya_XP_021894230.1            13.28%    passed    100.00%
   8  Citrus_sinensis_NP_001275863.1          13.04%    passed    100.00%
   9  Manihot_esculenta_XP_021617838.1        13.63%    passed    100.00%
  10  Manihot_esculenta_XP_021617840.1        25.50%    passed     99.80%
  11  Manihot_esculenta_XP_021625986.1        13.16%    passed    100.00%
  12  Populus_euphratica_XP_011009895.1       13.40%    passed    100.00%
  13  Populus_trichocarpa_XP_002299688.1      13.40%    passed    100.00%
  14  Populus_euphratica_XP_011044844.1       13.28%    passed    100.00%
  15  Populus_trichocarpa_XP_006385310.1      13.40%    passed    100.00%
  16  Populus_trichocarpa_XP_024453424.1      28.67%    passed     99.99%
  17  Populus_euphratica_XP_011044845.1       24.44%    passed     99.98%
  18  Fragaria_vesca_XP_004288086.1           12.93%    passed    100.00%
  19  Malus_domestica_NP_001280831.1          12.93%    passed    100.00%
  20  Malus_domestica_XP_008338216.2           0.71%    passed     99.76%
  21  Malus_domestica_XP_028949082.1           1.06%    passed     99.84%
  22  Pyrus_x_bretschneideri_XP_009376488.2   30.20%    passed     99.75%
  23  Prunus_mume_XP_008218930.1              12.93%    passed    100.00%
  24  Prunus_persica_XP_007225223.1           12.93%    passed    100.00%
  25  Prunus_persica_XP_020420391.1           13.28%    passed    100.00%
  26  Malus_domestica_NP_001280890.1          13.40%    passed    100.00%
  27  Malus_domestica_XP_008394303.1          12.69%    passed    100.00%
  28  Pyrus_x_bretschneideri_XP_009366243.1   12.69%    passed    100.00%
  29  Vitis_vinifera_NP_001268102.1           12.93%    passed     99.92%
  30  Vitis_vinifera_XP_010644801.1           12.81%    passed     99.93%
  31  Cicer_arietinum_XP_004515179.1          13.40%    passed     99.99%
  32  Cicer_arietinum_XP_027186575.1          13.04%    passed    100.00%
  33  Cicer_arietinum_XP_004515182.1          26.09%    passed     99.91%
  34  Medicago_truncatula_XP_024638620.1      12.93%    passed    100.00%
  35  Glycine_max_XP_003534452.1              13.04%    passed    100.00%
  36  Glycine_max_XP_006586749.1              20.80%    passed     99.89%
  37  Glycine_max_XP_006592983.1              13.16%    passed    100.00%
  38  Phaseolus_vulgaris_XP_007133875.1       12.81%    passed    100.00%
  39  Cucumis_melo_NP_001284453.1             13.04%    passed    100.00%
  40  Cucumis_melo_XP_008450396.1             13.04%    passed    100.00%
  41  Cucumis_sativus_NP_001267562.1          13.04%    passed    100.00%
  42  Capsicum_annuum_XP_016552559.1          13.28%    passed    100.00%
  43  Solanum_lycopersicum_NP_001234153.2     13.51%    passed    100.00%
  44  Solanum_pennellii_XP_015080294.1        13.51%    passed    100.00%
  45  Solanum_tuberosum_XP_006348376.1        13.51%    passed    100.00%
  46  Solanum_tuberosum_XP_015164676.1        26.67%    passed     99.92%
  47  Nicotiana_attenuata_XP_019226569.1      17.74%    passed    100.00%
  48  Capsicum_annuum_XP_016555239.1          11.28%    passed    100.00%
  49  Solanum_lycopersicum_NP_001234149.1     11.40%    passed    100.00%
  50  Solanum_lycopersicum_XP_010313639.1     11.75%    passed    100.00%
  51  Solanum_lycopersicum_XP_010313640.1     15.16%    passed    100.00%
  52  Solanum_pennellii_XP_015061763.1        11.40%    passed    100.00%
  53  Solanum_pennellii_XP_015061764.1        11.75%    passed    100.00%
  54  Solanum_pennellii_XP_027769444.1        15.16%    passed    100.00%
  55  Solanum_tuberosum_XP_006349996.1        11.40%    passed    100.00%
  56  Solanum_tuberosum_XP_006349997.1        11.75%    passed    100.00%
  57  Nicotiana_attenuata_XP_019239919.1      11.40%    passed    100.00%
  58  Papaver_somniferum_XP_026393070.1       13.04%    passed     99.98%
  59  Papaver_somniferum_XP_026405705.1       13.04%    passed     99.98%
  60  Helianthus_annuus_XP_021969162.1        13.98%    passed     99.95%
  61  Helianthus_annuus_XP_035842487.1        13.40%    passed     99.97%
****  TOTAL                                   14.19%  0 sequences failed composition chi2 test (p-value<5%; df=19)


Create initial parsimony tree by phylogenetic likelihood library (PLL)... 0.022 seconds
Perform fast likelihood tree search using LG+I+G model...
Estimate model parameters (epsilon = 5.000)
Perform nearest neighbor interchange...
Estimate model parameters (epsilon = 1.000)
1. Initial log-likelihood: -11184.340
Optimal log-likelihood: -11184.319
Proportion of invariable sites: 0.256
Gamma shape alpha: 0.895
Parameters optimization took 1 rounds (0.058 sec)
Time for fast ML tree search: 0.638 seconds

NOTE: ModelFinder requires 72 MB RAM!
ModelFinder will test up to 546 protein models (sample size: 851) ...
 No. Model         -LnL         df  AIC          AICc         BIC
  1  LG            11711.522    119 23661.043    23700.113    24225.866
  2  LG+I          11327.788    120 22895.576    22935.357    23465.146
  3  LG+G4         11194.988    120 22629.976    22669.756    23199.545
  4  LG+I+G4       11184.272    121 22610.543    22651.043    23184.859
  5  LG+R2         11234.060    121 22710.120    22750.619    23284.436
  6  LG+R3         11181.944    123 22609.888    22651.846    23193.696
  7  LG+R4         11181.477    125 22612.954    22656.402    23206.256
 17  LG+F+I+G4     11142.147    140 22564.295    22619.900    23228.792
 19  LG+F+R3       11140.798    142 22565.595    22622.957    23239.586
 30  WAG+I+G4      11178.564    121 22599.129    22639.628    23173.445
 32  WAG+R3        11176.041    123 22598.083    22640.041    23181.891
 43  WAG+F+I+G4    11127.976    140 22535.952    22591.557    23200.449
 45  WAG+F+R3      11125.758    142 22535.516    22592.877    23209.506
 56  JTT+I+G4      10985.141    121 22212.282    22252.781    22786.598
 58  JTT+R3        10983.394    123 22212.788    22254.746    22796.596
 69  JTT+F+I+G4    10949.601    140 22179.203    22234.808    22843.701
 71  JTT+F+R3      10949.126    142 22182.252    22239.614    22856.243
 82  JTTDCMut+I+G4 10990.607    121 22223.214    22263.713    22797.530
 84  JTTDCMut+R3   10988.808    123 22223.616    22265.575    22807.425
 95  JTTDCMut+F+I+G4 10952.718    140 22185.436    22241.041    22849.933
 97  JTTDCMut+F+R3 10952.115    142 22188.230    22245.591    22862.220
108  DCMut+I+G4    11229.542    121 22701.084    22741.584    23275.400
110  DCMut+R3      11227.616    123 22701.232    22743.190    23285.040
121  DCMut+F+I+G4  11147.198    140 22574.396    22630.001    23238.893
123  DCMut+F+R3    11144.648    142 22573.296    22630.657    23247.286
134  VT+I+G4       11195.269    121 22632.539    22673.038    23206.854
136  VT+R3         11193.496    123 22632.991    22674.950    23216.800
147  VT+F+I+G4     11160.171    140 22600.343    22655.948    23264.840
149  VT+F+R3       11158.971    142 22601.941    22659.303    23275.932
160  PMB+I+G4      11354.186    121 22950.372    22990.872    23524.688
162  PMB+R3        11353.670    123 22953.340    22995.299    23537.149
173  PMB+F+I+G4    11340.712    140 22961.423    23017.029    23625.921
175  PMB+F+R3      11340.269    142 22964.538    23021.899    23638.528
186  Blosum62+I+G4 11392.350    121 23026.700    23067.199    23601.016
188  Blosum62+R3   11391.659    123 23029.318    23071.277    23613.127
199  Blosum62+F+I+G4 11370.896    140 23021.792    23077.397    23686.289
201  Blosum62+F+R3 11370.101    142 23024.201    23081.563    23698.192
212  Dayhoff+I+G4  11228.543    121 22699.087    22739.586    23273.403
214  Dayhoff+R3    11226.609    123 22699.218    22741.177    23283.027
225  Dayhoff+F+I+G4 11146.398    140 22572.796    22628.401    23237.293
227  Dayhoff+F+R3  11143.819    142 22571.638    22628.999    23245.628
238  mtREV+I+G4    11431.739    121 23105.477    23145.977    23679.793
240  mtREV+R3      11430.217    123 23106.435    23148.394    23690.243
251  mtREV+F+I+G4  11151.966    140 22583.932    22639.537    23248.430
253  mtREV+F+R3    11148.282    142 22580.563    22637.925    23254.554
264  mtART+I+G4    11637.151    121 23516.301    23556.800    24090.617
266  mtART+R3      11632.003    123 23510.006    23551.965    24093.815
277  mtART+F+I+G4  11383.521    140 23047.042    23102.648    23711.540
279  mtART+F+R3    11382.832    142 23049.665    23107.026    23723.655
290  mtZOA+I+G4    11363.965    121 22969.930    23010.429    23544.245
292  mtZOA+R3      11367.782    123 22981.563    23023.522    23565.372
303  mtZOA+F+I+G4  11199.849    140 22679.699    22735.304    23344.196
305  mtZOA+F+R3    11201.772    142 22687.543    22744.905    23361.534
316  mtMet+I+G4    11337.535    121 22917.071    22957.570    23491.387
318  mtMet+R3      11342.267    123 22930.535    22972.494    23514.344
329  mtMet+F+I+G4  11047.343    140 22374.687    22430.293    23039.185
331  mtMet+F+R3    11049.609    142 22383.219    22440.580    23057.209
342  mtVer+I+G4    11363.811    121 22969.622    23010.121    23543.938
344  mtVer+R3      11368.578    123 22983.155    23025.114    23566.964
355  mtVer+F+I+G4  11104.153    140 22488.306    22543.912    23152.804
357  mtVer+F+R3    11105.270    142 22494.540    22551.901    23168.530
368  mtInv+I+G4    11472.585    121 23187.171    23227.670    23761.487
370  mtInv+R3      11476.379    123 23198.759    23240.718    23782.568
381  mtInv+F+I+G4  11068.435    140 22416.871    22472.476    23081.368
383  mtInv+F+R3    11068.491    142 22420.983    22478.344    23094.973
394  mtMAM+I+G4    11510.856    121 23263.713    23304.212    23838.029
396  mtMAM+R3      11517.284    123 23280.568    23322.527    23864.377
407  mtMAM+F+I+G4  11247.059    140 22774.118    22829.723    23438.616
409  mtMAM+F+R3    11250.268    142 22784.536    22841.898    23458.527
420  HIVb+I+G4     11089.103    121 22420.206    22460.705    22994.522
422  HIVb+R3       11087.804    123 22421.608    22463.566    23005.416
433  HIVb+F+I+G4   10994.638    140 22269.276    22324.882    22933.774
435  HIVb+F+R3     10994.979    142 22273.957    22331.319    22947.948
446  HIVw+I+G4     11461.400    121 23164.801    23205.300    23739.117
448  HIVw+R3       11457.493    123 23160.986    23202.945    23744.794
459  HIVw+F+I+G4   11255.270    140 22790.540    22846.145    23455.037
461  HIVw+F+R3     11253.812    142 22791.623    22848.985    23465.614
472  FLU+I+G4      11205.162    121 22652.323    22692.822    23226.639
474  FLU+R3        11201.184    123 22648.368    22690.327    23232.177
485  FLU+F+I+G4    11127.418    140 22534.836    22590.442    23199.334
487  FLU+F+R3      11126.321    142 22536.643    22594.004    23210.633
498  rtREV+I+G4    11378.785    121 22999.570    23040.070    23573.886
500  rtREV+R3      11376.631    123 22999.263    23041.221    23583.071
511  rtREV+F+I+G4  11265.836    140 22811.672    22867.277    23476.169
513  rtREV+F+R3    11264.549    142 22813.098    22870.460    23487.089
524  cpREV+I+G4    11191.907    121 22625.813    22666.313    23200.129
526  cpREV+R3      11185.406    123 22616.812    22658.771    23200.621
537  cpREV+F+I+G4  11133.736    140 22547.472    22603.078    23211.970
539  cpREV+F+R3    11127.194    142 22538.387    22595.749    23212.378
Akaike Information Criterion:           JTT+F+I+G4
Corrected Akaike Information Criterion: JTT+F+I+G4
Bayesian Information Criterion:         JTT+I+G4
Best-fit model: JTT+I+G4 chosen according to BIC

All model information printed to mafft/OG0003776_clean_align.out.model.gz
CPU time for ModelFinder: 2983.931 seconds (0h:49m:43s)
Wall-clock time for ModelFinder: 124.725 seconds (0h:2m:4s)
Generating 10000 samples for ultrafast bootstrap (seed: 202446)...

NOTE: 41 MB RAM (0 GB) is required!
Estimate model parameters (epsilon = 0.100)
Thoroughly optimizing +I+G parameters from 10 start values...
Init pinv, alpha: 0.000, 0.992 / Estimate: 0.000, 0.492 / LogL: -10995.438
Init pinv, alpha: 0.057, 0.992 / Estimate: 0.226, 0.855 / LogL: -10985.773
Init pinv, alpha: 0.114, 0.992 / Estimate: 0.228, 0.860 / LogL: -10985.733
Init pinv, alpha: 0.171, 0.992 / Estimate: 0.228, 0.860 / LogL: -10985.732
Init pinv, alpha: 0.228, 0.992 / Estimate: 0.238, 0.890 / LogL: -10985.531
Init pinv, alpha: 0.285, 0.992 / Estimate: 0.283, 1.054 / LogL: -10985.104
Init pinv, alpha: 0.342, 0.992 / Estimate: 0.307, 1.169 / LogL: -10985.358
Init pinv, alpha: 0.398, 0.992 / Estimate: 0.304, 1.151 / LogL: -10985.294
Init pinv, alpha: 0.455, 0.992 / Estimate: 0.303, 1.149 / LogL: -10985.290
Init pinv, alpha: 0.512, 0.992 / Estimate: 0.305, 1.159 / LogL: -10985.327
Optimal pinv,alpha: 0.283, 1.054 / LogL: -10985.104

Parameters optimization took 5.247 sec
Computing ML distances based on estimated model parameters... 0.494 sec
Computing BIONJ tree...
0.004 seconds
Log-likelihood of BIONJ tree: -11050.533
--------------------------------------------------------------------
|             INITIALIZING CANDIDATE TREE SET                      |
--------------------------------------------------------------------
Generating 98 parsimony trees... 1.956 second
Computing log-likelihood of 98 initial trees ... 2.804 seconds
Current best score: -10985.104

Do NNI search on 20 best initial trees
Estimate model parameters (epsilon = 0.100)
BETTER TREE FOUND at iteration 1: -10985.103
Iteration 10 / LogL: -10985.217 / Time: 0h:0m:14s
Iteration 20 / LogL: -10985.217 / Time: 0h:0m:18s
Finish initializing candidate tree set (4)
Current best tree score: -10985.103 / CPU time: 13.229
Number of iterations: 20
--------------------------------------------------------------------
|               OPTIMIZING CANDIDATE TREE SET                      |
--------------------------------------------------------------------
Estimate model parameters (epsilon = 0.100)
BETTER TREE FOUND at iteration 23: -10983.919
Estimate model parameters (epsilon = 0.100)
BETTER TREE FOUND at iteration 28: -10983.692
Iteration 30 / LogL: -10985.192 / Time: 0h:0m:27s (0h:1m:32s left)
Iteration 40 / LogL: -10985.112 / Time: 0h:0m:34s (0h:1m:18s left)
Iteration 50 / LogL: -10983.994 / Time: 0h:0m:42s (0h:1m:7s left)
Log-likelihood cutoff on original alignment: -11033.679
Iteration 60 / LogL: -10985.073 / Time: 0h:0m:53s (0h:1m:1s left)
Iteration 70 / LogL: -10983.997 / Time: 0h:1m:0s (0h:0m:51s left)
Iteration 80 / LogL: -10983.921 / Time: 0h:1m:9s (0h:0m:42s left)
UPDATE BEST LOG-LIKELIHOOD: -10983.692
UPDATE BEST LOG-LIKELIHOOD: -10983.691
Iteration 90 / LogL: -10983.921 / Time: 0h:1m:16s (0h:0m:32s left)
Iteration 100 / LogL: -10983.693 / Time: 0h:1m:25s (0h:0m:24s left)
Log-likelihood cutoff on original alignment: -11033.679
NOTE: Bootstrap correlation coefficient of split occurrence frequencies: 0.999
Iteration 110 / LogL: -10983.695 / Time: 0h:1m:36s (0h:1m:19s left)
Iteration 120 / LogL: -10983.922 / Time: 0h:1m:44s (0h:1m:10s left)
TREE SEARCH COMPLETED AFTER 129 ITERATIONS / Time: 0h:1m:51s

--------------------------------------------------------------------
|                    FINALIZING TREE SEARCH                        |
--------------------------------------------------------------------
Performs final model parameters optimization
Estimate model parameters (epsilon = 0.010)
1. Initial log-likelihood: -10983.691
Optimal log-likelihood: -10983.691
Proportion of invariable sites: 0.282
Gamma shape alpha: 1.064
Parameters optimization took 1 rounds (0.063 sec)
BEST SCORE FOUND : -10983.691
Creating bootstrap support values...
Split supports printed to NEXUS file mafft/OG0003776_clean_align.out.splits.nex
Total tree length: 2.264

Total number of iterations: 129
CPU time used for tree search: 2237.199 sec (0h:37m:17s)
Wall-clock time used for tree search: 106.220 sec (0h:1m:46s)
Total CPU time used: 2370.693 sec (0h:39m:30s)
Total wall-clock time used: 114.703 sec (0h:1m:54s)

Computing bootstrap consensus tree...
Reading input file mafft/OG0003776_clean_align.out.splits.nex...
61 taxa and 330 splits.
Consensus tree written to mafft/OG0003776_clean_align.out.contree
Reading input trees file mafft/OG0003776_clean_align.out.contree
Log-likelihood of consensus tree: -10983.937

Analysis results written to: 
  IQ-TREE report:                mafft/OG0003776_clean_align.out.iqtree
  Maximum-likelihood tree:       mafft/OG0003776_clean_align.out.treefile
  Likelihood distances:          mafft/OG0003776_clean_align.out.mldist

Ultrafast bootstrap approximation results written to:
  Split support values:          mafft/OG0003776_clean_align.out.splits.nex
  Consensus tree:                mafft/OG0003776_clean_align.out.contree
  Screen log file:               mafft/OG0003776_clean_align.out.log

Date and Time: Tue May  3 13:09:26 2022
