IQ-TREE multicore version 2.0.6 for Linux 64-bit built Jul 10 2020
Developed by Bui Quang Minh, Nguyen Lam Tung, Olga Chernomor,
Heiko Schmidt, Dominik Schrempf, Michael Woodhams.

Host:    cn-mem (AVX2, FMA3, 3023 GB RAM)
Command: iqtree2 -s mafft/OG0012495_clean_align.out -T 24 -B 10000 -m MFP
Seed:    678418 (Using SPRNG - Scalable Parallel Random Number Generator)
Time:    Tue May  3 13:20:37 2022
Kernel:  AVX+FMA - 24 threads (144 CPU cores detected)

Reading alignment file mafft/OG0012495_clean_align.out ... Fasta format detected
Alignment most likely contains protein sequences
Alignment has 33 sequences with 353 columns, 294 distinct patterns
177 parsimony-informative, 53 singleton sites, 123 constant sites
                                       Gap/Ambiguity  Composition  p-value
   1  Arabidopsis_lyrata_XP_002883982.1       12.18%    passed     99.79%
   2  Arabidopsis_lyrata_XP_020887383.1       12.18%    passed     99.91%
   3  Arabidopsis_thaliana_NP_179549.1        12.18%    passed     99.88%
   4  Capsella_rubella_XP_006298182.1         12.18%    passed     99.95%
   5  Brassica_oleracea_XP_013604300.1        12.18%    passed     99.98%
   6  Brassica_rapa_XP_009117531.1            12.18%    passed     99.99%
   7  Eutrema_salsugineum_XP_006408876.1      11.90%    passed     98.29%
   8  Brassica_oleracea_XP_013615142.1        12.18%    passed     98.51%
   9  Brassica_rapa_XP_009102154.1            12.18%    passed     99.48%
  10  Brassica_rapa_XP_033131695.1            43.91%    passed     90.46%
  11  Arabidopsis_thaliana_NP_001324863.1     16.43%    passed     99.99%
  12  Capsicum_annuum_XP_016551165.1          14.73%    passed     99.98%
  13  Solanum_lycopersicum_NP_001234037.1     14.73%    passed     99.94%
  14  Solanum_pennellii_XP_015081139.1        14.73%    passed     99.84%
  15  Solanum_tuberosum_NP_001275149.1        11.61%    passed     99.77%
  16  Nicotiana_attenuata_XP_019240518.1      14.73%    passed     99.99%
  17  Cicer_arietinum_XP_004513099.1          14.73%    passed     98.56%
  18  Medicago_truncatula_XP_003620934.1      14.16%    passed     98.88%
  19  Phaseolus_vulgaris_XP_007160235.1       13.03%    passed     99.99%
  20  Citrus_sinensis_XP_006475453.1          12.18%    passed     99.95%
  21  Fragaria_vesca_XP_004287539.1           13.60%    passed     98.49%
  22  Fragaria_vesca_XP_004288926.1           13.03%    passed     99.07%
  23  Malus_domestica_XP_008337682.2          13.60%    passed    100.00%
  24  Pyrus_x_bretschneideri_XP_009352635.1   13.60%    passed    100.00%
  25  Prunus_mume_XP_008242414.1              15.01%    passed     99.99%
  26  Prunus_persica_XP_007202367.1           15.01%    passed     99.99%
  27  Vitis_vinifera_XP_002279746.4            6.80%    passed     99.96%
  28  Manihot_esculenta_XP_021606663.1        13.31%    passed    100.00%
  29  Populus_euphratica_XP_011010059.1       14.16%    passed    100.00%
  30  Populus_trichocarpa_XP_002309227.2      13.60%    passed     99.98%
  31  Cucumis_melo_XP_008459274.1             15.01%    passed     98.31%
  32  Cucumis_sativus_XP_004141049.1          15.01%    passed     99.75%
  33  Cucumis_sativus_XP_031736607.1          13.31%    passed     99.89%
****  TOTAL                                   14.22%  0 sequences failed composition chi2 test (p-value<5%; df=19)


Create initial parsimony tree by phylogenetic likelihood library (PLL)... 0.004 seconds
WARNING: Number of threads seems too high for short alignments. Use -T AUTO to determine best number of threads.
Perform fast likelihood tree search using LG+I+G model...
Estimate model parameters (epsilon = 5.000)
Perform nearest neighbor interchange...
Estimate model parameters (epsilon = 1.000)
1. Initial log-likelihood: -5492.483
Optimal log-likelihood: -5492.432
Proportion of invariable sites: 0.146
Gamma shape alpha: 1.204
Parameters optimization took 1 rounds (0.027 sec)
Time for fast ML tree search: 0.311 seconds

NOTE: ModelFinder requires 28 MB RAM!
ModelFinder will test up to 546 protein models (sample size: 353) ...
 No. Model         -LnL         df  AIC          AICc         BIC
WARNING: Number of threads seems too high for short alignments. Use -T AUTO to determine best number of threads.
  1  LG            5679.816     63  11485.632    11513.535    11729.220
WARNING: Number of threads seems too high for short alignments. Use -T AUTO to determine best number of threads.
  2  LG+I          5565.637     64  11259.274    11288.163    11506.728
WARNING: Number of threads seems too high for short alignments. Use -T AUTO to determine best number of threads.
  3  LG+G4         5492.739     64  11113.477    11142.366    11360.931
WARNING: Number of threads seems too high for short alignments. Use -T AUTO to determine best number of threads.
  4  LG+I+G4       5492.390     65  11114.781    11144.676    11366.101
WARNING: Number of threads seems too high for short alignments. Use -T AUTO to determine best number of threads.
  5  LG+R2         5496.321     65  11122.643    11152.538    11373.963
WARNING: Number of threads seems too high for short alignments. Use -T AUTO to determine best number of threads.
  6  LG+R3         5491.302     67  11116.604    11148.576    11375.657
WARNING: Number of threads seems too high for short alignments. Use -T AUTO to determine best number of threads.
 16  LG+F+G4       5461.272     83  11088.544    11140.380    11409.461
WARNING: Number of threads seems too high for short alignments. Use -T AUTO to determine best number of threads.
 17  LG+F+I+G4     5460.532     84  11089.065    11142.348    11413.848
WARNING: Number of threads seems too high for short alignments. Use -T AUTO to determine best number of threads.
 29  WAG+G4        5490.713     64  11109.425    11138.314    11356.879
WARNING: Number of threads seems too high for short alignments. Use -T AUTO to determine best number of threads.
 30  WAG+I+G4      5489.474     65  11108.948    11138.844    11360.269
WARNING: Number of threads seems too high for short alignments. Use -T AUTO to determine best number of threads.
 42  WAG+F+G4      5459.280     83  11084.561    11136.397    11405.477
WARNING: Number of threads seems too high for short alignments. Use -T AUTO to determine best number of threads.
 43  WAG+F+I+G4    5458.183     84  11084.366    11137.649    11409.149
WARNING: Number of threads seems too high for short alignments. Use -T AUTO to determine best number of threads.
 55  JTT+G4        5450.311     64  11028.622    11057.510    11276.076
WARNING: Number of threads seems too high for short alignments. Use -T AUTO to determine best number of threads.
 56  JTT+I+G4      5448.756     65  11027.512    11057.407    11278.832
WARNING: Number of threads seems too high for short alignments. Use -T AUTO to determine best number of threads.
 68  JTT+F+G4      5412.078     83  10990.156    11041.992    11311.073
WARNING: Number of threads seems too high for short alignments. Use -T AUTO to determine best number of threads.
 69  JTT+F+I+G4    5410.514     84  10989.029    11042.313    11313.812
WARNING: Number of threads seems too high for short alignments. Use -T AUTO to determine best number of threads.
 81  JTTDCMut+G4   5453.525     64  11035.050    11063.939    11282.504
WARNING: Number of threads seems too high for short alignments. Use -T AUTO to determine best number of threads.
 82  JTTDCMut+I+G4 5451.971     65  11033.942    11063.838    11285.263
WARNING: Number of threads seems too high for short alignments. Use -T AUTO to determine best number of threads.
 94  JTTDCMut+F+G4 5415.326     83  10996.652    11048.488    11317.568
WARNING: Number of threads seems too high for short alignments. Use -T AUTO to determine best number of threads.
 95  JTTDCMut+F+I+G4 5413.785     84  10995.569    11048.853    11320.353
WARNING: Number of threads seems too high for short alignments. Use -T AUTO to determine best number of threads.
107  DCMut+G4      5552.288     64  11232.576    11261.465    11480.030
WARNING: Number of threads seems too high for short alignments. Use -T AUTO to determine best number of threads.
108  DCMut+I+G4    5549.886     65  11229.772    11259.668    11481.093
WARNING: Number of threads seems too high for short alignments. Use -T AUTO to determine best number of threads.
120  DCMut+F+G4    5507.748     83  11181.497    11233.333    11502.414
WARNING: Number of threads seems too high for short alignments. Use -T AUTO to determine best number of threads.
121  DCMut+F+I+G4  5506.113     84  11180.226    11233.510    11505.010
WARNING: Number of threads seems too high for short alignments. Use -T AUTO to determine best number of threads.
133  VT+G4         5519.463     64  11166.926    11195.814    11414.380
WARNING: Number of threads seems too high for short alignments. Use -T AUTO to determine best number of threads.
134  VT+I+G4       5518.203     65  11166.406    11196.301    11417.726
WARNING: Number of threads seems too high for short alignments. Use -T AUTO to determine best number of threads.
146  VT+F+G4       5492.591     83  11151.182    11203.019    11472.099
WARNING: Number of threads seems too high for short alignments. Use -T AUTO to determine best number of threads.
147  VT+F+I+G4     5491.210     84  11150.421    11203.704    11475.204
WARNING: Number of threads seems too high for short alignments. Use -T AUTO to determine best number of threads.
159  PMB+G4        5605.344     64  11338.689    11367.578    11586.143
WARNING: Number of threads seems too high for short alignments. Use -T AUTO to determine best number of threads.
160  PMB+I+G4      5605.042     65  11340.084    11369.980    11591.405
WARNING: Number of threads seems too high for short alignments. Use -T AUTO to determine best number of threads.
172  PMB+F+G4      5573.006     83  11312.012    11363.849    11632.929
WARNING: Number of threads seems too high for short alignments. Use -T AUTO to determine best number of threads.
173  PMB+F+I+G4    5572.418     84  11312.837    11366.121    11637.620
WARNING: Number of threads seems too high for short alignments. Use -T AUTO to determine best number of threads.
185  Blosum62+G4   5603.636     64  11335.272    11364.161    11582.726
WARNING: Number of threads seems too high for short alignments. Use -T AUTO to determine best number of threads.
186  Blosum62+I+G4 5603.041     65  11336.082    11365.977    11587.402
WARNING: Number of threads seems too high for short alignments. Use -T AUTO to determine best number of threads.
198  Blosum62+F+G4 5586.455     83  11338.910    11390.747    11659.827
WARNING: Number of threads seems too high for short alignments. Use -T AUTO to determine best number of threads.
199  Blosum62+F+I+G4 5585.418     84  11338.836    11392.120    11663.619
WARNING: Number of threads seems too high for short alignments. Use -T AUTO to determine best number of threads.
211  Dayhoff+G4    5551.796     64  11231.593    11260.482    11479.047
WARNING: Number of threads seems too high for short alignments. Use -T AUTO to determine best number of threads.
212  Dayhoff+I+G4  5549.379     65  11228.758    11258.654    11480.079
WARNING: Number of threads seems too high for short alignments. Use -T AUTO to determine best number of threads.
224  Dayhoff+F+G4  5507.244     83  11180.488    11232.325    11501.405
WARNING: Number of threads seems too high for short alignments. Use -T AUTO to determine best number of threads.
225  Dayhoff+F+I+G4 5505.591     84  11179.182    11232.465    11503.965
WARNING: Number of threads seems too high for short alignments. Use -T AUTO to determine best number of threads.
237  mtREV+G4      5731.252     64  11590.505    11619.393    11837.959
WARNING: Number of threads seems too high for short alignments. Use -T AUTO to determine best number of threads.
238  mtREV+I+G4    5731.644     65  11593.288    11623.184    11844.609
WARNING: Number of threads seems too high for short alignments. Use -T AUTO to determine best number of threads.
250  mtREV+F+G4    5516.504     83  11199.008    11250.845    11519.925
WARNING: Number of threads seems too high for short alignments. Use -T AUTO to determine best number of threads.
251  mtREV+F+I+G4  5515.686     84  11199.373    11252.656    11524.156
WARNING: Number of threads seems too high for short alignments. Use -T AUTO to determine best number of threads.
263  mtART+G4      5803.099     64  11734.197    11763.086    11981.651
WARNING: Number of threads seems too high for short alignments. Use -T AUTO to determine best number of threads.
264  mtART+I+G4    5803.198     65  11736.397    11766.292    11987.717
WARNING: Number of threads seems too high for short alignments. Use -T AUTO to determine best number of threads.
276  mtART+F+G4    5599.228     83  11364.455    11416.292    11685.372
WARNING: Number of threads seems too high for short alignments. Use -T AUTO to determine best number of threads.
277  mtART+F+I+G4  5599.870     84  11367.739    11421.023    11692.522
WARNING: Number of threads seems too high for short alignments. Use -T AUTO to determine best number of threads.
289  mtZOA+G4      5677.778     64  11483.556    11512.445    11731.010
WARNING: Number of threads seems too high for short alignments. Use -T AUTO to determine best number of threads.
290  mtZOA+I+G4    5678.443     65  11486.886    11516.782    11738.207
WARNING: Number of threads seems too high for short alignments. Use -T AUTO to determine best number of threads.
302  mtZOA+F+G4    5498.718     83  11163.436    11215.273    11484.353
WARNING: Number of threads seems too high for short alignments. Use -T AUTO to determine best number of threads.
303  mtZOA+F+I+G4  5498.667     84  11165.335    11218.618    11490.118
WARNING: Number of threads seems too high for short alignments. Use -T AUTO to determine best number of threads.
315  mtMet+G4      5643.829     64  11415.658    11444.547    11663.112
WARNING: Number of threads seems too high for short alignments. Use -T AUTO to determine best number of threads.
316  mtMet+I+G4    5644.522     65  11419.044    11448.939    11670.364
WARNING: Number of threads seems too high for short alignments. Use -T AUTO to determine best number of threads.
328  mtMet+F+G4    5446.602     83  11059.204    11111.041    11380.121
WARNING: Number of threads seems too high for short alignments. Use -T AUTO to determine best number of threads.
329  mtMet+F+I+G4  5446.277     84  11060.554    11113.838    11385.338
WARNING: Number of threads seems too high for short alignments. Use -T AUTO to determine best number of threads.
341  mtVer+G4      5679.463     64  11486.927    11515.816    11734.381
WARNING: Number of threads seems too high for short alignments. Use -T AUTO to determine best number of threads.
342  mtVer+I+G4    5680.091     65  11490.182    11520.077    11741.502
WARNING: Number of threads seems too high for short alignments. Use -T AUTO to determine best number of threads.
354  mtVer+F+G4    5472.025     83  11110.051    11161.887    11430.968
WARNING: Number of threads seems too high for short alignments. Use -T AUTO to determine best number of threads.
355  mtVer+F+I+G4  5471.492     84  11110.984    11164.267    11435.767
WARNING: Number of threads seems too high for short alignments. Use -T AUTO to determine best number of threads.
367  mtInv+G4      5689.648     64  11507.297    11536.186    11754.751
WARNING: Number of threads seems too high for short alignments. Use -T AUTO to determine best number of threads.
368  mtInv+I+G4    5690.027     65  11510.055    11539.950    11761.375
WARNING: Number of threads seems too high for short alignments. Use -T AUTO to determine best number of threads.
380  mtInv+F+G4    5458.114     83  11082.228    11134.064    11403.145
WARNING: Number of threads seems too high for short alignments. Use -T AUTO to determine best number of threads.
381  mtInv+F+I+G4  5457.686     84  11083.371    11136.655    11408.154
WARNING: Number of threads seems too high for short alignments. Use -T AUTO to determine best number of threads.
393  mtMAM+G4      5779.349     64  11686.697    11715.586    11934.151
WARNING: Number of threads seems too high for short alignments. Use -T AUTO to determine best number of threads.
394  mtMAM+I+G4    5778.925     65  11687.850    11717.745    11939.170
WARNING: Number of threads seems too high for short alignments. Use -T AUTO to determine best number of threads.
406  mtMAM+F+G4    5565.599     83  11297.198    11349.034    11618.114
WARNING: Number of threads seems too high for short alignments. Use -T AUTO to determine best number of threads.
407  mtMAM+F+I+G4  5564.572     84  11297.144    11350.428    11621.928
WARNING: Number of threads seems too high for short alignments. Use -T AUTO to determine best number of threads.
419  HIVb+G4       5500.837     64  11129.674    11158.563    11377.128
WARNING: Number of threads seems too high for short alignments. Use -T AUTO to determine best number of threads.
420  HIVb+I+G4     5500.070     65  11130.141    11160.036    11381.461
WARNING: Number of threads seems too high for short alignments. Use -T AUTO to determine best number of threads.
432  HIVb+F+G4     5454.186     83  11074.372    11126.208    11395.288
WARNING: Number of threads seems too high for short alignments. Use -T AUTO to determine best number of threads.
433  HIVb+F+I+G4   5453.042     84  11074.083    11127.367    11398.867
WARNING: Number of threads seems too high for short alignments. Use -T AUTO to determine best number of threads.
445  HIVw+G4       5642.897     64  11413.793    11442.682    11661.247
WARNING: Number of threads seems too high for short alignments. Use -T AUTO to determine best number of threads.
446  HIVw+I+G4     5641.227     65  11412.455    11442.350    11663.775
WARNING: Number of threads seems too high for short alignments. Use -T AUTO to determine best number of threads.
458  HIVw+F+G4     5577.462     83  11320.923    11372.760    11641.840
WARNING: Number of threads seems too high for short alignments. Use -T AUTO to determine best number of threads.
459  HIVw+F+I+G4   5575.747     84  11319.493    11372.777    11644.277
WARNING: Number of threads seems too high for short alignments. Use -T AUTO to determine best number of threads.
471  FLU+G4        5529.604     64  11187.208    11216.097    11434.662
WARNING: Number of threads seems too high for short alignments. Use -T AUTO to determine best number of threads.
472  FLU+I+G4      5529.491     65  11188.983    11218.878    11440.303
WARNING: Number of threads seems too high for short alignments. Use -T AUTO to determine best number of threads.
484  FLU+F+G4      5493.906     83  11153.812    11205.648    11474.728
WARNING: Number of threads seems too high for short alignments. Use -T AUTO to determine best number of threads.
485  FLU+F+I+G4    5493.934     84  11155.867    11209.151    11480.650
WARNING: Number of threads seems too high for short alignments. Use -T AUTO to determine best number of threads.
497  rtREV+G4      5596.784     64  11321.567    11350.456    11569.021
WARNING: Number of threads seems too high for short alignments. Use -T AUTO to determine best number of threads.
498  rtREV+I+G4    5596.557     65  11323.115    11353.010    11574.435
WARNING: Number of threads seems too high for short alignments. Use -T AUTO to determine best number of threads.
510  rtREV+F+G4    5533.265     83  11232.531    11284.367    11553.447
WARNING: Number of threads seems too high for short alignments. Use -T AUTO to determine best number of threads.
511  rtREV+F+I+G4  5532.743     84  11233.486    11286.770    11558.270
WARNING: Number of threads seems too high for short alignments. Use -T AUTO to determine best number of threads.
523  cpREV+G4      5493.301     64  11114.602    11143.491    11362.056
WARNING: Number of threads seems too high for short alignments. Use -T AUTO to determine best number of threads.
524  cpREV+I+G4    5492.343     65  11114.685    11144.581    11366.006
WARNING: Number of threads seems too high for short alignments. Use -T AUTO to determine best number of threads.
536  cpREV+F+G4    5472.512     83  11111.024    11162.861    11431.941
WARNING: Number of threads seems too high for short alignments. Use -T AUTO to determine best number of threads.
537  cpREV+F+I+G4  5470.935     84  11109.870    11163.154    11434.654
Akaike Information Criterion:           JTT+F+I+G4
Corrected Akaike Information Criterion: JTT+F+G4
Bayesian Information Criterion:         JTT+G4
Best-fit model: JTT+G4 chosen according to BIC

All model information printed to mafft/OG0012495_clean_align.out.model.gz
CPU time for ModelFinder: 183.869 seconds (0h:3m:3s)
Wall-clock time for ModelFinder: 7.740 seconds (0h:0m:7s)
Generating 10000 samples for ultrafast bootstrap (seed: 678418)...

NOTE: 18 MB RAM (0 GB) is required!
WARNING: Number of threads seems too high for short alignments. Use -T AUTO to determine best number of threads.
Estimate model parameters (epsilon = 0.100)
1. Initial log-likelihood: -5450.311
Optimal log-likelihood: -5450.311
Gamma shape alpha: 0.760
Parameters optimization took 1 rounds (0.023 sec)
Computing ML distances based on estimated model parameters... 0.219 sec
Computing BIONJ tree...
0.002 seconds
Log-likelihood of BIONJ tree: -5451.991
--------------------------------------------------------------------
|             INITIALIZING CANDIDATE TREE SET                      |
--------------------------------------------------------------------
Generating 98 parsimony trees... 0.618 second
Computing log-likelihood of 98 initial trees ... 1.835 seconds
Current best score: -5450.311

Do NNI search on 20 best initial trees
Estimate model parameters (epsilon = 0.100)
BETTER TREE FOUND at iteration 1: -5449.487
Estimate model parameters (epsilon = 0.100)
BETTER TREE FOUND at iteration 2: -5449.196
Estimate model parameters (epsilon = 0.100)
BETTER TREE FOUND at iteration 3: -5449.101
Iteration 10 / LogL: -5459.233 / Time: 0h:0m:4s
Iteration 20 / LogL: -5449.104 / Time: 0h:0m:6s
Finish initializing candidate tree set (9)
Current best tree score: -5449.101 / CPU time: 6.685
Number of iterations: 20
--------------------------------------------------------------------
|               OPTIMIZING CANDIDATE TREE SET                      |
--------------------------------------------------------------------
Iteration 30 / LogL: -5449.814 / Time: 0h:0m:10s (0h:0m:27s left)
Iteration 40 / LogL: -5449.202 / Time: 0h:0m:14s (0h:0m:23s left)
Iteration 50 / LogL: -5449.215 / Time: 0h:0m:18s (0h:0m:20s left)
Log-likelihood cutoff on original alignment: -5492.285
Iteration 60 / LogL: -5452.231 / Time: 0h:0m:23s (0h:0m:17s left)
Iteration 70 / LogL: -5449.219 / Time: 0h:0m:27s (0h:0m:12s left)
Iteration 80 / LogL: -5449.779 / Time: 0h:0m:30s (0h:0m:8s left)
Iteration 90 / LogL: -5449.945 / Time: 0h:0m:34s (0h:0m:4s left)
Iteration 100 / LogL: -5449.516 / Time: 0h:0m:37s (0h:0m:1s left)
Log-likelihood cutoff on original alignment: -5492.285
NOTE: Bootstrap correlation coefficient of split occurrence frequencies: 0.999
TREE SEARCH COMPLETED AFTER 104 ITERATIONS / Time: 0h:0m:40s

--------------------------------------------------------------------
|                    FINALIZING TREE SEARCH                        |
--------------------------------------------------------------------
Performs final model parameters optimization
Estimate model parameters (epsilon = 0.010)
1. Initial log-likelihood: -5449.101
Optimal log-likelihood: -5449.101
Gamma shape alpha: 0.761
Parameters optimization took 1 rounds (0.019 sec)
BEST SCORE FOUND : -5449.101
Creating bootstrap support values...
Split supports printed to NEXUS file mafft/OG0012495_clean_align.out.splits.nex
Total tree length: 3.245

Total number of iterations: 104
CPU time used for tree search: 789.405 sec (0h:13m:9s)
Wall-clock time used for tree search: 39.939 sec (0h:0m:39s)
Total CPU time used: 793.678 sec (0h:13m:13s)
Total wall-clock time used: 41.578 sec (0h:0m:41s)

Computing bootstrap consensus tree...
Reading input file mafft/OG0012495_clean_align.out.splits.nex...
33 taxa and 253 splits.
Consensus tree written to mafft/OG0012495_clean_align.out.contree
Reading input trees file mafft/OG0012495_clean_align.out.contree
Log-likelihood of consensus tree: -5449.200

Analysis results written to: 
  IQ-TREE report:                mafft/OG0012495_clean_align.out.iqtree
  Maximum-likelihood tree:       mafft/OG0012495_clean_align.out.treefile
  Likelihood distances:          mafft/OG0012495_clean_align.out.mldist

Ultrafast bootstrap approximation results written to:
  Split support values:          mafft/OG0012495_clean_align.out.splits.nex
  Consensus tree:                mafft/OG0012495_clean_align.out.contree
  Screen log file:               mafft/OG0012495_clean_align.out.log

Date and Time: Tue May  3 13:21:27 2022
