IQ-TREE multicore version 2.0.6 for Linux 64-bit built Jul 10 2020
Developed by Bui Quang Minh, Nguyen Lam Tung, Olga Chernomor,
Heiko Schmidt, Dominik Schrempf, Michael Woodhams.

Host:    cn046 (AVX2, FMA3, 125 GB RAM)
Command: iqtree2 -s mafft/OG0011700_nodup.aln -T 24 -B 1000 -m Q.plant+FO
Seed:    407489 (Using SPRNG - Scalable Parallel Random Number Generator)
Time:    Wed May 18 17:48:49 2022
Kernel:  AVX+FMA - 24 threads (24 CPU cores detected)

Reading alignment file mafft/OG0011700_nodup.aln ... Fasta format detected
Alignment most likely contains protein sequences
Alignment has 35 sequences with 418 columns, 291 distinct patterns
167 parsimony-informative, 58 singleton sites, 193 constant sites
                                       Gap/Ambiguity  Composition  p-value
   1  Arabidopsis_lyrata_XP_020886454.1        1.20%    passed    100.00%
   2  Capsella_rubella_XP_006297787.1          1.20%    passed     99.99%
   3  Brassica_oleracea_XP_013595296.1         1.20%    passed    100.00%
   4  Brassica_rapa_XP_009124320.1             1.20%    passed    100.00%
   5  Eutrema_salsugineum_XP_006409036.1       1.20%    passed    100.00%
   6  Arabidopsis_thaliana_NP_001324728.1     24.88%    passed     95.79%
   7  Arabidopsis_thaliana_NP_179546.2         1.20%    passed     99.95%
   8  Cicer_arietinum_XP_004493497.1           1.20%    passed     99.91%
   9  Medicago_truncatula_XP_013449617.1       0.96%    passed     99.68%
  10  Phaseolus_vulgaris_XP_007154663.1        1.20%    passed    100.00%
  11  Citrus_sinensis_XP_006475431.1           1.20%    passed    100.00%
  12  Citrus_sinensis_XP_006475433.1           9.09%    passed     99.99%
  13  Citrus_sinensis_XP_024953563.1           9.09%    passed     99.59%
  14  Fragaria_vesca_XP_004287545.1            1.20%    passed     99.84%
  15  Malus_domestica_XP_008352367.2           1.20%    passed    100.00%
  16  Pyrus_x_bretschneideri_XP_009352646.1    1.20%    passed    100.00%
  17  Malus_domestica_XP_008354431.2           1.20%    passed    100.00%
  18  Prunus_mume_XP_008242405.1               1.20%    passed    100.00%
  19  Prunus_persica_XP_007202164.1            1.20%    passed     99.99%
  20  Jatropha_curcas_XP_012076913.1           1.20%    passed    100.00%
  21  Manihot_esculenta_XP_021596800.1         1.20%    passed    100.00%
  22  Populus_euphratica_XP_011019360.1        0.72%    passed    100.00%
  23  Populus_euphratica_XP_011019361.1        1.20%    passed    100.00%
  24  Populus_trichocarpa_XP_002308527.1       1.20%    passed    100.00%
  25  Populus_trichocarpa_XP_024458504.1       0.72%    passed    100.00%
  26  Vitis_vinifera_XP_002282302.1            1.20%    passed    100.00%
  27  Cucumis_melo_XP_016901090.1              1.20%    passed     99.99%
  28  Cucumis_melo_XP_016901092.1             18.66%    passed     99.10%
  29  Cucumis_sativus_XP_004141053.1           1.20%    passed    100.00%
  30  Capsicum_annuum_XP_016580243.1           0.96%    passed     99.83%
  31  Solanum_lycopersicum_XP_004243760.1      0.72%    passed     99.74%
  32  Solanum_pennellii_XP_015083011.1         0.72%    passed     99.39%
  33  Solanum_tuberosum_XP_006346560.1         0.72%    passed     99.63%
  34  Nicotiana_attenuata_XP_019249149.1       1.20%    passed     99.95%
  35  Carica_papaya_XP_021912362.1             7.89%    passed     80.11%
****  TOTAL                                    2.93%  0 sequences failed composition chi2 test (p-value<5%; df=19)

Create initial parsimony tree by phylogenetic likelihood library (PLL)... 0.006 seconds
Generating 1000 samples for ultrafast bootstrap (seed: 407489)...

NOTE: 2 MB RAM (0 GB) is required!
WARNING: Number of threads seems too high for short alignments. Use -T AUTO to determine best number of threads.
Estimate model parameters (epsilon = 0.100)
1. Initial log-likelihood: -4975.341
2. Current log-likelihood: -4941.655
3. Current log-likelihood: -4941.344
Optimal log-likelihood: -4941.342
Parameters optimization took 3 rounds (0.434 sec)
Computing ML distances based on estimated model parameters... 0.082 sec
Computing BIONJ tree...
0.001 seconds
Log-likelihood of BIONJ tree: -4948.486
--------------------------------------------------------------------
|             INITIALIZING CANDIDATE TREE SET                      |
--------------------------------------------------------------------
Generating 98 parsimony trees... 0.458 second
Computing log-likelihood of 98 initial trees ... 0.885 seconds
Current best score: -4923.083

Do NNI search on 20 best initial trees
Estimate model parameters (epsilon = 0.100)
BETTER TREE FOUND at iteration 1: -4918.091
Iteration 10 / LogL: -4921.801 / Time: 0h:0m:3s
Iteration 20 / LogL: -4918.092 / Time: 0h:0m:3s
Finish initializing candidate tree set (10)
Current best tree score: -4918.091 / CPU time: 3.492
Number of iterations: 20
--------------------------------------------------------------------
|               OPTIMIZING CANDIDATE TREE SET                      |
--------------------------------------------------------------------
Iteration 30 / LogL: -4923.230 / Time: 0h:0m:5s (0h:0m:14s left)
Iteration 40 / LogL: -4920.148 / Time: 0h:0m:7s (0h:0m:12s left)
Iteration 50 / LogL: -4920.624 / Time: 0h:0m:9s (0h:0m:10s left)
Log-likelihood cutoff on original alignment: -4961.876
Iteration 60 / LogL: -4921.827 / Time: 0h:0m:11s (0h:0m:8s left)
Iteration 70 / LogL: -4975.334 / Time: 0h:0m:14s (0h:0m:6s left)
Iteration 80 / LogL: -4920.129 / Time: 0h:0m:15s (0h:0m:4s left)
Iteration 90 / LogL: -4920.395 / Time: 0h:0m:17s (0h:0m:2s left)
Iteration 100 / LogL: -4923.204 / Time: 0h:0m:19s (0h:0m:0s left)
Log-likelihood cutoff on original alignment: -4961.876
NOTE: Bootstrap correlation coefficient of split occurrence frequencies: 0.998
TREE SEARCH COMPLETED AFTER 102 ITERATIONS / Time: 0h:0m:19s

--------------------------------------------------------------------
|                    FINALIZING TREE SEARCH                        |
--------------------------------------------------------------------
Performs final model parameters optimization
Estimate model parameters (epsilon = 0.010)
1. Initial log-likelihood: -4918.091
Optimal log-likelihood: -4918.091
Parameters optimization took 1 rounds (0.021 sec)
BEST SCORE FOUND : -4918.091
Creating bootstrap support values...
Split supports printed to NEXUS file mafft/OG0011700_nodup.aln.splits.nex
Total tree length: 1.674

Total number of iterations: 102
CPU time used for tree search: 446.767 sec (0h:7m:26s)
Wall-clock time used for tree search: 19.478 sec (0h:0m:19s)
Total CPU time used: 458.426 sec (0h:7m:38s)
Total wall-clock time used: 20.071 sec (0h:0m:20s)

Computing bootstrap consensus tree...
Reading input file mafft/OG0011700_nodup.aln.splits.nex...
35 taxa and 194 splits.
Consensus tree written to mafft/OG0011700_nodup.aln.contree
Reading input trees file mafft/OG0011700_nodup.aln.contree
Log-likelihood of consensus tree: -4918.096

Analysis results written to: 
  IQ-TREE report:                mafft/OG0011700_nodup.aln.iqtree
  Maximum-likelihood tree:       mafft/OG0011700_nodup.aln.treefile
  Likelihood distances:          mafft/OG0011700_nodup.aln.mldist

Ultrafast bootstrap approximation results written to:
  Split support values:          mafft/OG0011700_nodup.aln.splits.nex
  Consensus tree:                mafft/OG0011700_nodup.aln.contree
  Screen log file:               mafft/OG0011700_nodup.aln.log

Date and Time: Wed May 18 17:49:09 2022
