IQ-TREE multicore version 2.0.6 for Linux 64-bit built Jul 10 2020
Developed by Bui Quang Minh, Nguyen Lam Tung, Olga Chernomor,
Heiko Schmidt, Dominik Schrempf, Michael Woodhams.

Host:    cn-mem (AVX2, FMA3, 3023 GB RAM)
Command: iqtree2 -s mafft/OG0002845_clean_align.out -T 24 -B 10000 -m MFP
Seed:    533789 (Using SPRNG - Scalable Parallel Random Number Generator)
Time:    Tue May  3 12:56:31 2022
Kernel:  AVX+FMA - 24 threads (144 CPU cores detected)

Reading alignment file mafft/OG0002845_clean_align.out ... Fasta format detected
Alignment most likely contains protein sequences
Alignment has 97 sequences with 1605 columns, 1380 distinct patterns
1138 parsimony-informative, 77 singleton sites, 390 constant sites
                                       Gap/Ambiguity  Composition  p-value
   1  Arabidopsis_lyrata_XP_020878745.1       19.38%    passed     97.03%
   2  Arabidopsis_thaliana_NP_195948.1        19.38%    passed     94.02%
   3  Capsella_rubella_XP_006290218.1         19.38%    passed     97.95%
   4  Eutrema_salsugineum_XP_006398772.1      19.19%    passed     59.27%
   5  Brassica_oleracea_XP_013610373.1        18.19%    passed     29.56%
   6  Brassica_oleracea_XP_013610374.1        18.19%    passed     29.56%
   7  Brassica_rapa_XP_009122719.1            18.32%    passed     50.29%
   8  Carica_papaya_XP_021910474.1            19.19%    passed     95.77%
   9  Vitis_vinifera_XP_002276399.1           17.88%    passed     99.79%
  10  Vitis_vinifera_XP_010653585.1           17.88%    passed     99.79%
  11  Gossypium_hirsutum_XP_016671305.1       18.50%    passed     99.98%
  12  Gossypium_hirsutum_XP_016671306.1       22.93%    passed     99.87%
  13  Gossypium_hirsutum_XP_016680889.1       19.50%    passed     99.93%
  14  Gossypium_hirsutum_XP_016680890.1       19.50%    passed     99.93%
  15  Gossypium_hirsutum_XP_016679845.1       20.00%    passed     99.93%
  16  Gossypium_hirsutum_XP_016679846.1       20.06%    passed     99.93%
  17  Gossypium_hirsutum_XP_016733330.1       19.94%    passed     99.42%
  18  Gossypium_hirsutum_XP_016733331.1       20.00%    passed     99.46%
  19  Jatropha_curcas_XP_012082372.1          19.63%    passed     99.91%
  20  Jatropha_curcas_XP_012082373.1          19.63%    passed     99.91%
  21  Manihot_esculenta_XP_021620534.1        19.50%    passed     99.93%
  22  Manihot_esculenta_XP_021620536.1        19.56%    passed     99.90%
  23  Populus_euphratica_XP_011010448.1       19.69%    passed     99.97%
  24  Populus_euphratica_XP_011010450.1       19.69%    passed     99.97%
  25  Populus_euphratica_XP_011010451.1       19.69%    passed     99.97%
  26  Populus_euphratica_XP_011010452.1       19.69%    passed     99.97%
  27  Populus_trichocarpa_XP_006373880.2      19.69%    passed     99.87%
  28  Populus_trichocarpa_XP_024443902.1      19.69%    passed     99.87%
  29  Populus_trichocarpa_XP_024443903.1      19.69%    passed     99.87%
  30  Populus_trichocarpa_XP_024443904.1      19.69%    passed     99.87%
  31  Populus_trichocarpa_XP_024443905.1      21.50%    passed     99.92%
  32  Populus_euphratica_XP_011048537.1       19.56%    passed    100.00%
  33  Populus_euphratica_XP_011048538.1       19.56%    passed    100.00%
  34  Populus_euphratica_XP_011048539.1       19.56%    passed    100.00%
  35  Populus_euphratica_XP_011048540.1       19.56%    passed    100.00%
  36  Populus_euphratica_XP_011048541.1       19.56%    passed    100.00%
  37  Populus_trichocarpa_XP_024460092.1      19.07%    passed     99.79%
  38  Populus_trichocarpa_XP_024460093.1      19.07%    passed     99.79%
  39  Populus_trichocarpa_XP_024460094.1      19.07%    passed     99.79%
  40  Populus_trichocarpa_XP_024460095.1      19.07%    passed     99.79%
  41  Populus_trichocarpa_XP_024460097.1      19.07%    passed     99.79%
  42  Populus_trichocarpa_XP_024460098.1      19.07%    passed     99.79%
  43  Citrus_sinensis_XP_024955793.1          12.77%    passed     84.05%
  44  Fragaria_vesca_XP_004306246.1           15.64%    passed     99.53%
  45  Malus_domestica_XP_008369681.2          17.20%    passed     99.74%
  46  Pyrus_x_bretschneideri_XP_009373524.1   14.27%    passed     92.36%
  47  Pyrus_x_bretschneideri_XP_018506745.1   16.26%    passed     99.56%
  48  Malus_domestica_XP_008387588.2          18.19%    passed     99.53%
  49  Malus_domestica_XP_008387589.2          18.19%    passed     99.53%
  50  Pyrus_x_bretschneideri_XP_009342970.1   19.00%    passed     99.12%
  51  Pyrus_x_bretschneideri_XP_009342976.1   19.00%    passed     99.12%
  52  Prunus_mume_XP_008243950.1              18.88%    passed    100.00%
  53  Prunus_mume_XP_008243951.1              18.88%    passed    100.00%
  54  Prunus_mume_XP_008243952.1              18.94%    passed    100.00%
  55  Prunus_persica_XP_007208136.1           18.75%    passed     99.99%
  56  Prunus_persica_XP_020422607.1           18.75%    passed     99.99%
  57  Prunus_persica_XP_020422609.1           18.75%    passed     99.99%
  58  Prunus_persica_XP_020422610.1           18.82%    passed     99.99%
  59  Cicer_arietinum_XP_004493976.1          17.94%    passed     98.79%
  60  Glycine_max_XP_006577023.1              19.81%    passed     99.19%
  61  Glycine_max_XP_006577024.1              19.81%    passed     99.19%
  62  Glycine_max_XP_025983679.1              19.81%    passed     99.19%
  63  Phaseolus_vulgaris_XP_007162752.1       19.75%    passed     96.28%
  64  Glycine_max_XP_003542536.1              18.19%    passed     99.36%
  65  Glycine_max_XP_006588798.1              18.13%    passed     98.12%
  66  Glycine_max_XP_006588799.1              19.13%    passed     97.72%
  67  Glycine_max_XP_014618493.1              19.13%    passed     97.72%
  68  Phaseolus_vulgaris_XP_007144371.1       18.63%    passed     99.74%
  69  Cucumis_melo_NP_001284437.1             19.56%    passed     99.93%
  70  Cucumis_melo_XP_008449242.1             19.56%    passed     99.95%
  71  Cucumis_melo_XP_008449243.1             19.63%    passed     99.95%
  72  Cucumis_sativus_NP_001306890.1          19.63%    passed     99.49%
  73  Cucumis_sativus_XP_004143254.1          19.63%    passed     99.49%
  74  Cucumis_sativus_XP_011657650.1          19.69%    passed     99.46%
  75  Capsicum_annuum_XP_016542746.1          18.07%    passed     98.52%
  76  Solanum_lycopersicum_NP_001234518.1     18.01%    passed     99.81%
  77  Solanum_lycopersicum_XP_010325710.1     18.01%    passed     99.79%
  78  Solanum_lycopersicum_XP_010325711.1     18.01%    passed     99.79%
  79  Solanum_pennellii_XP_015087704.1        18.01%    passed     99.16%
  80  Solanum_pennellii_XP_015087705.1        18.01%    passed     99.16%
  81  Solanum_tuberosum_XP_006354333.1        18.94%    passed     99.91%
  82  Solanum_tuberosum_XP_006354335.1        18.94%    passed     99.91%
  83  Solanum_tuberosum_XP_015167302.1        18.94%    passed     99.91%
  84  Solanum_tuberosum_XP_015167303.1        18.94%    passed     99.91%
  85  Nicotiana_attenuata_XP_019257243.1      17.57%    passed     98.79%
  86  Nicotiana_attenuata_XP_019257244.1      17.57%    passed     98.79%
  87  Helianthus_annuus_XP_021973164.1        28.04%    passed     59.45%
  88  Helianthus_annuus_XP_035839286.1        27.85%    passed     99.32%
  89  Helianthus_annuus_XP_035839287.1        27.85%    passed     99.32%
  90  Helianthus_annuus_XP_035839288.1        27.85%    passed     99.32%
  91  Helianthus_annuus_XP_035839289.1        27.85%    passed     99.32%
  92  Papaver_somniferum_XP_026403204.1       17.38%    passed     97.27%
  93  Papaver_somniferum_XP_026403205.1       17.38%    passed     97.27%
  94  Papaver_somniferum_XP_026403206.1       17.45%    passed     97.02%
  95  Papaver_somniferum_XP_026414278.1       17.63%    passed     95.56%
  96  Papaver_somniferum_XP_026414279.1       17.63%    passed     95.56%
  97  Papaver_somniferum_XP_026414280.1       17.69%    passed     95.01%
****  TOTAL                                   19.29%  0 sequences failed composition chi2 test (p-value<5%; df=19)
NOTE: Brassica_oleracea_XP_013610374.1 is identical to Brassica_oleracea_XP_013610373.1 but kept for subsequent analysis
NOTE: Vitis_vinifera_XP_010653585.1 is identical to Vitis_vinifera_XP_002276399.1 but kept for subsequent analysis
NOTE: Gossypium_hirsutum_XP_016680890.1 is identical to Gossypium_hirsutum_XP_016680889.1 but kept for subsequent analysis
NOTE: Jatropha_curcas_XP_012082373.1 is identical to Jatropha_curcas_XP_012082372.1 but kept for subsequent analysis
NOTE: Populus_euphratica_XP_011010450.1 is identical to Populus_euphratica_XP_011010448.1 but kept for subsequent analysis
NOTE: Populus_trichocarpa_XP_024443902.1 is identical to Populus_trichocarpa_XP_006373880.2 but kept for subsequent analysis
NOTE: Populus_euphratica_XP_011048538.1 is identical to Populus_euphratica_XP_011048537.1 but kept for subsequent analysis
NOTE: Populus_trichocarpa_XP_024460093.1 is identical to Populus_trichocarpa_XP_024460092.1 but kept for subsequent analysis
NOTE: Malus_domestica_XP_008387589.2 is identical to Malus_domestica_XP_008387588.2 but kept for subsequent analysis
NOTE: Pyrus_x_bretschneideri_XP_009342976.1 is identical to Pyrus_x_bretschneideri_XP_009342970.1 but kept for subsequent analysis
NOTE: Prunus_mume_XP_008243951.1 is identical to Prunus_mume_XP_008243950.1 but kept for subsequent analysis
NOTE: Prunus_persica_XP_020422607.1 is identical to Prunus_persica_XP_007208136.1 but kept for subsequent analysis
NOTE: Glycine_max_XP_006577024.1 is identical to Glycine_max_XP_006577023.1 but kept for subsequent analysis
NOTE: Glycine_max_XP_014618493.1 is identical to Glycine_max_XP_006588799.1 but kept for subsequent analysis
NOTE: Cucumis_sativus_XP_004143254.1 is identical to Cucumis_sativus_NP_001306890.1 but kept for subsequent analysis
NOTE: Solanum_lycopersicum_XP_010325711.1 is identical to Solanum_lycopersicum_XP_010325710.1 but kept for subsequent analysis
NOTE: Solanum_pennellii_XP_015087705.1 is identical to Solanum_pennellii_XP_015087704.1 but kept for subsequent analysis
NOTE: Solanum_tuberosum_XP_006354335.1 is identical to Solanum_tuberosum_XP_006354333.1 but kept for subsequent analysis
NOTE: Nicotiana_attenuata_XP_019257244.1 is identical to Nicotiana_attenuata_XP_019257243.1 but kept for subsequent analysis
NOTE: Helianthus_annuus_XP_035839287.1 is identical to Helianthus_annuus_XP_035839286.1 but kept for subsequent analysis
NOTE: Papaver_somniferum_XP_026403205.1 is identical to Papaver_somniferum_XP_026403204.1 but kept for subsequent analysis
NOTE: Papaver_somniferum_XP_026414279.1 is identical to Papaver_somniferum_XP_026414278.1 but kept for subsequent analysis
NOTE: 17 identical sequences (see below) will be ignored for subsequent analysis
NOTE: Populus_euphratica_XP_011010451.1 (identical to Populus_euphratica_XP_011010448.1) is ignored but added at the end
NOTE: Populus_euphratica_XP_011010452.1 (identical to Populus_euphratica_XP_011010448.1) is ignored but added at the end
NOTE: Populus_trichocarpa_XP_024443903.1 (identical to Populus_trichocarpa_XP_006373880.2) is ignored but added at the end
NOTE: Populus_trichocarpa_XP_024443904.1 (identical to Populus_trichocarpa_XP_006373880.2) is ignored but added at the end
NOTE: Populus_euphratica_XP_011048539.1 (identical to Populus_euphratica_XP_011048537.1) is ignored but added at the end
NOTE: Populus_euphratica_XP_011048540.1 (identical to Populus_euphratica_XP_011048537.1) is ignored but added at the end
NOTE: Populus_euphratica_XP_011048541.1 (identical to Populus_euphratica_XP_011048537.1) is ignored but added at the end
NOTE: Populus_trichocarpa_XP_024460094.1 (identical to Populus_trichocarpa_XP_024460092.1) is ignored but added at the end
NOTE: Populus_trichocarpa_XP_024460095.1 (identical to Populus_trichocarpa_XP_024460092.1) is ignored but added at the end
NOTE: Populus_trichocarpa_XP_024460097.1 (identical to Populus_trichocarpa_XP_024460092.1) is ignored but added at the end
NOTE: Populus_trichocarpa_XP_024460098.1 (identical to Populus_trichocarpa_XP_024460092.1) is ignored but added at the end
NOTE: Prunus_persica_XP_020422609.1 (identical to Prunus_persica_XP_007208136.1) is ignored but added at the end
NOTE: Glycine_max_XP_025983679.1 (identical to Glycine_max_XP_006577023.1) is ignored but added at the end
NOTE: Solanum_tuberosum_XP_015167302.1 (identical to Solanum_tuberosum_XP_006354333.1) is ignored but added at the end
NOTE: Solanum_tuberosum_XP_015167303.1 (identical to Solanum_tuberosum_XP_006354333.1) is ignored but added at the end
NOTE: Helianthus_annuus_XP_035839288.1 (identical to Helianthus_annuus_XP_035839286.1) is ignored but added at the end
NOTE: Helianthus_annuus_XP_035839289.1 (identical to Helianthus_annuus_XP_035839286.1) is ignored but added at the end
Alignment was printed to mafft/OG0002845_clean_align.out.uniqueseq.phy

For your convenience alignment with unique sequences printed to mafft/OG0002845_clean_align.out.uniqueseq.phy


Create initial parsimony tree by phylogenetic likelihood library (PLL)... 0.071 seconds
Perform fast likelihood tree search using LG+I+G model...
Estimate model parameters (epsilon = 5.000)
Perform nearest neighbor interchange...
Estimate model parameters (epsilon = 1.000)
1. Initial log-likelihood: -40600.375
Optimal log-likelihood: -40600.369
Proportion of invariable sites: 0.088
Gamma shape alpha: 1.656
Parameters optimization took 1 rounds (0.136 sec)
Time for fast ML tree search: 1.507 seconds

NOTE: ModelFinder requires 226 MB RAM!
ModelFinder will test up to 546 protein models (sample size: 1605) ...
 No. Model         -LnL         df  AIC          AICc         BIC
  1  LG            41782.374    157 83878.747    83913.033    84723.545
  2  LG+I          41247.375    158 82810.750    82845.497    83660.929
  3  LG+G4         40625.791    158 81567.581    81602.328    82417.760
  4  LG+I+G4       40600.367    159 81518.735    81553.946    82374.295
  5  LG+R2         40737.350    159 81792.700    81827.911    82648.260
  6  LG+R3         40605.966    161 81533.932    81570.082    82400.254
  7  LG+R4         40601.500    163 81529.000    81566.102    82406.083
 17  LG+F+I+G4     40284.831    178 80925.661    80970.348    81883.457
 30  WAG+I+G4      40367.009    159 81052.018    81087.229    81907.578
 43  WAG+F+I+G4    40099.913    178 80555.826    80600.514    81513.623
 56  JTT+I+G4      39432.645    159 79183.291    79218.502    80038.850
 69  JTT+F+I+G4    39260.963    178 78877.925    78922.613    79835.722
 82  JTTDCMut+I+G4 39457.396    159 79232.792    79268.003    80088.351
 95  JTTDCMut+F+I+G4 39279.972    178 78915.943    78960.630    79873.740
108  DCMut+I+G4    40584.065    159 81486.130    81521.342    82341.690
121  DCMut+F+I+G4  40260.496    178 80876.992    80921.680    81834.789
134  VT+I+G4       40340.992    159 80999.984    81035.195    81855.543
147  VT+F+I+G4     40111.509    178 80579.018    80623.706    81536.815
160  PMB+I+G4      41049.009    159 82416.018    82451.229    83271.578
173  PMB+F+I+G4    40861.665    178 82079.330    82124.018    83037.127
186  Blosum62+I+G4 41319.337    159 82956.673    82991.884    83812.233
199  Blosum62+F+I+G4 41025.421    178 82406.842    82451.529    83364.639
212  Dayhoff+I+G4  40580.285    159 81478.570    81513.782    82334.130
225  Dayhoff+F+I+G4 40257.252    178 80870.503    80915.191    81828.300
238  mtREV+I+G4    41249.380    159 82816.760    82851.971    83672.320
251  mtREV+F+I+G4  40144.317    178 80644.635    80689.322    81602.431
264  mtART+I+G4    42317.613    159 84953.225    84988.436    85808.785
277  mtART+F+I+G4  41470.500    178 83297.001    83341.688    84254.797
290  mtZOA+I+G4    41255.269    159 82828.538    82863.749    83684.098
303  mtZOA+F+I+G4  40751.767    178 81859.534    81904.221    82817.330
316  mtMet+I+G4    40725.869    159 81769.738    81804.949    82625.298
329  mtMet+F+I+G4  39692.491    178 79740.982    79785.669    80698.778
342  mtVer+I+G4    40694.921    159 81707.842    81743.053    82563.402
355  mtVer+F+I+G4  39663.297    178 79682.594    79727.282    80640.391
368  mtInv+I+G4    41293.002    159 82904.005    82939.216    83759.565
381  mtInv+F+I+G4  39966.878    178 80289.757    80334.444    81247.553
394  mtMAM+I+G4    41543.853    159 83405.707    83440.918    84261.267
407  mtMAM+F+I+G4  40332.277    178 81020.554    81065.242    81978.351
420  HIVb+I+G4     39864.157    159 80046.315    80081.526    80901.874
433  HIVb+F+I+G4   39283.417    178 78922.835    78967.522    79880.631
446  HIVw+I+G4     40750.630    159 81819.261    81854.472    82674.820
459  HIVw+F+I+G4   39892.086    178 80140.171    80184.858    81097.968
472  FLU+I+G4      39997.869    159 80313.738    80348.949    81169.298
485  FLU+F+I+G4    39584.403    178 79524.806    79569.493    80482.603
498  rtREV+I+G4    41276.500    159 82871.000    82906.211    83726.560
511  rtREV+F+I+G4  40732.196    178 81820.393    81865.080    82778.189
524  cpREV+I+G4    40369.494    159 81056.989    81092.200    81912.548
537  cpREV+F+I+G4  40161.157    178 80678.314    80723.001    81636.110
Akaike Information Criterion:           JTT+F+I+G4
Corrected Akaike Information Criterion: JTT+F+I+G4
Bayesian Information Criterion:         JTT+F+I+G4
Best-fit model: JTT+F+I+G4 chosen according to BIC

All model information printed to mafft/OG0002845_clean_align.out.model.gz
CPU time for ModelFinder: 744.926 seconds (0h:12m:24s)
Wall-clock time for ModelFinder: 32.974 seconds (0h:0m:32s)
Generating 10000 samples for ultrafast bootstrap (seed: 533789)...

NOTE: 122 MB RAM (0 GB) is required!
Estimate model parameters (epsilon = 0.100)
Thoroughly optimizing +I+G parameters from 10 start values...
Init pinv, alpha: 0.000, 1.889 / Estimate: 0.000, 1.195 / LogL: -39296.092
Init pinv, alpha: 0.027, 1.889 / Estimate: 0.094, 1.879 / LogL: -39260.983
Init pinv, alpha: 0.054, 1.889 / Estimate: 0.094, 1.877 / LogL: -39260.993
Init pinv, alpha: 0.081, 1.889 / Estimate: 0.095, 1.884 / LogL: -39260.972
Init pinv, alpha: 0.108, 1.889 / Estimate: 0.099, 1.918 / LogL: -39260.967
Init pinv, alpha: 0.135, 1.889 / Estimate: 0.100, 1.926 / LogL: -39260.990
Init pinv, alpha: 0.162, 1.889 / Estimate: 0.099, 1.922 / LogL: -39260.982
Init pinv, alpha: 0.189, 1.889 / Estimate: 0.100, 1.925 / LogL: -39260.995
Init pinv, alpha: 0.216, 1.889 / Estimate: 0.100, 1.927 / LogL: -39261.005
Init pinv, alpha: 0.243, 1.889 / Estimate: 0.099, 1.918 / LogL: -39260.984
Optimal pinv,alpha: 0.099, 1.918 / LogL: -39260.967

Parameters optimization took 8.413 sec
Computing ML distances based on estimated model parameters... 1.030 sec
Computing BIONJ tree...
0.007 seconds
Log-likelihood of BIONJ tree: -39263.266
--------------------------------------------------------------------
|             INITIALIZING CANDIDATE TREE SET                      |
--------------------------------------------------------------------
Generating 98 parsimony trees... 5.991 second
Computing log-likelihood of 98 initial trees ... 5.175 seconds
Current best score: -39260.967

Do NNI search on 20 best initial trees
Estimate model parameters (epsilon = 0.100)
BETTER TREE FOUND at iteration 1: -39259.212
Estimate model parameters (epsilon = 0.100)
BETTER TREE FOUND at iteration 2: -39258.948
Estimate model parameters (epsilon = 0.100)
BETTER TREE FOUND at iteration 3: -39258.899
Iteration 10 / LogL: -39258.899 / Time: 0h:0m:31s
Iteration 20 / LogL: -39258.899 / Time: 0h:0m:43s
Finish initializing candidate tree set (16)
Current best tree score: -39258.899 / CPU time: 34.643
Number of iterations: 20
--------------------------------------------------------------------
|               OPTIMIZING CANDIDATE TREE SET                      |
--------------------------------------------------------------------
Estimate model parameters (epsilon = 0.100)
BETTER TREE FOUND at iteration 24: -39257.147
BETTER TREE FOUND at iteration 28: -39257.145
Iteration 30 / LogL: -39257.287 / Time: 0h:1m:2s (0h:3m:31s left)
Iteration 40 / LogL: -39257.151 / Time: 0h:1m:20s (0h:3m:1s left)
Iteration 50 / LogL: -39257.165 / Time: 0h:1m:38s (0h:2m:37s left)
Log-likelihood cutoff on original alignment: -39295.563
Iteration 60 / LogL: -39283.630 / Time: 0h:2m:1s (0h:2m:19s left)
Iteration 70 / LogL: -39257.298 / Time: 0h:2m:21s (0h:1m:58s left)
Iteration 80 / LogL: -39257.165 / Time: 0h:2m:41s (0h:1m:37s left)
Iteration 90 / LogL: -39257.153 / Time: 0h:2m:58s (0h:1m:16s left)
Iteration 100 / LogL: -39257.153 / Time: 0h:3m:16s (0h:0m:55s left)
Log-likelihood cutoff on original alignment: -39295.637
NOTE: Bootstrap correlation coefficient of split occurrence frequencies: 1.000
Iteration 110 / LogL: -39257.157 / Time: 0h:3m:39s (0h:3m:1s left)
Iteration 120 / LogL: -39257.164 / Time: 0h:3m:58s (0h:2m:40s left)
TREE SEARCH COMPLETED AFTER 129 ITERATIONS / Time: 0h:4m:16s

--------------------------------------------------------------------
|                    FINALIZING TREE SEARCH                        |
--------------------------------------------------------------------
Performs final model parameters optimization
Estimate model parameters (epsilon = 0.010)
1. Initial log-likelihood: -39257.145
Optimal log-likelihood: -39257.145
Proportion of invariable sites: 0.097
Gamma shape alpha: 1.897
Parameters optimization took 1 rounds (0.170 sec)
BEST SCORE FOUND : -39257.145
Creating bootstrap support values...
Split supports printed to NEXUS file mafft/OG0002845_clean_align.out.splits.nex
Total tree length: 6.653

Total number of iterations: 129
CPU time used for tree search: 5453.984 sec (1h:30m:53s)
Wall-clock time used for tree search: 247.068 sec (0h:4m:7s)
Total CPU time used: 5666.194 sec (1h:34m:26s)
Total wall-clock time used: 259.564 sec (0h:4m:19s)

Computing bootstrap consensus tree...
Reading input file mafft/OG0002845_clean_align.out.splits.nex...
80 taxa and 261 splits.
Consensus tree written to mafft/OG0002845_clean_align.out.contree
Reading input trees file mafft/OG0002845_clean_align.out.contree
Log-likelihood of consensus tree: -39257.256

Analysis results written to: 
  IQ-TREE report:                mafft/OG0002845_clean_align.out.iqtree
  Maximum-likelihood tree:       mafft/OG0002845_clean_align.out.treefile
  Likelihood distances:          mafft/OG0002845_clean_align.out.mldist

Ultrafast bootstrap approximation results written to:
  Split support values:          mafft/OG0002845_clean_align.out.splits.nex
  Consensus tree:                mafft/OG0002845_clean_align.out.contree
  Screen log file:               mafft/OG0002845_clean_align.out.log

Date and Time: Tue May  3 13:01:24 2022
