IQ-TREE multicore version 2.0.6 for Linux 64-bit built Jul 10 2020
Developed by Bui Quang Minh, Nguyen Lam Tung, Olga Chernomor,
Heiko Schmidt, Dominik Schrempf, Michael Woodhams.

Host:    cn-mem (AVX2, FMA3, 3023 GB RAM)
Command: iqtree2 -s mafft/OG0011700_clean_align.out -T 24 -B 10000 -m MFP
Seed:    567212 (Using SPRNG - Scalable Parallel Random Number Generator)
Time:    Tue May  3 13:19:16 2022
Kernel:  AVX+FMA - 24 threads (144 CPU cores detected)

Reading alignment file mafft/OG0011700_clean_align.out ... Fasta format detected
Alignment most likely contains protein sequences
Alignment has 35 sequences with 418 columns, 288 distinct patterns
167 parsimony-informative, 58 singleton sites, 193 constant sites
                                       Gap/Ambiguity  Composition  p-value
   1  Arabidopsis_lyrata_XP_020886454.1        1.20%    passed    100.00%
   2  Capsella_rubella_XP_006297787.1          1.20%    passed     99.99%
   3  Brassica_oleracea_XP_013595296.1         1.20%    passed    100.00%
   4  Brassica_rapa_XP_009124320.1             1.20%    passed    100.00%
   5  Eutrema_salsugineum_XP_006409036.1       1.20%    passed    100.00%
   6  Arabidopsis_thaliana_NP_001324728.1     24.88%    passed     95.79%
   7  Arabidopsis_thaliana_NP_179546.2         1.20%    passed     99.95%
   8  Cicer_arietinum_XP_004493497.1           1.20%    passed     99.91%
   9  Medicago_truncatula_XP_013449617.1       0.96%    passed     99.68%
  10  Phaseolus_vulgaris_XP_007154663.1        1.20%    passed    100.00%
  11  Citrus_sinensis_XP_006475431.1           1.20%    passed    100.00%
  12  Citrus_sinensis_XP_006475433.1           9.09%    passed     99.99%
  13  Citrus_sinensis_XP_024953563.1           9.09%    passed     99.59%
  14  Fragaria_vesca_XP_004287545.1            1.20%    passed     99.84%
  15  Malus_domestica_XP_008352367.2           1.20%    passed    100.00%
  16  Pyrus_x_bretschneideri_XP_009352646.1    1.20%    passed    100.00%
  17  Malus_domestica_XP_008354431.2           1.20%    passed    100.00%
  18  Prunus_mume_XP_008242405.1               1.20%    passed    100.00%
  19  Prunus_persica_XP_007202164.1            1.20%    passed     99.99%
  20  Jatropha_curcas_XP_012076913.1           1.20%    passed    100.00%
  21  Manihot_esculenta_XP_021596800.1         1.20%    passed    100.00%
  22  Populus_euphratica_XP_011019360.1        0.72%    passed    100.00%
  23  Populus_euphratica_XP_011019361.1        1.20%    passed    100.00%
  24  Populus_trichocarpa_XP_002308527.1       1.20%    passed    100.00%
  25  Populus_trichocarpa_XP_024458504.1       0.72%    passed    100.00%
  26  Vitis_vinifera_XP_002282302.1            1.20%    passed    100.00%
  27  Cucumis_melo_XP_016901090.1              1.20%    passed     99.99%
  28  Cucumis_melo_XP_016901092.1             18.66%    passed     99.10%
  29  Cucumis_sativus_XP_004141053.1           1.20%    passed    100.00%
  30  Capsicum_annuum_XP_016580243.1           0.96%    passed     99.83%
  31  Solanum_lycopersicum_XP_004243760.1      0.72%    passed     99.74%
  32  Solanum_pennellii_XP_015083011.1         0.72%    passed     99.39%
  33  Solanum_tuberosum_XP_006346560.1         0.72%    passed     99.63%
  34  Nicotiana_attenuata_XP_019249149.1       1.20%    passed     99.95%
  35  Carica_papaya_XP_021912362.1             7.89%    passed     80.11%
****  TOTAL                                    2.93%  0 sequences failed composition chi2 test (p-value<5%; df=19)


Create initial parsimony tree by phylogenetic likelihood library (PLL)... 0.006 seconds
WARNING: Number of threads seems too high for short alignments. Use -T AUTO to determine best number of threads.
Perform fast likelihood tree search using LG+I+G model...
Estimate model parameters (epsilon = 5.000)
Perform nearest neighbor interchange...
Estimate model parameters (epsilon = 1.000)
1. Initial log-likelihood: -4842.692
Optimal log-likelihood: -4842.605
Proportion of invariable sites: 0.208
Gamma shape alpha: 0.949
Parameters optimization took 1 rounds (0.029 sec)
Time for fast ML tree search: 0.376 seconds

NOTE: ModelFinder requires 28 MB RAM!
ModelFinder will test up to 546 protein models (sample size: 418) ...
 No. Model         -LnL         df  AIC          AICc         BIC
WARNING: Number of threads seems too high for short alignments. Use -T AUTO to determine best number of threads.
  1  LG            5000.395     67  10134.790    10160.824    10405.167
WARNING: Number of threads seems too high for short alignments. Use -T AUTO to determine best number of threads.
  2  LG+I          4898.334     68  9932.668     9959.557     10207.081
WARNING: Number of threads seems too high for short alignments. Use -T AUTO to determine best number of threads.
  3  LG+G4         4842.581     68  9821.161     9848.049     10095.574
WARNING: Number of threads seems too high for short alignments. Use -T AUTO to determine best number of threads.
  4  LG+I+G4       4842.544     69  9823.089     9850.847     10101.537
WARNING: Number of threads seems too high for short alignments. Use -T AUTO to determine best number of threads.
  5  LG+R2         4846.612     69  9831.224     9858.983     10109.673
WARNING: Number of threads seems too high for short alignments. Use -T AUTO to determine best number of threads.
  6  LG+R3         4836.877     71  9815.754     9845.303     10102.274
WARNING: Number of threads seems too high for short alignments. Use -T AUTO to determine best number of threads.
  7  LG+R4         4836.806     73  9819.613     9851.020     10114.203
WARNING: Number of threads seems too high for short alignments. Use -T AUTO to determine best number of threads.
 16  LG+F+G4       4830.047     87  9834.094     9880.494     10185.181
WARNING: Number of threads seems too high for short alignments. Use -T AUTO to determine best number of threads.
 17  LG+F+I+G4     4829.951     88  9835.903     9883.514     10191.025
WARNING: Number of threads seems too high for short alignments. Use -T AUTO to determine best number of threads.
 19  LG+F+R3       4824.124     90  9828.249     9878.340     10191.442
WARNING: Number of threads seems too high for short alignments. Use -T AUTO to determine best number of threads.
 29  WAG+G4        4871.340     68  9878.681     9905.569     10153.094
WARNING: Number of threads seems too high for short alignments. Use -T AUTO to determine best number of threads.
 30  WAG+I+G4      4871.028     69  9880.056     9907.815     10158.504
WARNING: Number of threads seems too high for short alignments. Use -T AUTO to determine best number of threads.
 32  WAG+R3        4866.132     71  9874.264     9903.814     10160.784
WARNING: Number of threads seems too high for short alignments. Use -T AUTO to determine best number of threads.
 42  WAG+F+G4      4848.310     87  9870.620     9917.020     10221.707
WARNING: Number of threads seems too high for short alignments. Use -T AUTO to determine best number of threads.
 43  WAG+F+I+G4    4848.039     88  9872.077     9919.688     10227.199
WARNING: Number of threads seems too high for short alignments. Use -T AUTO to determine best number of threads.
 45  WAG+F+R3      4843.390     90  9866.780     9916.872     10229.973
WARNING: Number of threads seems too high for short alignments. Use -T AUTO to determine best number of threads.
 55  JTT+G4        4821.853     68  9779.705     9806.593     10054.118
WARNING: Number of threads seems too high for short alignments. Use -T AUTO to determine best number of threads.
 56  JTT+I+G4      4821.617     69  9781.233     9808.992     10059.682
WARNING: Number of threads seems too high for short alignments. Use -T AUTO to determine best number of threads.
 58  JTT+R3        4816.894     71  9775.787     9805.336     10062.306
WARNING: Number of threads seems too high for short alignments. Use -T AUTO to determine best number of threads.
 68  JTT+F+G4      4794.264     87  9762.527     9808.927     10113.614
WARNING: Number of threads seems too high for short alignments. Use -T AUTO to determine best number of threads.
 69  JTT+F+I+G4    4794.141     88  9764.282     9811.893     10119.405
WARNING: Number of threads seems too high for short alignments. Use -T AUTO to determine best number of threads.
 71  JTT+F+R3      4789.710     90  9759.420     9809.512     10122.613
WARNING: Number of threads seems too high for short alignments. Use -T AUTO to determine best number of threads.
 81  JTTDCMut+G4   4823.281     68  9782.561     9809.450     10056.974
WARNING: Number of threads seems too high for short alignments. Use -T AUTO to determine best number of threads.
 82  JTTDCMut+I+G4 4823.034     69  9784.069     9811.827     10062.517
WARNING: Number of threads seems too high for short alignments. Use -T AUTO to determine best number of threads.
 84  JTTDCMut+R3   4818.238     71  9778.476     9808.025     10064.995
WARNING: Number of threads seems too high for short alignments. Use -T AUTO to determine best number of threads.
 94  JTTDCMut+F+G4 4795.649     87  9765.299     9811.699     10116.386
WARNING: Number of threads seems too high for short alignments. Use -T AUTO to determine best number of threads.
 95  JTTDCMut+F+I+G4 4795.510     88  9767.020     9814.631     10122.143
WARNING: Number of threads seems too high for short alignments. Use -T AUTO to determine best number of threads.
 97  JTTDCMut+F+R3 4791.032     90  9762.065     9812.156     10125.258
WARNING: Number of threads seems too high for short alignments. Use -T AUTO to determine best number of threads.
107  DCMut+G4      4886.977     68  9909.955     9936.843     10184.368
WARNING: Number of threads seems too high for short alignments. Use -T AUTO to determine best number of threads.
108  DCMut+I+G4    4886.760     69  9911.519     9939.278     10189.967
WARNING: Number of threads seems too high for short alignments. Use -T AUTO to determine best number of threads.
110  DCMut+R3      4881.462     71  9904.924     9934.474     10191.444
WARNING: Number of threads seems too high for short alignments. Use -T AUTO to determine best number of threads.
120  DCMut+F+G4    4838.115     87  9850.229     9896.629     10201.316
WARNING: Number of threads seems too high for short alignments. Use -T AUTO to determine best number of threads.
121  DCMut+F+I+G4  4837.690     88  9851.381     9898.992     10206.503
WARNING: Number of threads seems too high for short alignments. Use -T AUTO to determine best number of threads.
123  DCMut+F+R3    4832.703     90  9845.407     9895.498     10208.600
WARNING: Number of threads seems too high for short alignments. Use -T AUTO to determine best number of threads.
133  VT+G4         4872.128     68  9880.256     9907.145     10154.669
WARNING: Number of threads seems too high for short alignments. Use -T AUTO to determine best number of threads.
134  VT+I+G4       4871.771     69  9881.543     9909.301     10159.991
WARNING: Number of threads seems too high for short alignments. Use -T AUTO to determine best number of threads.
136  VT+R3         4867.883     71  9877.766     9907.315     10164.285
WARNING: Number of threads seems too high for short alignments. Use -T AUTO to determine best number of threads.
146  VT+F+G4       4860.341     87  9894.682     9941.082     10245.769
WARNING: Number of threads seems too high for short alignments. Use -T AUTO to determine best number of threads.
147  VT+F+I+G4     4860.091     88  9896.183     9943.794     10251.305
WARNING: Number of threads seems too high for short alignments. Use -T AUTO to determine best number of threads.
149  VT+F+R3       4856.171     90  9892.342     9942.434     10255.536
WARNING: Number of threads seems too high for short alignments. Use -T AUTO to determine best number of threads.
159  PMB+G4        4922.517     68  9981.034     10007.922    10255.446
WARNING: Number of threads seems too high for short alignments. Use -T AUTO to determine best number of threads.
160  PMB+I+G4      4922.035     69  9982.071     10009.829    10260.519
WARNING: Number of threads seems too high for short alignments. Use -T AUTO to determine best number of threads.
162  PMB+R3        4916.354     71  9974.707     10004.256    10261.226
WARNING: Number of threads seems too high for short alignments. Use -T AUTO to determine best number of threads.
172  PMB+F+G4      4918.921     87  10011.842    10058.242    10362.929
WARNING: Number of threads seems too high for short alignments. Use -T AUTO to determine best number of threads.
173  PMB+F+I+G4    4918.509     88  10013.019    10060.630    10368.141
WARNING: Number of threads seems too high for short alignments. Use -T AUTO to determine best number of threads.
175  PMB+F+R3      4912.853     90  10005.707    10055.798    10368.900
WARNING: Number of threads seems too high for short alignments. Use -T AUTO to determine best number of threads.
185  Blosum62+G4   4927.423     68  9990.845     10017.734    10265.258
WARNING: Number of threads seems too high for short alignments. Use -T AUTO to determine best number of threads.
186  Blosum62+I+G4 4927.180     69  9992.359     10020.118    10270.807
WARNING: Number of threads seems too high for short alignments. Use -T AUTO to determine best number of threads.
188  Blosum62+R3   4922.011     71  9986.021     10015.570    10272.540
WARNING: Number of threads seems too high for short alignments. Use -T AUTO to determine best number of threads.
198  Blosum62+F+G4 4923.591     87  10021.183    10067.583    10372.270
WARNING: Number of threads seems too high for short alignments. Use -T AUTO to determine best number of threads.
199  Blosum62+F+I+G4 4923.387     88  10022.774    10070.384    10377.896
WARNING: Number of threads seems too high for short alignments. Use -T AUTO to determine best number of threads.
201  Blosum62+F+R3 4918.390     90  10016.781    10066.873    10379.974
WARNING: Number of threads seems too high for short alignments. Use -T AUTO to determine best number of threads.
211  Dayhoff+G4    4886.529     68  9909.057     9935.946     10183.470
WARNING: Number of threads seems too high for short alignments. Use -T AUTO to determine best number of threads.
212  Dayhoff+I+G4  4886.336     69  9910.673     9938.431     10189.121
WARNING: Number of threads seems too high for short alignments. Use -T AUTO to determine best number of threads.
214  Dayhoff+R3    4880.992     71  9903.985     9933.534     10190.504
WARNING: Number of threads seems too high for short alignments. Use -T AUTO to determine best number of threads.
224  Dayhoff+F+G4  4837.640     87  9849.280     9895.680     10200.367
WARNING: Number of threads seems too high for short alignments. Use -T AUTO to determine best number of threads.
225  Dayhoff+F+I+G4 4837.236     88  9850.472     9898.083     10205.594
WARNING: Number of threads seems too high for short alignments. Use -T AUTO to determine best number of threads.
227  Dayhoff+F+R3  4832.211     90  9844.421     9894.513     10207.615
WARNING: Number of threads seems too high for short alignments. Use -T AUTO to determine best number of threads.
237  mtREV+G4      5042.898     68  10221.796    10248.684    10496.209
WARNING: Number of threads seems too high for short alignments. Use -T AUTO to determine best number of threads.
238  mtREV+I+G4    5042.935     69  10223.869    10251.628    10502.318
WARNING: Number of threads seems too high for short alignments. Use -T AUTO to determine best number of threads.
240  mtREV+R3      5032.232     71  10206.464    10236.013    10492.983
WARNING: Number of threads seems too high for short alignments. Use -T AUTO to determine best number of threads.
250  mtREV+F+G4    4872.732     87  9919.464     9965.864     10270.551
WARNING: Number of threads seems too high for short alignments. Use -T AUTO to determine best number of threads.
251  mtREV+F+I+G4  4873.120     88  9922.240     9969.851     10277.362
WARNING: Number of threads seems too high for short alignments. Use -T AUTO to determine best number of threads.
253  mtREV+F+R3    4866.038     90  9912.077     9962.169     10275.270
WARNING: Number of threads seems too high for short alignments. Use -T AUTO to determine best number of threads.
263  mtART+G4      5074.537     68  10285.074    10311.963    10559.487
WARNING: Number of threads seems too high for short alignments. Use -T AUTO to determine best number of threads.
264  mtART+I+G4    5072.573     69  10283.147    10310.905    10561.595
WARNING: Number of threads seems too high for short alignments. Use -T AUTO to determine best number of threads.
266  mtART+R3      5052.422     71  10246.844    10276.393    10533.363
WARNING: Number of threads seems too high for short alignments. Use -T AUTO to determine best number of threads.
276  mtART+F+G4    4929.279     87  10032.558    10078.958    10383.645
WARNING: Number of threads seems too high for short alignments. Use -T AUTO to determine best number of threads.
277  mtART+F+I+G4  4928.357     88  10032.713    10080.324    10387.836
WARNING: Number of threads seems too high for short alignments. Use -T AUTO to determine best number of threads.
279  mtART+F+R3    4912.813     90  10005.626    10055.718    10368.819
WARNING: Number of threads seems too high for short alignments. Use -T AUTO to determine best number of threads.
289  mtZOA+G4      4970.652     68  10077.304    10104.192    10351.717
WARNING: Number of threads seems too high for short alignments. Use -T AUTO to determine best number of threads.
290  mtZOA+I+G4    4969.499     69  10076.998    10104.757    10355.447
WARNING: Number of threads seems too high for short alignments. Use -T AUTO to determine best number of threads.
292  mtZOA+R3      4952.923     71  10047.845    10077.394    10334.364
WARNING: Number of threads seems too high for short alignments. Use -T AUTO to determine best number of threads.
302  mtZOA+F+G4    4854.915     87  9883.830     9930.230     10234.917
WARNING: Number of threads seems too high for short alignments. Use -T AUTO to determine best number of threads.
303  mtZOA+F+I+G4  4854.243     88  9884.487     9932.098     10239.609
WARNING: Number of threads seems too high for short alignments. Use -T AUTO to determine best number of threads.
305  mtZOA+F+R3    4842.433     90  9864.866     9914.957     10228.059
WARNING: Number of threads seems too high for short alignments. Use -T AUTO to determine best number of threads.
315  mtMet+G4      4983.109     68  10102.217    10129.105    10376.630
WARNING: Number of threads seems too high for short alignments. Use -T AUTO to determine best number of threads.
316  mtMet+I+G4    4981.660     69  10101.321    10129.079    10379.769
WARNING: Number of threads seems too high for short alignments. Use -T AUTO to determine best number of threads.
318  mtMet+R3      4967.142     71  10076.284    10105.834    10362.804
WARNING: Number of threads seems too high for short alignments. Use -T AUTO to determine best number of threads.
328  mtMet+F+G4    4834.907     87  9843.814     9890.214     10194.901
WARNING: Number of threads seems too high for short alignments. Use -T AUTO to determine best number of threads.
329  mtMet+F+I+G4  4834.607     88  9845.213     9892.824     10200.336
WARNING: Number of threads seems too high for short alignments. Use -T AUTO to determine best number of threads.
331  mtMet+F+R3    4825.171     90  9830.342     9880.434     10193.536
WARNING: Number of threads seems too high for short alignments. Use -T AUTO to determine best number of threads.
341  mtVer+G4      5065.681     68  10267.363    10294.251    10541.776
WARNING: Number of threads seems too high for short alignments. Use -T AUTO to determine best number of threads.
342  mtVer+I+G4    5064.039     69  10266.078    10293.836    10544.526
WARNING: Number of threads seems too high for short alignments. Use -T AUTO to determine best number of threads.
344  mtVer+R3      5048.891     71  10239.781    10269.330    10526.300
WARNING: Number of threads seems too high for short alignments. Use -T AUTO to determine best number of threads.
354  mtVer+F+G4    4895.005     87  9964.010     10010.410    10315.097
WARNING: Number of threads seems too high for short alignments. Use -T AUTO to determine best number of threads.
355  mtVer+F+I+G4  4893.973     88  9963.946     10011.557    10319.068
WARNING: Number of threads seems too high for short alignments. Use -T AUTO to determine best number of threads.
357  mtVer+F+R3    4883.299     90  9946.597     9996.689     10309.790
WARNING: Number of threads seems too high for short alignments. Use -T AUTO to determine best number of threads.
367  mtInv+G4      4999.876     68  10135.751    10162.640    10410.164
WARNING: Number of threads seems too high for short alignments. Use -T AUTO to determine best number of threads.
368  mtInv+I+G4    4998.487     69  10134.974    10162.733    10413.422
WARNING: Number of threads seems too high for short alignments. Use -T AUTO to determine best number of threads.
370  mtInv+R3      4984.033     71  10110.066    10139.615    10396.585
WARNING: Number of threads seems too high for short alignments. Use -T AUTO to determine best number of threads.
380  mtInv+F+G4    4826.973     87  9827.946     9874.346     10179.033
WARNING: Number of threads seems too high for short alignments. Use -T AUTO to determine best number of threads.
381  mtInv+F+I+G4  4826.571     88  9829.142     9876.753     10184.265
WARNING: Number of threads seems too high for short alignments. Use -T AUTO to determine best number of threads.
383  mtInv+F+R3    4818.389     90  9816.779     9866.871     10179.972
WARNING: Number of threads seems too high for short alignments. Use -T AUTO to determine best number of threads.
393  mtMAM+G4      5111.526     68  10359.053    10385.941    10633.466
WARNING: Number of threads seems too high for short alignments. Use -T AUTO to determine best number of threads.
394  mtMAM+I+G4    5110.639     69  10359.277    10387.036    10637.725
WARNING: Number of threads seems too high for short alignments. Use -T AUTO to determine best number of threads.
396  mtMAM+R3      5098.110     71  10338.221    10367.770    10624.740
WARNING: Number of threads seems too high for short alignments. Use -T AUTO to determine best number of threads.
406  mtMAM+F+G4    4942.243     87  10058.487    10104.887    10409.574
WARNING: Number of threads seems too high for short alignments. Use -T AUTO to determine best number of threads.
407  mtMAM+F+I+G4  4941.997     88  10059.994    10107.604    10415.116
WARNING: Number of threads seems too high for short alignments. Use -T AUTO to determine best number of threads.
409  mtMAM+F+R3    4932.028     90  10044.056    10094.148    10407.250
WARNING: Number of threads seems too high for short alignments. Use -T AUTO to determine best number of threads.
419  HIVb+G4       4937.760     68  10011.519    10038.408    10285.932
WARNING: Number of threads seems too high for short alignments. Use -T AUTO to determine best number of threads.
420  HIVb+I+G4     4936.635     69  10011.269    10039.028    10289.717
WARNING: Number of threads seems too high for short alignments. Use -T AUTO to determine best number of threads.
422  HIVb+R3       4931.247     71  10004.494    10034.043    10291.013
WARNING: Number of threads seems too high for short alignments. Use -T AUTO to determine best number of threads.
432  HIVb+F+G4     4887.097     87  9948.193     9994.593     10299.280
WARNING: Number of threads seems too high for short alignments. Use -T AUTO to determine best number of threads.
433  HIVb+F+I+G4   4886.134     88  9948.268     9995.879     10303.391
WARNING: Number of threads seems too high for short alignments. Use -T AUTO to determine best number of threads.
435  HIVb+F+R3     4880.447     90  9940.895     9990.987     10304.088
WARNING: Number of threads seems too high for short alignments. Use -T AUTO to determine best number of threads.
445  HIVw+G4       5076.510     68  10289.019    10315.907    10563.432
WARNING: Number of threads seems too high for short alignments. Use -T AUTO to determine best number of threads.
446  HIVw+I+G4     5074.718     69  10287.436    10315.195    10565.885
WARNING: Number of threads seems too high for short alignments. Use -T AUTO to determine best number of threads.
448  HIVw+R3       5071.922     71  10285.844    10315.393    10572.363
WARNING: Number of threads seems too high for short alignments. Use -T AUTO to determine best number of threads.
458  HIVw+F+G4     4994.052     87  10162.104    10208.504    10513.191
WARNING: Number of threads seems too high for short alignments. Use -T AUTO to determine best number of threads.
459  HIVw+F+I+G4   4992.568     88  10161.135    10208.746    10516.258
WARNING: Number of threads seems too high for short alignments. Use -T AUTO to determine best number of threads.
461  HIVw+F+R3     4987.028     90  10154.056    10204.148    10517.249
WARNING: Number of threads seems too high for short alignments. Use -T AUTO to determine best number of threads.
471  FLU+G4        4910.691     68  9957.382     9984.270     10231.795
WARNING: Number of threads seems too high for short alignments. Use -T AUTO to determine best number of threads.
472  FLU+I+G4      4910.205     69  9958.410     9986.168     10236.858
WARNING: Number of threads seems too high for short alignments. Use -T AUTO to determine best number of threads.
474  FLU+R3        4903.410     71  9948.821     9978.370     10235.340
WARNING: Number of threads seems too high for short alignments. Use -T AUTO to determine best number of threads.
484  FLU+F+G4      4881.315     87  9936.631     9983.031     10287.718
WARNING: Number of threads seems too high for short alignments. Use -T AUTO to determine best number of threads.
485  FLU+F+I+G4    4881.193     88  9938.386     9985.997     10293.508
WARNING: Number of threads seems too high for short alignments. Use -T AUTO to determine best number of threads.
487  FLU+F+R3      4873.963     90  9927.926     9978.017     10291.119
WARNING: Number of threads seems too high for short alignments. Use -T AUTO to determine best number of threads.
497  rtREV+G4      4939.701     68  10015.403    10042.291    10289.816
WARNING: Number of threads seems too high for short alignments. Use -T AUTO to determine best number of threads.
498  rtREV+I+G4    4939.663     69  10017.326    10045.085    10295.775
WARNING: Number of threads seems too high for short alignments. Use -T AUTO to determine best number of threads.
500  rtREV+R3      4934.118     71  10010.237    10039.786    10296.756
WARNING: Number of threads seems too high for short alignments. Use -T AUTO to determine best number of threads.
510  rtREV+F+G4    4883.267     87  9940.534     9986.934     10291.621
WARNING: Number of threads seems too high for short alignments. Use -T AUTO to determine best number of threads.
511  rtREV+F+I+G4  4883.116     88  9942.232     9989.843     10297.354
WARNING: Number of threads seems too high for short alignments. Use -T AUTO to determine best number of threads.
513  rtREV+F+R3    4877.096     90  9934.193     9984.284     10297.386
WARNING: Number of threads seems too high for short alignments. Use -T AUTO to determine best number of threads.
523  cpREV+G4      4867.250     68  9870.500     9897.388     10144.913
WARNING: Number of threads seems too high for short alignments. Use -T AUTO to determine best number of threads.
524  cpREV+I+G4    4866.154     69  9870.307     9898.066     10148.756
WARNING: Number of threads seems too high for short alignments. Use -T AUTO to determine best number of threads.
526  cpREV+R3      4859.916     71  9861.832     9891.381     10148.351
WARNING: Number of threads seems too high for short alignments. Use -T AUTO to determine best number of threads.
536  cpREV+F+G4    4872.342     87  9918.685     9965.085     10269.772
WARNING: Number of threads seems too high for short alignments. Use -T AUTO to determine best number of threads.
537  cpREV+F+I+G4  4871.385     88  9918.770     9966.381     10273.892
WARNING: Number of threads seems too high for short alignments. Use -T AUTO to determine best number of threads.
539  cpREV+F+R3    4865.340     90  9910.680     9960.772     10273.874
Akaike Information Criterion:           JTT+F+R3
Corrected Akaike Information Criterion: JTT+R3
Bayesian Information Criterion:         JTT+G4
Best-fit model: JTT+G4 chosen according to BIC

All model information printed to mafft/OG0011700_clean_align.out.model.gz
CPU time for ModelFinder: 726.659 seconds (0h:12m:6s)
Wall-clock time for ModelFinder: 30.447 seconds (0h:0m:30s)
Generating 10000 samples for ultrafast bootstrap (seed: 567212)...

NOTE: 18 MB RAM (0 GB) is required!
WARNING: Number of threads seems too high for short alignments. Use -T AUTO to determine best number of threads.
Estimate model parameters (epsilon = 0.100)
1. Initial log-likelihood: -4821.853
Optimal log-likelihood: -4821.853
Gamma shape alpha: 0.584
Parameters optimization took 1 rounds (0.021 sec)
Computing ML distances based on estimated model parameters... 0.222 sec
Computing BIONJ tree...
0.002 seconds
Log-likelihood of BIONJ tree: -4837.519
--------------------------------------------------------------------
|             INITIALIZING CANDIDATE TREE SET                      |
--------------------------------------------------------------------
Generating 98 parsimony trees... 0.555 second
Computing log-likelihood of 98 initial trees ... 1.494 seconds
Current best score: -4821.853

Do NNI search on 20 best initial trees
Estimate model parameters (epsilon = 0.100)
BETTER TREE FOUND at iteration 1: -4821.853
Estimate model parameters (epsilon = 0.100)
BETTER TREE FOUND at iteration 2: -4817.765
Iteration 10 / LogL: -4821.301 / Time: 0h:0m:4s
Iteration 20 / LogL: -4826.593 / Time: 0h:0m:6s
Finish initializing candidate tree set (11)
Current best tree score: -4817.765 / CPU time: 6.557
Number of iterations: 20
--------------------------------------------------------------------
|               OPTIMIZING CANDIDATE TREE SET                      |
--------------------------------------------------------------------
Iteration 30 / LogL: -4818.364 / Time: 0h:0m:11s (0h:0m:28s left)
Iteration 40 / LogL: -4817.766 / Time: 0h:0m:15s (0h:0m:25s left)
Iteration 50 / LogL: -4818.924 / Time: 0h:0m:20s (0h:0m:21s left)
Log-likelihood cutoff on original alignment: -4855.542
Iteration 60 / LogL: -4819.183 / Time: 0h:0m:26s (0h:0m:18s left)
Iteration 70 / LogL: -4818.364 / Time: 0h:0m:31s (0h:0m:14s left)
Iteration 80 / LogL: -4818.362 / Time: 0h:0m:36s (0h:0m:10s left)
Iteration 90 / LogL: -4820.796 / Time: 0h:0m:41s (0h:0m:5s left)
Iteration 100 / LogL: -4821.589 / Time: 0h:0m:46s (0h:0m:0s left)
Log-likelihood cutoff on original alignment: -4855.542
NOTE: Bootstrap correlation coefficient of split occurrence frequencies: 1.000
TREE SEARCH COMPLETED AFTER 103 ITERATIONS / Time: 0h:0m:49s

--------------------------------------------------------------------
|                    FINALIZING TREE SEARCH                        |
--------------------------------------------------------------------
Performs final model parameters optimization
Estimate model parameters (epsilon = 0.010)
1. Initial log-likelihood: -4817.765
Optimal log-likelihood: -4817.765
Gamma shape alpha: 0.590
Parameters optimization took 1 rounds (0.022 sec)
BEST SCORE FOUND : -4817.765
Creating bootstrap support values...
Split supports printed to NEXUS file mafft/OG0011700_clean_align.out.splits.nex
Total tree length: 1.838

Total number of iterations: 103
CPU time used for tree search: 1010.946 sec (0h:16m:50s)
Wall-clock time used for tree search: 48.878 sec (0h:0m:48s)
Total CPU time used: 1015.467 sec (0h:16m:55s)
Total wall-clock time used: 50.402 sec (0h:0m:50s)

Computing bootstrap consensus tree...
Reading input file mafft/OG0011700_clean_align.out.splits.nex...
35 taxa and 300 splits.
Consensus tree written to mafft/OG0011700_clean_align.out.contree
Reading input trees file mafft/OG0011700_clean_align.out.contree
Log-likelihood of consensus tree: -4819.751

Analysis results written to: 
  IQ-TREE report:                mafft/OG0011700_clean_align.out.iqtree
  Maximum-likelihood tree:       mafft/OG0011700_clean_align.out.treefile
  Likelihood distances:          mafft/OG0011700_clean_align.out.mldist

Ultrafast bootstrap approximation results written to:
  Split support values:          mafft/OG0011700_clean_align.out.splits.nex
  Consensus tree:                mafft/OG0011700_clean_align.out.contree
  Screen log file:               mafft/OG0011700_clean_align.out.log

Date and Time: Tue May  3 13:20:37 2022
