IQ-TREE multicore version 2.0.6 for Linux 64-bit built Jul 10 2020
Developed by Bui Quang Minh, Nguyen Lam Tung, Olga Chernomor,
Heiko Schmidt, Dominik Schrempf, Michael Woodhams.

Host:    cn-mem (AVX2, FMA3, 3023 GB RAM)
Command: iqtree2 -s mafft/OG0019583_clean_align.out -T 24 -B 10000 -m MFP
Seed:    633020 (Using SPRNG - Scalable Parallel Random Number Generator)
Time:    Tue May  3 13:21:41 2022
Kernel:  AVX+FMA - 24 threads (144 CPU cores detected)

Reading alignment file mafft/OG0019583_clean_align.out ... Fasta format detected
Alignment most likely contains protein sequences
Alignment has 8 sequences with 573 columns, 300 distinct patterns
175 parsimony-informative, 75 singleton sites, 322 constant sites
                                     Gap/Ambiguity  Composition  p-value
   1  Arabidopsis_lyrata_XP_002871968.2      9.08%    passed    100.00%
   2  Arabidopsis_lyrata_XP_020876260.1     10.30%    passed    100.00%
   3  Arabidopsis_thaliana_NP_001318615.1    9.60%    passed    100.00%
   4  Arabidopsis_thaliana_NP_001332194.1    8.38%    passed    100.00%
   5  Capsella_rubella_XP_006287498.1        8.55%    passed     99.56%
   6  Brassica_oleracea_XP_013619618.1      11.34%    passed     99.99%
   7  Brassica_rapa_XP_033141945.1           8.03%    passed     99.94%
   8  Eutrema_salsugineum_XP_006400682.1     4.19%    passed     99.65%
****  TOTAL                                  8.68%  0 sequences failed composition chi2 test (p-value<5%; df=19)


Create initial parsimony tree by phylogenetic likelihood library (PLL)... 0.000 seconds
WARNING: Number of threads seems too high for short alignments. Use -T AUTO to determine best number of threads.
Perform fast likelihood tree search using LG+I+G model...
Estimate model parameters (epsilon = 5.000)
Perform nearest neighbor interchange...
Estimate model parameters (epsilon = 1.000)
1. Initial log-likelihood: -3699.107
Optimal log-likelihood: -3699.038
Proportion of invariable sites: 0.268
Gamma shape alpha: 3.488
Parameters optimization took 1 rounds (0.009 sec)
Time for fast ML tree search: 0.046 seconds

NOTE: ModelFinder requires 16 MB RAM!
ModelFinder will test up to 546 protein models (sample size: 573) ...
 No. Model         -LnL         df  AIC          AICc         BIC
WARNING: Number of threads seems too high for short alignments. Use -T AUTO to determine best number of threads.
  1  LG            3720.387     13  7466.775     7467.426     7523.336
WARNING: Number of threads seems too high for short alignments. Use -T AUTO to determine best number of threads.
  2  LG+I          3701.326     14  7430.651     7431.404     7491.564
WARNING: Number of threads seems too high for short alignments. Use -T AUTO to determine best number of threads.
  3  LG+G4         3698.074     14  7424.149     7424.901     7485.061
WARNING: Number of threads seems too high for short alignments. Use -T AUTO to determine best number of threads.
  4  LG+I+G4       3698.978     15  7427.956     7428.817     7493.219
WARNING: Number of threads seems too high for short alignments. Use -T AUTO to determine best number of threads.
  5  LG+R2         3698.856     15  7427.712     7428.574     7492.975
WARNING: Number of threads seems too high for short alignments. Use -T AUTO to determine best number of threads.
  6  LG+R3         3698.300     17  7430.601     7431.703     7504.566
WARNING: Number of threads seems too high for short alignments. Use -T AUTO to determine best number of threads.
 15  LG+F+I        3669.102     33  7404.204     7408.368     7547.784
WARNING: Number of threads seems too high for short alignments. Use -T AUTO to determine best number of threads.
 16  LG+F+G4       3665.611     33  7397.222     7401.386     7540.802
WARNING: Number of threads seems too high for short alignments. Use -T AUTO to determine best number of threads.
 17  LG+F+I+G4     3666.618     34  7401.235     7405.659     7549.165
WARNING: Number of threads seems too high for short alignments. Use -T AUTO to determine best number of threads.
 18  LG+F+R2       3666.380     34  7400.760     7405.183     7548.690
WARNING: Number of threads seems too high for short alignments. Use -T AUTO to determine best number of threads.
 28  WAG+I         3695.872     14  7419.744     7420.497     7480.656
WARNING: Number of threads seems too high for short alignments. Use -T AUTO to determine best number of threads.
 29  WAG+G4        3693.233     14  7414.466     7415.218     7475.378
WARNING: Number of threads seems too high for short alignments. Use -T AUTO to determine best number of threads.
 30  WAG+I+G4      3694.064     15  7418.128     7418.990     7483.392
WARNING: Number of threads seems too high for short alignments. Use -T AUTO to determine best number of threads.
 31  WAG+R2        3694.051     15  7418.103     7418.964     7483.366
WARNING: Number of threads seems too high for short alignments. Use -T AUTO to determine best number of threads.
 41  WAG+F+I       3668.891     33  7403.783     7407.946     7547.362
WARNING: Number of threads seems too high for short alignments. Use -T AUTO to determine best number of threads.
 42  WAG+F+G4      3665.677     33  7397.353     7401.516     7540.932
WARNING: Number of threads seems too high for short alignments. Use -T AUTO to determine best number of threads.
 43  WAG+F+I+G4    3666.759     34  7401.518     7405.942     7549.448
WARNING: Number of threads seems too high for short alignments. Use -T AUTO to determine best number of threads.
 44  WAG+F+R2      3666.526     34  7401.051     7405.475     7548.982
WARNING: Number of threads seems too high for short alignments. Use -T AUTO to determine best number of threads.
 54  JTT+I         3629.767     14  7287.534     7288.287     7348.446
WARNING: Number of threads seems too high for short alignments. Use -T AUTO to determine best number of threads.
 55  JTT+G4        3627.934     14  7283.869     7284.621     7344.781
WARNING: Number of threads seems too high for short alignments. Use -T AUTO to determine best number of threads.
 56  JTT+I+G4      3628.524     15  7287.049     7287.911     7352.312
WARNING: Number of threads seems too high for short alignments. Use -T AUTO to determine best number of threads.
 57  JTT+R2        3628.547     15  7287.095     7287.957     7352.358
WARNING: Number of threads seems too high for short alignments. Use -T AUTO to determine best number of threads.
 67  JTT+F+I       3610.550     33  7287.100     7291.263     7430.679
WARNING: Number of threads seems too high for short alignments. Use -T AUTO to determine best number of threads.
 68  JTT+F+G4      3608.352     33  7282.703     7286.866     7426.282
WARNING: Number of threads seems too high for short alignments. Use -T AUTO to determine best number of threads.
 69  JTT+F+I+G4    3609.098     34  7286.196     7290.620     7434.126
WARNING: Number of threads seems too high for short alignments. Use -T AUTO to determine best number of threads.
 70  JTT+F+R2      3608.993     34  7285.987     7290.410     7433.917
WARNING: Number of threads seems too high for short alignments. Use -T AUTO to determine best number of threads.
 80  JTTDCMut+I    3630.767     14  7289.534     7290.287     7350.447
WARNING: Number of threads seems too high for short alignments. Use -T AUTO to determine best number of threads.
 81  JTTDCMut+G4   3628.860     14  7285.721     7286.474     7346.633
WARNING: Number of threads seems too high for short alignments. Use -T AUTO to determine best number of threads.
 82  JTTDCMut+I+G4 3629.475     15  7288.949     7289.811     7354.213
WARNING: Number of threads seems too high for short alignments. Use -T AUTO to determine best number of threads.
 83  JTTDCMut+R2   3629.433     15  7288.866     7289.727     7354.129
WARNING: Number of threads seems too high for short alignments. Use -T AUTO to determine best number of threads.
 93  JTTDCMut+F+I  3611.491     33  7288.981     7293.144     7432.560
WARNING: Number of threads seems too high for short alignments. Use -T AUTO to determine best number of threads.
 94  JTTDCMut+F+G4 3609.192     33  7284.384     7288.548     7427.963
WARNING: Number of threads seems too high for short alignments. Use -T AUTO to determine best number of threads.
 95  JTTDCMut+F+I+G4 3609.972     34  7287.945     7292.369     7435.875
WARNING: Number of threads seems too high for short alignments. Use -T AUTO to determine best number of threads.
 96  JTTDCMut+F+R2 3609.866     34  7287.732     7292.156     7435.662
WARNING: Number of threads seems too high for short alignments. Use -T AUTO to determine best number of threads.
106  DCMut+I       3701.019     14  7430.038     7430.791     7490.951
WARNING: Number of threads seems too high for short alignments. Use -T AUTO to determine best number of threads.
107  DCMut+G4      3695.845     14  7419.690     7420.443     7480.602
WARNING: Number of threads seems too high for short alignments. Use -T AUTO to determine best number of threads.
108  DCMut+I+G4    3697.251     15  7424.503     7425.365     7489.766
WARNING: Number of threads seems too high for short alignments. Use -T AUTO to determine best number of threads.
109  DCMut+R2      3696.557     15  7423.114     7423.975     7488.377
WARNING: Number of threads seems too high for short alignments. Use -T AUTO to determine best number of threads.
119  DCMut+F+I     3666.243     33  7398.485     7402.648     7542.064
WARNING: Number of threads seems too high for short alignments. Use -T AUTO to determine best number of threads.
120  DCMut+F+G4    3660.228     33  7386.457     7390.620     7530.036
WARNING: Number of threads seems too high for short alignments. Use -T AUTO to determine best number of threads.
121  DCMut+F+I+G4  3661.715     34  7391.430     7395.854     7539.360
WARNING: Number of threads seems too high for short alignments. Use -T AUTO to determine best number of threads.
122  DCMut+F+R2    3659.746     34  7387.491     7391.915     7535.421
WARNING: Number of threads seems too high for short alignments. Use -T AUTO to determine best number of threads.
132  VT+I          3687.729     14  7403.458     7404.211     7464.370
WARNING: Number of threads seems too high for short alignments. Use -T AUTO to determine best number of threads.
133  VT+G4         3686.200     14  7400.400     7401.153     7461.312
WARNING: Number of threads seems too high for short alignments. Use -T AUTO to determine best number of threads.
134  VT+I+G4       3686.775     15  7403.551     7404.412     7468.814
WARNING: Number of threads seems too high for short alignments. Use -T AUTO to determine best number of threads.
135  VT+R2         3686.675     15  7403.350     7404.212     7468.614
WARNING: Number of threads seems too high for short alignments. Use -T AUTO to determine best number of threads.
145  VT+F+I        3666.554     33  7399.109     7403.272     7542.688
WARNING: Number of threads seems too high for short alignments. Use -T AUTO to determine best number of threads.
146  VT+F+G4       3664.763     33  7395.526     7399.689     7539.105
WARNING: Number of threads seems too high for short alignments. Use -T AUTO to determine best number of threads.
147  VT+F+I+G4     3665.463     34  7398.926     7403.350     7546.856
WARNING: Number of threads seems too high for short alignments. Use -T AUTO to determine best number of threads.
148  VT+F+R2       3665.306     34  7398.612     7403.036     7546.542
WARNING: Number of threads seems too high for short alignments. Use -T AUTO to determine best number of threads.
158  PMB+I         3747.609     14  7523.218     7523.971     7584.131
WARNING: Number of threads seems too high for short alignments. Use -T AUTO to determine best number of threads.
159  PMB+G4        3745.603     14  7519.205     7519.958     7580.118
WARNING: Number of threads seems too high for short alignments. Use -T AUTO to determine best number of threads.
160  PMB+I+G4      3746.218     15  7522.436     7523.298     7587.699
WARNING: Number of threads seems too high for short alignments. Use -T AUTO to determine best number of threads.
161  PMB+R2        3746.311     15  7522.622     7523.484     7587.885
WARNING: Number of threads seems too high for short alignments. Use -T AUTO to determine best number of threads.
171  PMB+F+I       3718.791     33  7503.581     7507.744     7647.160
WARNING: Number of threads seems too high for short alignments. Use -T AUTO to determine best number of threads.
172  PMB+F+G4      3716.450     33  7498.900     7503.064     7642.480
WARNING: Number of threads seems too high for short alignments. Use -T AUTO to determine best number of threads.
173  PMB+F+I+G4    3717.208     34  7502.416     7506.840     7650.346
WARNING: Number of threads seems too high for short alignments. Use -T AUTO to determine best number of threads.
174  PMB+F+R2      3717.243     34  7502.486     7506.910     7650.416
WARNING: Number of threads seems too high for short alignments. Use -T AUTO to determine best number of threads.
184  Blosum62+I    3756.554     14  7541.109     7541.861     7602.021
WARNING: Number of threads seems too high for short alignments. Use -T AUTO to determine best number of threads.
185  Blosum62+G4   3753.982     14  7535.964     7536.717     7596.876
WARNING: Number of threads seems too high for short alignments. Use -T AUTO to determine best number of threads.
186  Blosum62+I+G4 3754.793     15  7539.585     7540.447     7604.849
WARNING: Number of threads seems too high for short alignments. Use -T AUTO to determine best number of threads.
187  Blosum62+R2   3754.707     15  7539.415     7540.277     7604.678
WARNING: Number of threads seems too high for short alignments. Use -T AUTO to determine best number of threads.
197  Blosum62+F+I  3725.591     33  7517.183     7521.346     7660.762
WARNING: Number of threads seems too high for short alignments. Use -T AUTO to determine best number of threads.
198  Blosum62+F+G4 3722.742     33  7511.483     7515.646     7655.062
WARNING: Number of threads seems too high for short alignments. Use -T AUTO to determine best number of threads.
199  Blosum62+F+I+G4 3723.670     34  7515.339     7519.763     7663.270
WARNING: Number of threads seems too high for short alignments. Use -T AUTO to determine best number of threads.
200  Blosum62+F+R2 3723.518     34  7515.037     7519.461     7662.967
WARNING: Number of threads seems too high for short alignments. Use -T AUTO to determine best number of threads.
210  Dayhoff+I     3700.903     14  7429.805     7430.558     7490.718
WARNING: Number of threads seems too high for short alignments. Use -T AUTO to determine best number of threads.
211  Dayhoff+G4    3695.674     14  7419.349     7420.102     7480.261
WARNING: Number of threads seems too high for short alignments. Use -T AUTO to determine best number of threads.
212  Dayhoff+I+G4  3697.087     15  7424.174     7425.035     7489.437
WARNING: Number of threads seems too high for short alignments. Use -T AUTO to determine best number of threads.
213  Dayhoff+R2    3696.382     15  7422.764     7423.626     7488.027
WARNING: Number of threads seems too high for short alignments. Use -T AUTO to determine best number of threads.
223  Dayhoff+F+I   3666.212     33  7398.423     7402.586     7542.002
WARNING: Number of threads seems too high for short alignments. Use -T AUTO to determine best number of threads.
224  Dayhoff+F+G4  3660.137     33  7386.273     7390.437     7529.853
WARNING: Number of threads seems too high for short alignments. Use -T AUTO to determine best number of threads.
225  Dayhoff+F+I+G4 3661.628     34  7391.256     7395.680     7539.186
WARNING: Number of threads seems too high for short alignments. Use -T AUTO to determine best number of threads.
226  Dayhoff+F+R2  3659.533     34  7387.066     7391.490     7534.997
WARNING: Number of threads seems too high for short alignments. Use -T AUTO to determine best number of threads.
236  mtREV+I       3825.498     14  7678.996     7679.749     7739.908
WARNING: Number of threads seems too high for short alignments. Use -T AUTO to determine best number of threads.
237  mtREV+G4      3815.059     14  7658.119     7658.872     7719.031
WARNING: Number of threads seems too high for short alignments. Use -T AUTO to determine best number of threads.
238  mtREV+I+G4    3816.489     15  7662.978     7663.840     7728.242
WARNING: Number of threads seems too high for short alignments. Use -T AUTO to determine best number of threads.
239  mtREV+R2      3814.242     15  7658.484     7659.346     7723.747
WARNING: Number of threads seems too high for short alignments. Use -T AUTO to determine best number of threads.
249  mtREV+F+I     3681.104     33  7428.209     7432.372     7571.788
WARNING: Number of threads seems too high for short alignments. Use -T AUTO to determine best number of threads.
250  mtREV+F+G4    3672.865     33  7411.730     7415.893     7555.309
WARNING: Number of threads seems too high for short alignments. Use -T AUTO to determine best number of threads.
251  mtREV+F+I+G4  3674.299     34  7416.597     7421.021     7564.527
WARNING: Number of threads seems too high for short alignments. Use -T AUTO to determine best number of threads.
252  mtREV+F+R2    3671.341     34  7410.683     7415.106     7558.613
WARNING: Number of threads seems too high for short alignments. Use -T AUTO to determine best number of threads.
262  mtART+I       3909.364     14  7846.728     7847.480     7907.640
WARNING: Number of threads seems too high for short alignments. Use -T AUTO to determine best number of threads.
263  mtART+G4      3886.622     14  7801.245     7801.997     7862.157
WARNING: Number of threads seems too high for short alignments. Use -T AUTO to determine best number of threads.
264  mtART+I+G4    3887.835     15  7805.670     7806.532     7870.933
WARNING: Number of threads seems too high for short alignments. Use -T AUTO to determine best number of threads.
265  mtART+R2      3886.886     15  7803.772     7804.633     7869.035
WARNING: Number of threads seems too high for short alignments. Use -T AUTO to determine best number of threads.
275  mtART+F+I     3738.107     33  7542.214     7546.377     7685.793
WARNING: Number of threads seems too high for short alignments. Use -T AUTO to determine best number of threads.
276  mtART+F+G4    3722.745     33  7511.491     7515.654     7655.070
WARNING: Number of threads seems too high for short alignments. Use -T AUTO to determine best number of threads.
277  mtART+F+I+G4  3724.072     34  7516.143     7520.567     7664.073
WARNING: Number of threads seems too high for short alignments. Use -T AUTO to determine best number of threads.
278  mtART+F+R2    3719.332     34  7506.665     7511.088     7654.595
WARNING: Number of threads seems too high for short alignments. Use -T AUTO to determine best number of threads.
288  mtZOA+I       3833.456     14  7694.912     7695.665     7755.824
WARNING: Number of threads seems too high for short alignments. Use -T AUTO to determine best number of threads.
289  mtZOA+G4      3822.444     14  7672.889     7673.642     7733.801
WARNING: Number of threads seems too high for short alignments. Use -T AUTO to determine best number of threads.
290  mtZOA+I+G4    3823.644     15  7677.288     7678.150     7742.551
WARNING: Number of threads seems too high for short alignments. Use -T AUTO to determine best number of threads.
291  mtZOA+R2      3823.146     15  7676.291     7677.153     7741.554
WARNING: Number of threads seems too high for short alignments. Use -T AUTO to determine best number of threads.
301  mtZOA+F+I     3687.192     33  7440.383     7444.547     7583.963
WARNING: Number of threads seems too high for short alignments. Use -T AUTO to determine best number of threads.
302  mtZOA+F+G4    3679.767     33  7425.535     7429.698     7569.114
WARNING: Number of threads seems too high for short alignments. Use -T AUTO to determine best number of threads.
303  mtZOA+F+I+G4  3681.060     34  7430.120     7434.544     7578.050
WARNING: Number of threads seems too high for short alignments. Use -T AUTO to determine best number of threads.
304  mtZOA+F+R2    3679.117     34  7426.234     7430.657     7574.164
WARNING: Number of threads seems too high for short alignments. Use -T AUTO to determine best number of threads.
314  mtMet+I       3795.884     14  7619.769     7620.521     7680.681
WARNING: Number of threads seems too high for short alignments. Use -T AUTO to determine best number of threads.
315  mtMet+G4      3791.668     14  7611.335     7612.088     7672.248
WARNING: Number of threads seems too high for short alignments. Use -T AUTO to determine best number of threads.
316  mtMet+I+G4    3792.513     15  7615.025     7615.887     7680.289
WARNING: Number of threads seems too high for short alignments. Use -T AUTO to determine best number of threads.
317  mtMet+R2      3792.100     15  7614.200     7615.062     7679.464
WARNING: Number of threads seems too high for short alignments. Use -T AUTO to determine best number of threads.
327  mtMet+F+I     3625.393     33  7316.785     7320.949     7460.365
WARNING: Number of threads seems too high for short alignments. Use -T AUTO to determine best number of threads.
328  mtMet+F+G4    3622.337     33  7310.674     7314.838     7454.254
WARNING: Number of threads seems too high for short alignments. Use -T AUTO to determine best number of threads.
329  mtMet+F+I+G4  3623.242     34  7314.483     7318.907     7462.414
WARNING: Number of threads seems too high for short alignments. Use -T AUTO to determine best number of threads.
330  mtMet+F+R2    3623.135     34  7314.271     7318.695     7462.201
WARNING: Number of threads seems too high for short alignments. Use -T AUTO to determine best number of threads.
340  mtVer+I       3801.102     14  7630.203     7630.956     7691.116
WARNING: Number of threads seems too high for short alignments. Use -T AUTO to determine best number of threads.
341  mtVer+G4      3793.677     14  7615.354     7616.107     7676.267
WARNING: Number of threads seems too high for short alignments. Use -T AUTO to determine best number of threads.
342  mtVer+I+G4    3794.706     15  7619.412     7620.274     7684.676
WARNING: Number of threads seems too high for short alignments. Use -T AUTO to determine best number of threads.
343  mtVer+R2      3794.320     15  7618.640     7619.502     7683.904
WARNING: Number of threads seems too high for short alignments. Use -T AUTO to determine best number of threads.
353  mtVer+F+I     3641.977     33  7349.955     7354.118     7493.534
WARNING: Number of threads seems too high for short alignments. Use -T AUTO to determine best number of threads.
354  mtVer+F+G4    3636.981     33  7339.963     7344.126     7483.542
WARNING: Number of threads seems too high for short alignments. Use -T AUTO to determine best number of threads.
355  mtVer+F+I+G4  3638.099     34  7344.198     7348.622     7492.128
WARNING: Number of threads seems too high for short alignments. Use -T AUTO to determine best number of threads.
356  mtVer+F+R2    3637.890     34  7343.781     7348.205     7491.711
WARNING: Number of threads seems too high for short alignments. Use -T AUTO to determine best number of threads.
366  mtInv+I       3860.375     14  7748.750     7749.503     7809.662
WARNING: Number of threads seems too high for short alignments. Use -T AUTO to determine best number of threads.
367  mtInv+G4      3857.344     14  7742.688     7743.441     7803.600
WARNING: Number of threads seems too high for short alignments. Use -T AUTO to determine best number of threads.
368  mtInv+I+G4    3857.993     15  7745.986     7746.848     7811.249
WARNING: Number of threads seems too high for short alignments. Use -T AUTO to determine best number of threads.
369  mtInv+R2      3857.716     15  7745.431     7746.293     7810.695
WARNING: Number of threads seems too high for short alignments. Use -T AUTO to determine best number of threads.
379  mtInv+F+I     3642.963     33  7351.925     7356.088     7495.504
WARNING: Number of threads seems too high for short alignments. Use -T AUTO to determine best number of threads.
380  mtInv+F+G4    3639.857     33  7345.714     7349.877     7489.293
WARNING: Number of threads seems too high for short alignments. Use -T AUTO to determine best number of threads.
381  mtInv+F+I+G4  3640.831     34  7349.662     7354.086     7497.592
WARNING: Number of threads seems too high for short alignments. Use -T AUTO to determine best number of threads.
382  mtInv+F+R2    3640.618     34  7349.236     7353.660     7497.166
WARNING: Number of threads seems too high for short alignments. Use -T AUTO to determine best number of threads.
392  mtMAM+I       3855.552     14  7739.105     7739.857     7800.017
WARNING: Number of threads seems too high for short alignments. Use -T AUTO to determine best number of threads.
393  mtMAM+G4      3832.309     14  7692.619     7693.371     7753.531
WARNING: Number of threads seems too high for short alignments. Use -T AUTO to determine best number of threads.
394  mtMAM+I+G4    3833.751     15  7697.502     7698.364     7762.765
WARNING: Number of threads seems too high for short alignments. Use -T AUTO to determine best number of threads.
395  mtMAM+R2      3832.596     15  7695.193     7696.055     7760.456
WARNING: Number of threads seems too high for short alignments. Use -T AUTO to determine best number of threads.
405  mtMAM+F+I     3690.017     33  7446.033     7450.197     7589.612
WARNING: Number of threads seems too high for short alignments. Use -T AUTO to determine best number of threads.
406  mtMAM+F+G4    3677.263     33  7420.526     7424.690     7564.105
WARNING: Number of threads seems too high for short alignments. Use -T AUTO to determine best number of threads.
407  mtMAM+F+I+G4  3678.633     34  7425.267     7429.690     7573.197
WARNING: Number of threads seems too high for short alignments. Use -T AUTO to determine best number of threads.
408  mtMAM+F+R2    3674.958     34  7417.916     7422.340     7565.846
WARNING: Number of threads seems too high for short alignments. Use -T AUTO to determine best number of threads.
418  HIVb+I        3643.990     14  7315.979     7316.732     7376.891
WARNING: Number of threads seems too high for short alignments. Use -T AUTO to determine best number of threads.
419  HIVb+G4       3639.984     14  7307.968     7308.721     7368.881
WARNING: Number of threads seems too high for short alignments. Use -T AUTO to determine best number of threads.
420  HIVb+I+G4     3640.508     15  7311.015     7311.877     7376.279
WARNING: Number of threads seems too high for short alignments. Use -T AUTO to determine best number of threads.
421  HIVb+R2       3640.640     15  7311.280     7312.142     7376.543
WARNING: Number of threads seems too high for short alignments. Use -T AUTO to determine best number of threads.
431  HIVb+F+I      3610.413     33  7286.826     7290.989     7430.405
WARNING: Number of threads seems too high for short alignments. Use -T AUTO to determine best number of threads.
432  HIVb+F+G4     3605.758     33  7277.517     7281.680     7421.096
WARNING: Number of threads seems too high for short alignments. Use -T AUTO to determine best number of threads.
433  HIVb+F+I+G4   3606.419     34  7280.838     7285.262     7428.768
WARNING: Number of threads seems too high for short alignments. Use -T AUTO to determine best number of threads.
434  HIVb+F+R2     3606.333     34  7280.666     7285.089     7428.596
WARNING: Number of threads seems too high for short alignments. Use -T AUTO to determine best number of threads.
444  HIVw+I        3742.085     14  7512.169     7512.922     7573.082
WARNING: Number of threads seems too high for short alignments. Use -T AUTO to determine best number of threads.
445  HIVw+G4       3734.755     14  7497.510     7498.262     7558.422
WARNING: Number of threads seems too high for short alignments. Use -T AUTO to determine best number of threads.
446  HIVw+I+G4     3735.730     15  7501.460     7502.322     7566.724
WARNING: Number of threads seems too high for short alignments. Use -T AUTO to determine best number of threads.
447  HIVw+R2       3734.939     15  7499.879     7500.741     7565.142
WARNING: Number of threads seems too high for short alignments. Use -T AUTO to determine best number of threads.
457  HIVw+F+I      3673.671     33  7413.342     7417.505     7556.921
WARNING: Number of threads seems too high for short alignments. Use -T AUTO to determine best number of threads.
458  HIVw+F+G4     3666.318     33  7398.636     7402.799     7542.215
WARNING: Number of threads seems too high for short alignments. Use -T AUTO to determine best number of threads.
459  HIVw+F+I+G4   3667.260     34  7402.520     7406.944     7550.450
WARNING: Number of threads seems too high for short alignments. Use -T AUTO to determine best number of threads.
460  HIVw+F+R2     3666.251     34  7400.501     7404.925     7548.431
WARNING: Number of threads seems too high for short alignments. Use -T AUTO to determine best number of threads.
470  FLU+I         3686.571     14  7401.142     7401.895     7462.054
WARNING: Number of threads seems too high for short alignments. Use -T AUTO to determine best number of threads.
471  FLU+G4        3681.628     14  7391.256     7392.009     7452.169
WARNING: Number of threads seems too high for short alignments. Use -T AUTO to determine best number of threads.
472  FLU+I+G4      3682.281     15  7394.563     7395.425     7459.826
WARNING: Number of threads seems too high for short alignments. Use -T AUTO to determine best number of threads.
473  FLU+R2        3682.594     15  7395.189     7396.050     7460.452
WARNING: Number of threads seems too high for short alignments. Use -T AUTO to determine best number of threads.
483  FLU+F+I       3654.411     33  7374.822     7378.985     7518.401
WARNING: Number of threads seems too high for short alignments. Use -T AUTO to determine best number of threads.
484  FLU+F+G4      3649.469     33  7364.939     7369.102     7508.518
WARNING: Number of threads seems too high for short alignments. Use -T AUTO to determine best number of threads.
485  FLU+F+I+G4    3650.097     34  7368.194     7372.618     7516.124
WARNING: Number of threads seems too high for short alignments. Use -T AUTO to determine best number of threads.
486  FLU+F+R2      3650.179     34  7368.358     7372.782     7516.288
WARNING: Number of threads seems too high for short alignments. Use -T AUTO to determine best number of threads.
496  rtREV+I       3733.472     14  7494.944     7495.697     7555.856
WARNING: Number of threads seems too high for short alignments. Use -T AUTO to determine best number of threads.
497  rtREV+G4      3730.794     14  7489.588     7490.341     7550.500
WARNING: Number of threads seems too high for short alignments. Use -T AUTO to determine best number of threads.
498  rtREV+I+G4    3731.336     15  7492.672     7493.534     7557.935
WARNING: Number of threads seems too high for short alignments. Use -T AUTO to determine best number of threads.
499  rtREV+R2      3731.694     15  7493.388     7494.250     7558.651
WARNING: Number of threads seems too high for short alignments. Use -T AUTO to determine best number of threads.
509  rtREV+F+I     3687.976     33  7441.951     7446.115     7585.530
WARNING: Number of threads seems too high for short alignments. Use -T AUTO to determine best number of threads.
510  rtREV+F+G4    3685.177     33  7436.354     7440.518     7579.934
WARNING: Number of threads seems too high for short alignments. Use -T AUTO to determine best number of threads.
511  rtREV+F+I+G4  3685.896     34  7439.791     7444.215     7587.721
WARNING: Number of threads seems too high for short alignments. Use -T AUTO to determine best number of threads.
512  rtREV+F+R2    3686.004     34  7440.008     7444.432     7587.938
WARNING: Number of threads seems too high for short alignments. Use -T AUTO to determine best number of threads.
522  cpREV+I       3714.464     14  7456.928     7457.680     7517.840
WARNING: Number of threads seems too high for short alignments. Use -T AUTO to determine best number of threads.
523  cpREV+G4      3710.028     14  7448.056     7448.809     7508.968
WARNING: Number of threads seems too high for short alignments. Use -T AUTO to determine best number of threads.
524  cpREV+I+G4    3711.038     15  7452.075     7452.937     7517.338
WARNING: Number of threads seems too high for short alignments. Use -T AUTO to determine best number of threads.
525  cpREV+R2      3710.698     15  7451.396     7452.257     7516.659
WARNING: Number of threads seems too high for short alignments. Use -T AUTO to determine best number of threads.
535  cpREV+F+I     3682.470     33  7430.941     7435.104     7574.520
WARNING: Number of threads seems too high for short alignments. Use -T AUTO to determine best number of threads.
536  cpREV+F+G4    3675.914     33  7417.828     7421.992     7561.408
WARNING: Number of threads seems too high for short alignments. Use -T AUTO to determine best number of threads.
537  cpREV+F+I+G4  3677.205     34  7422.409     7426.833     7570.339
WARNING: Number of threads seems too high for short alignments. Use -T AUTO to determine best number of threads.
538  cpREV+F+R2    3676.170     34  7420.340     7424.764     7568.270
Akaike Information Criterion:           HIVb+F+G4
Corrected Akaike Information Criterion: HIVb+F+G4
Bayesian Information Criterion:         JTT+G4
Best-fit model: JTT+G4 chosen according to BIC

All model information printed to mafft/OG0019583_clean_align.out.model.gz
CPU time for ModelFinder: 107.363 seconds (0h:1m:47s)
Wall-clock time for ModelFinder: 4.507 seconds (0h:0m:4s)
Generating 10000 samples for ultrafast bootstrap (seed: 633020)...

NOTE: 13 MB RAM (0 GB) is required!
WARNING: Number of threads seems too high for short alignments. Use -T AUTO to determine best number of threads.
Estimate model parameters (epsilon = 0.100)
1. Initial log-likelihood: -3627.934
Optimal log-likelihood: -3627.934
Gamma shape alpha: 1.132
Parameters optimization took 1 rounds (0.005 sec)
Computing ML distances based on estimated model parameters... 0.021 sec
Computing BIONJ tree...
0.001 seconds
Log-likelihood of BIONJ tree: -3627.937
--------------------------------------------------------------------
|             INITIALIZING CANDIDATE TREE SET                      |
--------------------------------------------------------------------
Generating 99 parsimony trees... 0.057 second
Computing log-likelihood of 46 initial trees ... 0.223 seconds
Current best score: -3627.934

Do NNI search on 20 best initial trees
Estimate model parameters (epsilon = 0.100)
BETTER TREE FOUND at iteration 1: -3627.934
Iteration 10 / LogL: -3628.448 / Time: 0h:0m:0s
Iteration 20 / LogL: -3628.167 / Time: 0h:0m:1s
Finish initializing candidate tree set (1)
Current best tree score: -3627.934 / CPU time: 1.115
Number of iterations: 20
--------------------------------------------------------------------
|               OPTIMIZING CANDIDATE TREE SET                      |
--------------------------------------------------------------------
Iteration 30 / LogL: -3628.234 / Time: 0h:0m:2s (0h:0m:5s left)
Iteration 40 / LogL: -3628.005 / Time: 0h:0m:2s (0h:0m:4s left)
Iteration 50 / LogL: -3628.162 / Time: 0h:0m:3s (0h:0m:3s left)
Log-likelihood cutoff on original alignment: -3666.456
Iteration 60 / LogL: -3627.934 / Time: 0h:0m:4s (0h:0m:3s left)
UPDATE BEST LOG-LIKELIHOOD: -3627.934
Iteration 70 / LogL: -3627.945 / Time: 0h:0m:5s (0h:0m:2s left)
Iteration 80 / LogL: -3627.934 / Time: 0h:0m:6s (0h:0m:1s left)
Iteration 90 / LogL: -3627.951 / Time: 0h:0m:7s (0h:0m:0s left)
Iteration 100 / LogL: -3628.021 / Time: 0h:0m:8s (0h:0m:0s left)
Log-likelihood cutoff on original alignment: -3666.456
NOTE: Bootstrap correlation coefficient of split occurrence frequencies: 1.000
TREE SEARCH COMPLETED AFTER 102 ITERATIONS / Time: 0h:0m:8s

--------------------------------------------------------------------
|                    FINALIZING TREE SEARCH                        |
--------------------------------------------------------------------
Performs final model parameters optimization
Estimate model parameters (epsilon = 0.010)
1. Initial log-likelihood: -3627.934
Optimal log-likelihood: -3627.934
Gamma shape alpha: 1.132
Parameters optimization took 1 rounds (0.007 sec)
BEST SCORE FOUND : -3627.934
Creating bootstrap support values...
Split supports printed to NEXUS file mafft/OG0019583_clean_align.out.splits.nex
Total tree length: 0.872

Total number of iterations: 102
CPU time used for tree search: 103.403 sec (0h:1m:43s)
Wall-clock time used for tree search: 8.530 sec (0h:0m:8s)
Total CPU time used: 104.551 sec (0h:1m:44s)
Total wall-clock time used: 9.055 sec (0h:0m:9s)

Computing bootstrap consensus tree...
Reading input file mafft/OG0019583_clean_align.out.splits.nex...
8 taxa and 15 splits.
Consensus tree written to mafft/OG0019583_clean_align.out.contree
Reading input trees file mafft/OG0019583_clean_align.out.contree
Log-likelihood of consensus tree: -3627.937

Analysis results written to: 
  IQ-TREE report:                mafft/OG0019583_clean_align.out.iqtree
  Maximum-likelihood tree:       mafft/OG0019583_clean_align.out.treefile
  Likelihood distances:          mafft/OG0019583_clean_align.out.mldist

Ultrafast bootstrap approximation results written to:
  Split support values:          mafft/OG0019583_clean_align.out.splits.nex
  Consensus tree:                mafft/OG0019583_clean_align.out.contree
  Screen log file:               mafft/OG0019583_clean_align.out.log

Date and Time: Tue May  3 13:21:55 2022
